[3.201s] Invoking command in '/home/robotica/Desktop/Taller2/src/mi_robot_2': PYTHONPATH=/home/robotica/Desktop/Taller2/src/build/mi_robot_2/prefix_override:/home/robotica/Desktop/Taller2/src/install/mi_robot_2/lib/python3.10/site-packages:${PYTHONPATH} /usr/bin/python3 setup.py egg_info --egg-base ../build/mi_robot_2 build --build-base /home/robotica/Desktop/Taller2/src/build/mi_robot_2/build install --record /home/robotica/Desktop/Taller2/src/build/mi_robot_2/install.log --single-version-externally-managed
[4.340s] running egg_info
[4.343s] creating ../build/mi_robot_2/mi_robot_2.egg-info
[4.346s] writing ../build/mi_robot_2/mi_robot_2.egg-info/PKG-INFO
[4.349s] writing dependency_links to ../build/mi_robot_2/mi_robot_2.egg-info/dependency_links.txt
[4.351s] writing entry points to ../build/mi_robot_2/mi_robot_2.egg-info/entry_points.txt
[4.354s] writing requirements to ../build/mi_robot_2/mi_robot_2.egg-info/requires.txt
[4.354s] writing top-level names to ../build/mi_robot_2/mi_robot_2.egg-info/top_level.txt
[4.355s] writing manifest file '../build/mi_robot_2/mi_robot_2.egg-info/SOURCES.txt'
[4.364s] reading manifest file '../build/mi_robot_2/mi_robot_2.egg-info/SOURCES.txt'
[4.367s] writing manifest file '../build/mi_robot_2/mi_robot_2.egg-info/SOURCES.txt'
[4.368s] running build
[4.370s] running build_py
[4.371s] creating /home/robotica/Desktop/Taller2/src/build/mi_robot_2/build
[4.371s] creating /home/robotica/Desktop/Taller2/src/build/mi_robot_2/build/lib
[4.371s] creating /home/robotica/Desktop/Taller2/src/build/mi_robot_2/build/lib/mi_robot_2
[4.372s] copying mi_robot_2/nodo_prueba.py -> /home/robotica/Desktop/Taller2/src/build/mi_robot_2/build/lib/mi_robot_2
[4.372s] copying mi_robot_2/__init__.py -> /home/robotica/Desktop/Taller2/src/build/mi_robot_2/build/lib/mi_robot_2
[4.373s] copying mi_robot_2/robot_teleop.py -> /home/robotica/Desktop/Taller2/src/build/mi_robot_2/build/lib/mi_robot_2
[4.374s] running install
[4.377s] /usr/lib/python3/dist-packages/setuptools/command/install.py:34: SetuptoolsDeprecationWarning: setup.py install is deprecated. Use build and pip and other standards-based tools.
[4.388s]   warnings.warn(
[4.390s] running install_lib
[4.396s] creating /home/robotica/Desktop/Taller2/src/install/mi_robot_2/lib/python3.10/site-packages/mi_robot_2
[4.396s] copying /home/robotica/Desktop/Taller2/src/build/mi_robot_2/build/lib/mi_robot_2/nodo_prueba.py -> /home/robotica/Desktop/Taller2/src/install/mi_robot_2/lib/python3.10/site-packages/mi_robot_2
[4.397s] copying /home/robotica/Desktop/Taller2/src/build/mi_robot_2/build/lib/mi_robot_2/__init__.py -> /home/robotica/Desktop/Taller2/src/install/mi_robot_2/lib/python3.10/site-packages/mi_robot_2
[4.397s] copying /home/robotica/Desktop/Taller2/src/build/mi_robot_2/build/lib/mi_robot_2/robot_teleop.py -> /home/robotica/Desktop/Taller2/src/install/mi_robot_2/lib/python3.10/site-packages/mi_robot_2
[4.399s] byte-compiling /home/robotica/Desktop/Taller2/src/install/mi_robot_2/lib/python3.10/site-packages/mi_robot_2/nodo_prueba.py to nodo_prueba.cpython-310.pyc
[4.404s] byte-compiling /home/robotica/Desktop/Taller2/src/install/mi_robot_2/lib/python3.10/site-packages/mi_robot_2/__init__.py to __init__.cpython-310.pyc
[4.406s] byte-compiling /home/robotica/Desktop/Taller2/src/install/mi_robot_2/lib/python3.10/site-packages/mi_robot_2/robot_teleop.py to robot_teleop.cpython-310.pyc
[4.413s] running install_data
[4.416s] creating /home/robotica/Desktop/Taller2/src/install/mi_robot_2/share/ament_index
[4.416s] creating /home/robotica/Desktop/Taller2/src/install/mi_robot_2/share/ament_index/resource_index
[4.417s] creating /home/robotica/Desktop/Taller2/src/install/mi_robot_2/share/ament_index/resource_index/packages
[4.417s] copying resource/mi_robot_2 -> /home/robotica/Desktop/Taller2/src/install/mi_robot_2/share/ament_index/resource_index/packages
[4.419s] copying package.xml -> /home/robotica/Desktop/Taller2/src/install/mi_robot_2/share/mi_robot_2
[4.420s] running install_egg_info
[4.425s] Copying ../build/mi_robot_2/mi_robot_2.egg-info to /home/robotica/Desktop/Taller2/src/install/mi_robot_2/lib/python3.10/site-packages/mi_robot_2-0.0.0-py3.10.egg-info
[4.432s] running install_scripts
[4.523s] Installing nodo_prueba script to /home/robotica/Desktop/Taller2/src/install/mi_robot_2/lib/mi_robot_2
[4.529s] Installing robot_teleop script to /home/robotica/Desktop/Taller2/src/install/mi_robot_2/lib/mi_robot_2
[4.535s] writing list of installed files to '/home/robotica/Desktop/Taller2/src/build/mi_robot_2/install.log'
[4.651s] Invoked command in '/home/robotica/Desktop/Taller2/src/mi_robot_2' returned '0': PYTHONPATH=/home/robotica/Desktop/Taller2/src/build/mi_robot_2/prefix_override:/home/robotica/Desktop/Taller2/src/install/mi_robot_2/lib/python3.10/site-packages:${PYTHONPATH} /usr/bin/python3 setup.py egg_info --egg-base ../build/mi_robot_2 build --build-base /home/robotica/Desktop/Taller2/src/build/mi_robot_2/build install --record /home/robotica/Desktop/Taller2/src/build/mi_robot_2/install.log --single-version-externally-managed
