[1.883s] Invoking command in '/home/robotica/Desktop/Taller2/src/mi_robot_2': PYTHONPATH=/home/robotica/Desktop/Taller2/src/mi_robot_2/build/mi_robot_2/prefix_override:/home/robotica/Desktop/Taller2/src/mi_robot_2/install/mi_robot_2/lib/python3.10/site-packages:${PYTHONPATH} /usr/bin/python3 setup.py egg_info --egg-base build/mi_robot_2 build --build-base /home/robotica/Desktop/Taller2/src/mi_robot_2/build/mi_robot_2/build install --record /home/robotica/Desktop/Taller2/src/mi_robot_2/build/mi_robot_2/install.log --single-version-externally-managed
[2.594s] running egg_info
[2.597s] creating build/mi_robot_2/mi_robot_2.egg-info
[2.599s] writing build/mi_robot_2/mi_robot_2.egg-info/PKG-INFO
[2.602s] writing dependency_links to build/mi_robot_2/mi_robot_2.egg-info/dependency_links.txt
[2.604s] writing entry points to build/mi_robot_2/mi_robot_2.egg-info/entry_points.txt
[2.605s] writing requirements to build/mi_robot_2/mi_robot_2.egg-info/requires.txt
[2.606s] writing top-level names to build/mi_robot_2/mi_robot_2.egg-info/top_level.txt
[2.610s] writing manifest file 'build/mi_robot_2/mi_robot_2.egg-info/SOURCES.txt'
[2.614s] reading manifest file 'build/mi_robot_2/mi_robot_2.egg-info/SOURCES.txt'
[2.619s] writing manifest file 'build/mi_robot_2/mi_robot_2.egg-info/SOURCES.txt'
[2.620s] running build
[2.623s] running build_py
[2.624s] creating /home/robotica/Desktop/Taller2/src/mi_robot_2/build/mi_robot_2/build
[2.625s] creating /home/robotica/Desktop/Taller2/src/mi_robot_2/build/mi_robot_2/build/lib
[2.625s] creating /home/robotica/Desktop/Taller2/src/mi_robot_2/build/mi_robot_2/build/lib/mi_robot_2
[2.626s] copying mi_robot_2/nodo_prueba.py -> /home/robotica/Desktop/Taller2/src/mi_robot_2/build/mi_robot_2/build/lib/mi_robot_2
[2.626s] copying mi_robot_2/__init__.py -> /home/robotica/Desktop/Taller2/src/mi_robot_2/build/mi_robot_2/build/lib/mi_robot_2
[2.630s] copying mi_robot_2/robot_teleop.py -> /home/robotica/Desktop/Taller2/src/mi_robot_2/build/mi_robot_2/build/lib/mi_robot_2
[2.631s] running install
[2.631s] /usr/lib/python3/dist-packages/setuptools/command/install.py:34: SetuptoolsDeprecationWarning: setup.py install is deprecated. Use build and pip and other standards-based tools.
[2.632s]   warnings.warn(
[2.633s] running install_lib
[2.635s] creating /home/robotica/Desktop/Taller2/src/mi_robot_2/install/mi_robot_2/lib/python3.10/site-packages/mi_robot_2
[2.639s] copying /home/robotica/Desktop/Taller2/src/mi_robot_2/build/mi_robot_2/build/lib/mi_robot_2/nodo_prueba.py -> /home/robotica/Desktop/Taller2/src/mi_robot_2/install/mi_robot_2/lib/python3.10/site-packages/mi_robot_2
[2.639s] copying /home/robotica/Desktop/Taller2/src/mi_robot_2/build/mi_robot_2/build/lib/mi_robot_2/__init__.py -> /home/robotica/Desktop/Taller2/src/mi_robot_2/install/mi_robot_2/lib/python3.10/site-packages/mi_robot_2
[2.640s] copying /home/robotica/Desktop/Taller2/src/mi_robot_2/build/mi_robot_2/build/lib/mi_robot_2/robot_teleop.py -> /home/robotica/Desktop/Taller2/src/mi_robot_2/install/mi_robot_2/lib/python3.10/site-packages/mi_robot_2
[2.641s] byte-compiling /home/robotica/Desktop/Taller2/src/mi_robot_2/install/mi_robot_2/lib/python3.10/site-packages/mi_robot_2/nodo_prueba.py to nodo_prueba.cpython-310.pyc
[2.642s] byte-compiling /home/robotica/Desktop/Taller2/src/mi_robot_2/install/mi_robot_2/lib/python3.10/site-packages/mi_robot_2/__init__.py to __init__.cpython-310.pyc
[2.643s] byte-compiling /home/robotica/Desktop/Taller2/src/mi_robot_2/install/mi_robot_2/lib/python3.10/site-packages/mi_robot_2/robot_teleop.py to robot_teleop.cpython-310.pyc
[2.657s] running install_data
[2.663s] creating /home/robotica/Desktop/Taller2/src/mi_robot_2/install/mi_robot_2/share/ament_index
[2.663s] creating /home/robotica/Desktop/Taller2/src/mi_robot_2/install/mi_robot_2/share/ament_index/resource_index
[2.664s] creating /home/robotica/Desktop/Taller2/src/mi_robot_2/install/mi_robot_2/share/ament_index/resource_index/packages
[2.664s] copying resource/mi_robot_2 -> /home/robotica/Desktop/Taller2/src/mi_robot_2/install/mi_robot_2/share/ament_index/resource_index/packages
[2.665s] copying package.xml -> /home/robotica/Desktop/Taller2/src/mi_robot_2/install/mi_robot_2/share/mi_robot_2
[2.667s] running install_egg_info
[2.673s] Copying build/mi_robot_2/mi_robot_2.egg-info to /home/robotica/Desktop/Taller2/src/mi_robot_2/install/mi_robot_2/lib/python3.10/site-packages/mi_robot_2-0.0.0-py3.10.egg-info
[2.680s] running install_scripts
[2.774s] Installing nodo_prueba script to /home/robotica/Desktop/Taller2/src/mi_robot_2/install/mi_robot_2/lib/mi_robot_2
[2.778s] Installing robot_teleop script to /home/robotica/Desktop/Taller2/src/mi_robot_2/install/mi_robot_2/lib/mi_robot_2
[2.780s] writing list of installed files to '/home/robotica/Desktop/Taller2/src/mi_robot_2/build/mi_robot_2/install.log'
[2.885s] Invoked command in '/home/robotica/Desktop/Taller2/src/mi_robot_2' returned '0': PYTHONPATH=/home/robotica/Desktop/Taller2/src/mi_robot_2/build/mi_robot_2/prefix_override:/home/robotica/Desktop/Taller2/src/mi_robot_2/install/mi_robot_2/lib/python3.10/site-packages:${PYTHONPATH} /usr/bin/python3 setup.py egg_info --egg-base build/mi_robot_2 build --build-base /home/robotica/Desktop/Taller2/src/mi_robot_2/build/mi_robot_2/build install --record /home/robotica/Desktop/Taller2/src/mi_robot_2/build/mi_robot_2/install.log --single-version-externally-managed
