[0.442s] DEBUG:colcon:Command line arguments: ['/usr/bin/colcon', 'build']
[0.442s] DEBUG:colcon:Parsed command line arguments: Namespace(log_base=None, log_level=None, verb_name='build', build_base='build', install_base='install', merge_install=False, symlink_install=False, test_result_base=None, continue_on_error=False, executor='parallel', parallel_workers=1, event_handlers=None, ignore_user_meta=False, metas=['./colcon.meta'], base_paths=['.'], packages_ignore=None, packages_ignore_regex=None, paths=None, packages_up_to=None, packages_up_to_regex=None, packages_above=None, packages_above_and_dependencies=None, packages_above_depth=None, packages_select_by_dep=None, packages_skip_by_dep=None, packages_skip_up_to=None, packages_select_build_failed=False, packages_skip_build_finished=False, packages_select_test_failures=False, packages_skip_test_passed=False, packages_select=None, packages_skip=None, packages_select_regex=None, packages_skip_regex=None, packages_start=None, packages_end=None, allow_overriding=[], cmake_args=None, cmake_target=None, cmake_target_skip_unavailable=False, cmake_clean_cache=False, cmake_clean_first=False, cmake_force_configure=False, ament_cmake_args=None, catkin_cmake_args=None, catkin_skip_building_tests=False, verb_parser=<colcon_defaults.argument_parser.defaults.DefaultArgumentsDecorator object at 0x7f311c9a7a60>, verb_extension=<colcon_core.verb.build.BuildVerb object at 0x7f311d329cc0>, main=<bound method BuildVerb.main of <colcon_core.verb.build.BuildVerb object at 0x7f311d329cc0>>)
[0.467s] Level 1:colcon.colcon_core.package_discovery:discover_packages(colcon_meta) check parameters
[0.468s] Level 1:colcon.colcon_core.package_discovery:discover_packages(recursive) check parameters
[0.468s] Level 1:colcon.colcon_core.package_discovery:discover_packages(ignore) check parameters
[0.468s] Level 1:colcon.colcon_core.package_discovery:discover_packages(path) check parameters
[0.468s] Level 1:colcon.colcon_core.package_discovery:discover_packages(colcon_meta) discover
[0.469s] Level 1:colcon.colcon_core.package_discovery:discover_packages(recursive) discover
[0.469s] INFO:colcon.colcon_core.package_discovery:Crawling recursively for packages in '/home/robotica/Desktop/Taller2/mi_robot_2/src'
[0.469s] Level 1:colcon.colcon_core.package_identification:_identify(.) by extensions ['ignore', 'ignore_ament_install']
[0.470s] Level 1:colcon.colcon_core.package_identification:_identify(.) by extension 'ignore'
[0.470s] Level 1:colcon.colcon_core.package_identification:_identify(.) by extension 'ignore_ament_install'
[0.470s] Level 1:colcon.colcon_core.package_identification:_identify(.) by extensions ['colcon_pkg']
[0.470s] Level 1:colcon.colcon_core.package_identification:_identify(.) by extension 'colcon_pkg'
[0.471s] Level 1:colcon.colcon_core.package_identification:_identify(.) by extensions ['colcon_meta']
[0.471s] Level 1:colcon.colcon_core.package_identification:_identify(.) by extension 'colcon_meta'
[0.471s] Level 1:colcon.colcon_core.package_identification:_identify(.) by extensions ['ros']
[0.471s] Level 1:colcon.colcon_core.package_identification:_identify(.) by extension 'ros'
[0.501s] Level 1:colcon.colcon_core.package_identification:_identify(.) by extensions ['cmake', 'python']
[0.501s] Level 1:colcon.colcon_core.package_identification:_identify(.) by extension 'cmake'
[0.501s] Level 1:colcon.colcon_core.package_identification:_identify(.) by extension 'python'
[0.502s] Level 1:colcon.colcon_core.package_identification:_identify(.) by extensions ['python_setup_py']
[0.502s] Level 1:colcon.colcon_core.package_identification:_identify(.) by extension 'python_setup_py'
[0.502s] Level 1:colcon.colcon_core.package_identification:_identify(build) by extensions ['ignore', 'ignore_ament_install']
[0.502s] Level 1:colcon.colcon_core.package_identification:_identify(build) by extension 'ignore'
[0.503s] Level 1:colcon.colcon_core.package_identification:_identify(build) ignored
[0.503s] Level 1:colcon.colcon_core.package_identification:_identify(install) by extensions ['ignore', 'ignore_ament_install']
[0.503s] Level 1:colcon.colcon_core.package_identification:_identify(install) by extension 'ignore'
[0.503s] Level 1:colcon.colcon_core.package_identification:_identify(install) ignored
[0.504s] Level 1:colcon.colcon_core.package_identification:_identify(log) by extensions ['ignore', 'ignore_ament_install']
[0.504s] Level 1:colcon.colcon_core.package_identification:_identify(log) by extension 'ignore'
[0.504s] Level 1:colcon.colcon_core.package_identification:_identify(log) ignored
[0.504s] Level 1:colcon.colcon_core.package_identification:_identify(mi_robot_2) by extensions ['ignore', 'ignore_ament_install']
[0.505s] Level 1:colcon.colcon_core.package_identification:_identify(mi_robot_2) by extension 'ignore'
[0.505s] Level 1:colcon.colcon_core.package_identification:_identify(mi_robot_2) by extension 'ignore_ament_install'
[0.505s] Level 1:colcon.colcon_core.package_identification:_identify(mi_robot_2) by extensions ['colcon_pkg']
[0.506s] Level 1:colcon.colcon_core.package_identification:_identify(mi_robot_2) by extension 'colcon_pkg'
[0.506s] Level 1:colcon.colcon_core.package_identification:_identify(mi_robot_2) by extensions ['colcon_meta']
[0.506s] Level 1:colcon.colcon_core.package_identification:_identify(mi_robot_2) by extension 'colcon_meta'
[0.506s] Level 1:colcon.colcon_core.package_identification:_identify(mi_robot_2) by extensions ['ros']
[0.507s] Level 1:colcon.colcon_core.package_identification:_identify(mi_robot_2) by extension 'ros'
[0.512s] DEBUG:colcon.colcon_core.package_identification:Package 'mi_robot_2' with type 'ros.ament_python' and name 'mi_robot_2'
[0.513s] Level 1:colcon.colcon_core.package_identification:_identify(robot_interfaces) by extensions ['ignore', 'ignore_ament_install']
[0.513s] Level 1:colcon.colcon_core.package_identification:_identify(robot_interfaces) by extension 'ignore'
[0.514s] Level 1:colcon.colcon_core.package_identification:_identify(robot_interfaces) by extension 'ignore_ament_install'
[0.514s] Level 1:colcon.colcon_core.package_identification:_identify(robot_interfaces) by extensions ['colcon_pkg']
[0.514s] Level 1:colcon.colcon_core.package_identification:_identify(robot_interfaces) by extension 'colcon_pkg'
[0.515s] Level 1:colcon.colcon_core.package_identification:_identify(robot_interfaces) by extensions ['colcon_meta']
[0.515s] Level 1:colcon.colcon_core.package_identification:_identify(robot_interfaces) by extension 'colcon_meta'
[0.517s] Level 1:colcon.colcon_core.package_identification:_identify(robot_interfaces) by extensions ['ros']
[0.518s] Level 1:colcon.colcon_core.package_identification:_identify(robot_interfaces) by extension 'ros'
[0.519s] DEBUG:colcon.colcon_core.package_identification:Package 'robot_interfaces' with type 'ros.ament_cmake' and name 'robot_interfaces'
[0.520s] Level 1:colcon.colcon_core.package_discovery:discover_packages(recursive) using defaults
[0.521s] Level 1:colcon.colcon_core.package_discovery:discover_packages(ignore) discover
[0.521s] Level 1:colcon.colcon_core.package_discovery:discover_packages(ignore) using defaults
[0.522s] Level 1:colcon.colcon_core.package_discovery:discover_packages(path) discover
[0.522s] Level 1:colcon.colcon_core.package_discovery:discover_packages(path) using defaults
[0.564s] Level 1:colcon.colcon_core.package_discovery:discover_packages(prefix_path) check parameters
[0.564s] Level 1:colcon.colcon_core.package_discovery:discover_packages(prefix_path) discover
[0.569s] DEBUG:colcon.colcon_installed_package_information.package_discovery:Found 2 installed packages in /home/robotica/Desktop/Taller2/mi_robot_2/src/install
[0.573s] DEBUG:colcon.colcon_installed_package_information.package_discovery:Found 284 installed packages in /opt/ros/humble
[0.576s] Level 1:colcon.colcon_core.package_discovery:discover_packages(prefix_path) using defaults
[0.687s] Level 5:colcon.colcon_core.verb:set package 'robot_interfaces' build argument 'cmake_args' from command line to 'None'
[0.688s] Level 5:colcon.colcon_core.verb:set package 'robot_interfaces' build argument 'cmake_target' from command line to 'None'
[0.688s] Level 5:colcon.colcon_core.verb:set package 'robot_interfaces' build argument 'cmake_target_skip_unavailable' from command line to 'False'
[0.688s] Level 5:colcon.colcon_core.verb:set package 'robot_interfaces' build argument 'cmake_clean_cache' from command line to 'False'
[0.688s] Level 5:colcon.colcon_core.verb:set package 'robot_interfaces' build argument 'cmake_clean_first' from command line to 'False'
[0.689s] Level 5:colcon.colcon_core.verb:set package 'robot_interfaces' build argument 'cmake_force_configure' from command line to 'False'
[0.689s] Level 5:colcon.colcon_core.verb:set package 'robot_interfaces' build argument 'ament_cmake_args' from command line to 'None'
[0.689s] Level 5:colcon.colcon_core.verb:set package 'robot_interfaces' build argument 'catkin_cmake_args' from command line to 'None'
[0.689s] Level 5:colcon.colcon_core.verb:set package 'robot_interfaces' build argument 'catkin_skip_building_tests' from command line to 'False'
[0.690s] DEBUG:colcon.colcon_core.verb:Building package 'robot_interfaces' with the following arguments: {'ament_cmake_args': None, 'build_base': '/home/robotica/Desktop/Taller2/mi_robot_2/src/build/robot_interfaces', 'catkin_cmake_args': None, 'catkin_skip_building_tests': False, 'cmake_args': None, 'cmake_clean_cache': False, 'cmake_clean_first': False, 'cmake_force_configure': False, 'cmake_target': None, 'cmake_target_skip_unavailable': False, 'install_base': '/home/robotica/Desktop/Taller2/mi_robot_2/src/install/robot_interfaces', 'merge_install': False, 'path': '/home/robotica/Desktop/Taller2/mi_robot_2/src/robot_interfaces', 'symlink_install': False, 'test_result_base': None}
[0.692s] Level 5:colcon.colcon_core.verb:set package 'mi_robot_2' build argument 'cmake_args' from command line to 'None'
[0.692s] Level 5:colcon.colcon_core.verb:set package 'mi_robot_2' build argument 'cmake_target' from command line to 'None'
[0.692s] Level 5:colcon.colcon_core.verb:set package 'mi_robot_2' build argument 'cmake_target_skip_unavailable' from command line to 'False'
[0.692s] Level 5:colcon.colcon_core.verb:set package 'mi_robot_2' build argument 'cmake_clean_cache' from command line to 'False'
[0.693s] Level 5:colcon.colcon_core.verb:set package 'mi_robot_2' build argument 'cmake_clean_first' from command line to 'False'
[0.693s] Level 5:colcon.colcon_core.verb:set package 'mi_robot_2' build argument 'cmake_force_configure' from command line to 'False'
[0.693s] Level 5:colcon.colcon_core.verb:set package 'mi_robot_2' build argument 'ament_cmake_args' from command line to 'None'
[0.693s] Level 5:colcon.colcon_core.verb:set package 'mi_robot_2' build argument 'catkin_cmake_args' from command line to 'None'
[0.694s] Level 5:colcon.colcon_core.verb:set package 'mi_robot_2' build argument 'catkin_skip_building_tests' from command line to 'False'
[0.694s] DEBUG:colcon.colcon_core.verb:Building package 'mi_robot_2' with the following arguments: {'ament_cmake_args': None, 'build_base': '/home/robotica/Desktop/Taller2/mi_robot_2/src/build/mi_robot_2', 'catkin_cmake_args': None, 'catkin_skip_building_tests': False, 'cmake_args': None, 'cmake_clean_cache': False, 'cmake_clean_first': False, 'cmake_force_configure': False, 'cmake_target': None, 'cmake_target_skip_unavailable': False, 'install_base': '/home/robotica/Desktop/Taller2/mi_robot_2/src/install/mi_robot_2', 'merge_install': False, 'path': '/home/robotica/Desktop/Taller2/mi_robot_2/src/mi_robot_2', 'symlink_install': False, 'test_result_base': None}
[0.696s] INFO:colcon.colcon_core.executor:Executing jobs using 'parallel' executor
[0.701s] DEBUG:colcon.colcon_parallel_executor.executor.parallel:run_until_complete
[0.702s] INFO:colcon.colcon_ros.task.ament_cmake.build:Building ROS package in '/home/robotica/Desktop/Taller2/mi_robot_2/src/robot_interfaces' with build type 'ament_cmake'
[0.702s] INFO:colcon.colcon_cmake.task.cmake.build:Building CMake package in '/home/robotica/Desktop/Taller2/mi_robot_2/src/robot_interfaces'
[0.713s] INFO:colcon.colcon_core.plugin_system:Skipping extension 'colcon_core.shell.bat': Not used on non-Windows systems
[0.714s] INFO:colcon.colcon_core.shell:Skip shell extension 'powershell' for command environment: Not usable outside of PowerShell
[0.714s] DEBUG:colcon.colcon_core.shell:Skip shell extension 'dsv' for command environment
[0.748s] DEBUG:colcon.colcon_core.event_handler.log_command:Invoking command in '/home/robotica/Desktop/Taller2/mi_robot_2/src/build/robot_interfaces': CMAKE_PREFIX_PATH=${CMAKE_PREFIX_PATH}:/home/robotica/Desktop/Taller2/mi_robot_2/src/install/mi_robot_2:/opt/ros/humble /usr/bin/cmake --build /home/robotica/Desktop/Taller2/mi_robot_2/src/build/robot_interfaces -- -j1 -l1
[1.924s] DEBUG:colcon.colcon_core.event_handler.log_command:Invoked command in '/home/robotica/Desktop/Taller2/mi_robot_2/src/build/robot_interfaces' returned '0': CMAKE_PREFIX_PATH=${CMAKE_PREFIX_PATH}:/home/robotica/Desktop/Taller2/mi_robot_2/src/install/mi_robot_2:/opt/ros/humble /usr/bin/cmake --build /home/robotica/Desktop/Taller2/mi_robot_2/src/build/robot_interfaces -- -j1 -l1
[2.009s] DEBUG:colcon.colcon_core.event_handler.log_command:Invoking command in '/home/robotica/Desktop/Taller2/mi_robot_2/src/build/robot_interfaces': CMAKE_PREFIX_PATH=${CMAKE_PREFIX_PATH}:/home/robotica/Desktop/Taller2/mi_robot_2/src/install/mi_robot_2:/opt/ros/humble /usr/bin/cmake --install /home/robotica/Desktop/Taller2/mi_robot_2/src/build/robot_interfaces
[2.245s] Level 1:colcon.colcon_core.environment:create_environment_scripts_only(robot_interfaces)
[2.252s] DEBUG:colcon.colcon_core.event_handler.log_command:Invoked command in '/home/robotica/Desktop/Taller2/mi_robot_2/src/build/robot_interfaces' returned '0': CMAKE_PREFIX_PATH=${CMAKE_PREFIX_PATH}:/home/robotica/Desktop/Taller2/mi_robot_2/src/install/mi_robot_2:/opt/ros/humble /usr/bin/cmake --install /home/robotica/Desktop/Taller2/mi_robot_2/src/build/robot_interfaces
[2.259s] Level 1:colcon.colcon_core.environment:checking '/home/robotica/Desktop/Taller2/mi_robot_2/src/install/robot_interfaces' for CMake module files
[2.259s] Level 1:colcon.colcon_core.environment:checking '/home/robotica/Desktop/Taller2/mi_robot_2/src/install/robot_interfaces' for CMake config files
[2.260s] Level 1:colcon.colcon_core.shell:create_environment_hook('robot_interfaces', 'cmake_prefix_path')
[2.263s] INFO:colcon.colcon_core.shell:Creating environment hook '/home/robotica/Desktop/Taller2/mi_robot_2/src/install/robot_interfaces/share/robot_interfaces/hook/cmake_prefix_path.ps1'
[2.265s] INFO:colcon.colcon_core.shell:Creating environment descriptor '/home/robotica/Desktop/Taller2/mi_robot_2/src/install/robot_interfaces/share/robot_interfaces/hook/cmake_prefix_path.dsv'
[2.270s] INFO:colcon.colcon_core.shell:Creating environment hook '/home/robotica/Desktop/Taller2/mi_robot_2/src/install/robot_interfaces/share/robot_interfaces/hook/cmake_prefix_path.sh'
[2.271s] Level 1:colcon.colcon_core.environment:checking '/home/robotica/Desktop/Taller2/mi_robot_2/src/install/robot_interfaces/lib'
[2.271s] Level 1:colcon.colcon_core.shell:create_environment_hook('robot_interfaces', 'ld_library_path_lib')
[2.273s] INFO:colcon.colcon_core.shell:Creating environment hook '/home/robotica/Desktop/Taller2/mi_robot_2/src/install/robot_interfaces/share/robot_interfaces/hook/ld_library_path_lib.ps1'
[2.274s] INFO:colcon.colcon_core.shell:Creating environment descriptor '/home/robotica/Desktop/Taller2/mi_robot_2/src/install/robot_interfaces/share/robot_interfaces/hook/ld_library_path_lib.dsv'
[2.278s] INFO:colcon.colcon_core.shell:Creating environment hook '/home/robotica/Desktop/Taller2/mi_robot_2/src/install/robot_interfaces/share/robot_interfaces/hook/ld_library_path_lib.sh'
[2.278s] Level 1:colcon.colcon_core.environment:checking '/home/robotica/Desktop/Taller2/mi_robot_2/src/install/robot_interfaces/bin'
[2.278s] Level 1:colcon.colcon_core.environment:checking '/home/robotica/Desktop/Taller2/mi_robot_2/src/install/robot_interfaces/lib/pkgconfig/robot_interfaces.pc'
[2.279s] Level 1:colcon.colcon_core.environment:checking '/home/robotica/Desktop/Taller2/mi_robot_2/src/install/robot_interfaces/lib/python3.10/site-packages'
[2.279s] Level 1:colcon.colcon_core.environment:checking '/home/robotica/Desktop/Taller2/mi_robot_2/src/install/robot_interfaces/bin'
[2.281s] INFO:colcon.colcon_core.shell:Creating package script '/home/robotica/Desktop/Taller2/mi_robot_2/src/install/robot_interfaces/share/robot_interfaces/package.ps1'
[2.286s] INFO:colcon.colcon_core.shell:Creating package descriptor '/home/robotica/Desktop/Taller2/mi_robot_2/src/install/robot_interfaces/share/robot_interfaces/package.dsv'
[2.290s] INFO:colcon.colcon_core.shell:Creating package script '/home/robotica/Desktop/Taller2/mi_robot_2/src/install/robot_interfaces/share/robot_interfaces/package.sh'
[2.291s] INFO:colcon.colcon_core.shell:Creating package script '/home/robotica/Desktop/Taller2/mi_robot_2/src/install/robot_interfaces/share/robot_interfaces/package.bash'
[2.292s] INFO:colcon.colcon_core.shell:Creating package script '/home/robotica/Desktop/Taller2/mi_robot_2/src/install/robot_interfaces/share/robot_interfaces/package.zsh'
[2.294s] Level 1:colcon.colcon_core.environment:create_file_with_runtime_dependencies(/home/robotica/Desktop/Taller2/mi_robot_2/src/install/robot_interfaces/share/colcon-core/packages/robot_interfaces)
[2.417s] Level 1:colcon.colcon_core.environment:create_environment_scripts_only(robot_interfaces)
[2.426s] Level 1:colcon.colcon_core.environment:checking '/home/robotica/Desktop/Taller2/mi_robot_2/src/install/robot_interfaces' for CMake module files
[2.427s] Level 1:colcon.colcon_core.environment:checking '/home/robotica/Desktop/Taller2/mi_robot_2/src/install/robot_interfaces' for CMake config files
[2.430s] Level 1:colcon.colcon_core.shell:create_environment_hook('robot_interfaces', 'cmake_prefix_path')
[2.434s] INFO:colcon.colcon_core.shell:Creating environment hook '/home/robotica/Desktop/Taller2/mi_robot_2/src/install/robot_interfaces/share/robot_interfaces/hook/cmake_prefix_path.ps1'
[2.451s] INFO:colcon.colcon_core.shell:Creating environment descriptor '/home/robotica/Desktop/Taller2/mi_robot_2/src/install/robot_interfaces/share/robot_interfaces/hook/cmake_prefix_path.dsv'
[2.452s] INFO:colcon.colcon_core.shell:Creating environment hook '/home/robotica/Desktop/Taller2/mi_robot_2/src/install/robot_interfaces/share/robot_interfaces/hook/cmake_prefix_path.sh'
[2.453s] Level 1:colcon.colcon_core.environment:checking '/home/robotica/Desktop/Taller2/mi_robot_2/src/install/robot_interfaces/lib'
[2.454s] Level 1:colcon.colcon_core.shell:create_environment_hook('robot_interfaces', 'ld_library_path_lib')
[2.456s] INFO:colcon.colcon_core.shell:Creating environment hook '/home/robotica/Desktop/Taller2/mi_robot_2/src/install/robot_interfaces/share/robot_interfaces/hook/ld_library_path_lib.ps1'
[2.457s] INFO:colcon.colcon_core.shell:Creating environment descriptor '/home/robotica/Desktop/Taller2/mi_robot_2/src/install/robot_interfaces/share/robot_interfaces/hook/ld_library_path_lib.dsv'
[2.459s] INFO:colcon.colcon_core.shell:Creating environment hook '/home/robotica/Desktop/Taller2/mi_robot_2/src/install/robot_interfaces/share/robot_interfaces/hook/ld_library_path_lib.sh'
[2.460s] Level 1:colcon.colcon_core.environment:checking '/home/robotica/Desktop/Taller2/mi_robot_2/src/install/robot_interfaces/bin'
[2.460s] Level 1:colcon.colcon_core.environment:checking '/home/robotica/Desktop/Taller2/mi_robot_2/src/install/robot_interfaces/lib/pkgconfig/robot_interfaces.pc'
[2.461s] Level 1:colcon.colcon_core.environment:checking '/home/robotica/Desktop/Taller2/mi_robot_2/src/install/robot_interfaces/lib/python3.10/site-packages'
[2.461s] Level 1:colcon.colcon_core.environment:checking '/home/robotica/Desktop/Taller2/mi_robot_2/src/install/robot_interfaces/bin'
[2.463s] INFO:colcon.colcon_core.shell:Creating package script '/home/robotica/Desktop/Taller2/mi_robot_2/src/install/robot_interfaces/share/robot_interfaces/package.ps1'
[2.465s] INFO:colcon.colcon_core.shell:Creating package descriptor '/home/robotica/Desktop/Taller2/mi_robot_2/src/install/robot_interfaces/share/robot_interfaces/package.dsv'
[2.467s] INFO:colcon.colcon_core.shell:Creating package script '/home/robotica/Desktop/Taller2/mi_robot_2/src/install/robot_interfaces/share/robot_interfaces/package.sh'
[2.469s] INFO:colcon.colcon_core.shell:Creating package script '/home/robotica/Desktop/Taller2/mi_robot_2/src/install/robot_interfaces/share/robot_interfaces/package.bash'
[2.470s] INFO:colcon.colcon_core.shell:Creating package script '/home/robotica/Desktop/Taller2/mi_robot_2/src/install/robot_interfaces/share/robot_interfaces/package.zsh'
[2.471s] Level 1:colcon.colcon_core.environment:create_file_with_runtime_dependencies(/home/robotica/Desktop/Taller2/mi_robot_2/src/install/robot_interfaces/share/colcon-core/packages/robot_interfaces)
[2.473s] INFO:colcon.colcon_ros.task.ament_python.build:Building ROS package in '/home/robotica/Desktop/Taller2/mi_robot_2/src/mi_robot_2' with build type 'ament_python'
[2.474s] Level 1:colcon.colcon_core.shell:create_environment_hook('mi_robot_2', 'ament_prefix_path')
[2.476s] INFO:colcon.colcon_core.shell:Creating environment hook '/home/robotica/Desktop/Taller2/mi_robot_2/src/install/mi_robot_2/share/mi_robot_2/hook/ament_prefix_path.ps1'
[2.477s] INFO:colcon.colcon_core.shell:Creating environment descriptor '/home/robotica/Desktop/Taller2/mi_robot_2/src/install/mi_robot_2/share/mi_robot_2/hook/ament_prefix_path.dsv'
[2.479s] INFO:colcon.colcon_core.shell:Creating environment hook '/home/robotica/Desktop/Taller2/mi_robot_2/src/install/mi_robot_2/share/mi_robot_2/hook/ament_prefix_path.sh'
[2.482s] INFO:colcon.colcon_core.shell:Skip shell extension 'powershell' for command environment: Not usable outside of PowerShell
[2.482s] DEBUG:colcon.colcon_core.shell:Skip shell extension 'dsv' for command environment
[2.914s] INFO:colcon.colcon_core.task.python.build:Building Python package in '/home/robotica/Desktop/Taller2/mi_robot_2/src/mi_robot_2'
[2.917s] INFO:colcon.colcon_core.shell:Skip shell extension 'powershell' for command environment: Not usable outside of PowerShell
[2.917s] DEBUG:colcon.colcon_core.shell:Skip shell extension 'dsv' for command environment
[3.461s] DEBUG:colcon.colcon_core.event_handler.log_command:Invoking command in '/home/robotica/Desktop/Taller2/mi_robot_2/src/mi_robot_2': PYTHONPATH=/home/robotica/Desktop/Taller2/mi_robot_2/src/build/mi_robot_2/prefix_override:/home/robotica/Desktop/Taller2/mi_robot_2/src/install/mi_robot_2/lib/python3.10/site-packages:${PYTHONPATH} /usr/bin/python3 setup.py egg_info --egg-base ../build/mi_robot_2 build --build-base /home/robotica/Desktop/Taller2/mi_robot_2/src/build/mi_robot_2/build install --record /home/robotica/Desktop/Taller2/mi_robot_2/src/build/mi_robot_2/install.log --single-version-externally-managed
[4.033s] Level 1:colcon.colcon_core.environment:checking '/home/robotica/Desktop/Taller2/mi_robot_2/src/install/mi_robot_2' for CMake module files
[4.034s] DEBUG:colcon.colcon_core.event_handler.log_command:Invoked command in '/home/robotica/Desktop/Taller2/mi_robot_2/src/mi_robot_2' returned '0': PYTHONPATH=/home/robotica/Desktop/Taller2/mi_robot_2/src/build/mi_robot_2/prefix_override:/home/robotica/Desktop/Taller2/mi_robot_2/src/install/mi_robot_2/lib/python3.10/site-packages:${PYTHONPATH} /usr/bin/python3 setup.py egg_info --egg-base ../build/mi_robot_2 build --build-base /home/robotica/Desktop/Taller2/mi_robot_2/src/build/mi_robot_2/build install --record /home/robotica/Desktop/Taller2/mi_robot_2/src/build/mi_robot_2/install.log --single-version-externally-managed
[4.035s] Level 1:colcon.colcon_core.environment:checking '/home/robotica/Desktop/Taller2/mi_robot_2/src/install/mi_robot_2' for CMake config files
[4.036s] Level 1:colcon.colcon_core.environment:checking '/home/robotica/Desktop/Taller2/mi_robot_2/src/install/mi_robot_2/lib'
[4.036s] Level 1:colcon.colcon_core.environment:checking '/home/robotica/Desktop/Taller2/mi_robot_2/src/install/mi_robot_2/bin'
[4.036s] Level 1:colcon.colcon_core.environment:checking '/home/robotica/Desktop/Taller2/mi_robot_2/src/install/mi_robot_2/lib/pkgconfig/mi_robot_2.pc'
[4.037s] Level 1:colcon.colcon_core.environment:checking '/home/robotica/Desktop/Taller2/mi_robot_2/src/install/mi_robot_2/lib/python3.10/site-packages'
[4.037s] Level 1:colcon.colcon_core.shell:create_environment_hook('mi_robot_2', 'pythonpath')
[4.039s] INFO:colcon.colcon_core.shell:Creating environment hook '/home/robotica/Desktop/Taller2/mi_robot_2/src/install/mi_robot_2/share/mi_robot_2/hook/pythonpath.ps1'
[4.041s] INFO:colcon.colcon_core.shell:Creating environment descriptor '/home/robotica/Desktop/Taller2/mi_robot_2/src/install/mi_robot_2/share/mi_robot_2/hook/pythonpath.dsv'
[4.042s] INFO:colcon.colcon_core.shell:Creating environment hook '/home/robotica/Desktop/Taller2/mi_robot_2/src/install/mi_robot_2/share/mi_robot_2/hook/pythonpath.sh'
[4.043s] Level 1:colcon.colcon_core.environment:checking '/home/robotica/Desktop/Taller2/mi_robot_2/src/install/mi_robot_2/bin'
[4.044s] Level 1:colcon.colcon_core.environment:create_environment_scripts_only(mi_robot_2)
[4.054s] INFO:colcon.colcon_core.shell:Creating package script '/home/robotica/Desktop/Taller2/mi_robot_2/src/install/mi_robot_2/share/mi_robot_2/package.ps1'
[4.056s] INFO:colcon.colcon_core.shell:Creating package descriptor '/home/robotica/Desktop/Taller2/mi_robot_2/src/install/mi_robot_2/share/mi_robot_2/package.dsv'
[4.058s] INFO:colcon.colcon_core.shell:Creating package script '/home/robotica/Desktop/Taller2/mi_robot_2/src/install/mi_robot_2/share/mi_robot_2/package.sh'
[4.059s] INFO:colcon.colcon_core.shell:Creating package script '/home/robotica/Desktop/Taller2/mi_robot_2/src/install/mi_robot_2/share/mi_robot_2/package.bash'
[4.060s] INFO:colcon.colcon_core.shell:Creating package script '/home/robotica/Desktop/Taller2/mi_robot_2/src/install/mi_robot_2/share/mi_robot_2/package.zsh'
[4.061s] Level 1:colcon.colcon_core.environment:create_file_with_runtime_dependencies(/home/robotica/Desktop/Taller2/mi_robot_2/src/install/mi_robot_2/share/colcon-core/packages/mi_robot_2)
[4.063s] DEBUG:colcon.colcon_parallel_executor.executor.parallel:closing loop
[4.064s] DEBUG:colcon.colcon_parallel_executor.executor.parallel:loop closed
[4.064s] DEBUG:colcon.colcon_parallel_executor.executor.parallel:run_until_complete finished with '0'
[4.064s] DEBUG:colcon.colcon_core.event_reactor:joining thread
[4.070s] INFO:colcon.colcon_core.plugin_system:Skipping extension 'colcon_notification.desktop_notification.terminal_notifier': Not used on non-Darwin systems
[4.071s] INFO:colcon.colcon_core.plugin_system:Skipping extension 'colcon_notification.desktop_notification.win32': Not used on non-Windows systems
[4.071s] INFO:colcon.colcon_notification.desktop_notification:Sending desktop notification using 'notify2'
[4.101s] DEBUG:colcon.colcon_core.event_reactor:joined thread
[4.103s] INFO:colcon.colcon_core.shell:Creating prefix script '/home/robotica/Desktop/Taller2/mi_robot_2/src/install/local_setup.ps1'
[4.107s] INFO:colcon.colcon_core.shell:Creating prefix util module '/home/robotica/Desktop/Taller2/mi_robot_2/src/install/_local_setup_util_ps1.py'
[4.115s] INFO:colcon.colcon_core.shell:Creating prefix chain script '/home/robotica/Desktop/Taller2/mi_robot_2/src/install/setup.ps1'
[4.119s] INFO:colcon.colcon_core.shell:Creating prefix script '/home/robotica/Desktop/Taller2/mi_robot_2/src/install/local_setup.sh'
[4.123s] INFO:colcon.colcon_core.shell:Creating prefix util module '/home/robotica/Desktop/Taller2/mi_robot_2/src/install/_local_setup_util_sh.py'
[4.124s] INFO:colcon.colcon_core.shell:Creating prefix chain script '/home/robotica/Desktop/Taller2/mi_robot_2/src/install/setup.sh'
[4.131s] INFO:colcon.colcon_core.shell:Creating prefix script '/home/robotica/Desktop/Taller2/mi_robot_2/src/install/local_setup.bash'
[4.135s] INFO:colcon.colcon_core.shell:Creating prefix chain script '/home/robotica/Desktop/Taller2/mi_robot_2/src/install/setup.bash'
[4.142s] INFO:colcon.colcon_core.shell:Creating prefix script '/home/robotica/Desktop/Taller2/mi_robot_2/src/install/local_setup.zsh'
[4.144s] INFO:colcon.colcon_core.shell:Creating prefix chain script '/home/robotica/Desktop/Taller2/mi_robot_2/src/install/setup.zsh'
