[2.649s] Invoking command in '/home/robotica/mi_robot_2/src/mi_robot_2': PYTHONPATH=/home/robotica/mi_robot_2/build/mi_robot_2/prefix_override:/home/robotica/mi_robot_2/install/mi_robot_2/lib/python3.10/site-packages:${PYTHONPATH} /usr/bin/python3 setup.py egg_info --egg-base ../../build/mi_robot_2 build --build-base /home/robotica/mi_robot_2/build/mi_robot_2/build install --record /home/robotica/mi_robot_2/build/mi_robot_2/install.log --single-version-externally-managed
[3.497s] running egg_info
[3.504s] writing ../../build/mi_robot_2/mi_robot_2.egg-info/PKG-INFO
[3.507s] writing dependency_links to ../../build/mi_robot_2/mi_robot_2.egg-info/dependency_links.txt
[3.510s] writing entry points to ../../build/mi_robot_2/mi_robot_2.egg-info/entry_points.txt
[3.512s] writing requirements to ../../build/mi_robot_2/mi_robot_2.egg-info/requires.txt
[3.514s] writing top-level names to ../../build/mi_robot_2/mi_robot_2.egg-info/top_level.txt
[3.522s] reading manifest file '../../build/mi_robot_2/mi_robot_2.egg-info/SOURCES.txt'
[3.525s] writing manifest file '../../build/mi_robot_2/mi_robot_2.egg-info/SOURCES.txt'
[3.528s] running build
[3.529s] running build_py
[3.531s] copying mi_robot_2/robot_teleop.py -> /home/robotica/mi_robot_2/build/mi_robot_2/build/lib/mi_robot_2
[3.534s] running install
[3.537s] /usr/lib/python3/dist-packages/setuptools/command/install.py:34: SetuptoolsDeprecationWarning: setup.py install is deprecated. Use build and pip and other standards-based tools.
[3.538s]   warnings.warn(
[3.539s] running install_lib
[3.543s] copying /home/robotica/mi_robot_2/build/mi_robot_2/build/lib/mi_robot_2/robot_teleop.py -> /home/robotica/mi_robot_2/install/mi_robot_2/lib/python3.10/site-packages/mi_robot_2
[3.547s] byte-compiling /home/robotica/mi_robot_2/install/mi_robot_2/lib/python3.10/site-packages/mi_robot_2/robot_teleop.py to robot_teleop.cpython-310.pyc
[3.551s] running install_data
[3.554s] running install_egg_info
[3.560s] removing '/home/robotica/mi_robot_2/install/mi_robot_2/lib/python3.10/site-packages/mi_robot_2-0.0.0-py3.10.egg-info' (and everything under it)
[3.587s] Copying ../../build/mi_robot_2/mi_robot_2.egg-info to /home/robotica/mi_robot_2/install/mi_robot_2/lib/python3.10/site-packages/mi_robot_2-0.0.0-py3.10.egg-info
[3.590s] running install_scripts
[3.663s] Installing nodo_prueba script to /home/robotica/mi_robot_2/install/mi_robot_2/lib/mi_robot_2
[3.680s] Installing robot_teleop script to /home/robotica/mi_robot_2/install/mi_robot_2/lib/mi_robot_2
[3.683s] writing list of installed files to '/home/robotica/mi_robot_2/build/mi_robot_2/install.log'
[3.784s] Invoked command in '/home/robotica/mi_robot_2/src/mi_robot_2' returned '0': PYTHONPATH=/home/robotica/mi_robot_2/build/mi_robot_2/prefix_override:/home/robotica/mi_robot_2/install/mi_robot_2/lib/python3.10/site-packages:${PYTHONPATH} /usr/bin/python3 setup.py egg_info --egg-base ../../build/mi_robot_2 build --build-base /home/robotica/mi_robot_2/build/mi_robot_2/build install --record /home/robotica/mi_robot_2/build/mi_robot_2/install.log --single-version-externally-managed
