[2.872s] Invoking command in '/home/robotica/mi_robot_2/src/mi_robot_2': PYTHONPATH=/home/robotica/mi_robot_2/build/mi_robot_2/prefix_override:/home/robotica/mi_robot_2/install/mi_robot_2/lib/python3.10/site-packages:${PYTHONPATH} /usr/bin/python3 setup.py egg_info --egg-base ../../build/mi_robot_2 build --build-base /home/robotica/mi_robot_2/build/mi_robot_2/build install --record /home/robotica/mi_robot_2/build/mi_robot_2/install.log --single-version-externally-managed
[4.153s] running egg_info
[4.159s] writing ../../build/mi_robot_2/mi_robot_2.egg-info/PKG-INFO
[4.162s] writing dependency_links to ../../build/mi_robot_2/mi_robot_2.egg-info/dependency_links.txt
[4.165s] writing entry points to ../../build/mi_robot_2/mi_robot_2.egg-info/entry_points.txt
[4.167s] writing requirements to ../../build/mi_robot_2/mi_robot_2.egg-info/requires.txt
[4.170s] writing top-level names to ../../build/mi_robot_2/mi_robot_2.egg-info/top_level.txt
[4.192s] reading manifest file '../../build/mi_robot_2/mi_robot_2.egg-info/SOURCES.txt'
[4.200s] writing manifest file '../../build/mi_robot_2/mi_robot_2.egg-info/SOURCES.txt'
[4.202s] running build
[4.204s] running build_py
[4.206s] copying mi_robot_2/nodo_prueba.py -> /home/robotica/mi_robot_2/build/mi_robot_2/build/lib/mi_robot_2
[4.208s] copying mi_robot_2/robot_teleop.py -> /home/robotica/mi_robot_2/build/mi_robot_2/build/lib/mi_robot_2
[4.209s] running install
[4.209s] /usr/lib/python3/dist-packages/setuptools/command/install.py:34: SetuptoolsDeprecationWarning: setup.py install is deprecated. Use build and pip and other standards-based tools.
[4.209s]   warnings.warn(
[4.212s] running install_lib
[4.220s] copying /home/robotica/mi_robot_2/build/mi_robot_2/build/lib/mi_robot_2/nodo_prueba.py -> /home/robotica/mi_robot_2/install/mi_robot_2/lib/python3.10/site-packages/mi_robot_2
[4.221s] copying /home/robotica/mi_robot_2/build/mi_robot_2/build/lib/mi_robot_2/robot_teleop.py -> /home/robotica/mi_robot_2/install/mi_robot_2/lib/python3.10/site-packages/mi_robot_2
[4.224s] byte-compiling /home/robotica/mi_robot_2/install/mi_robot_2/lib/python3.10/site-packages/mi_robot_2/nodo_prueba.py to nodo_prueba.cpython-310.pyc
[4.232s] byte-compiling /home/robotica/mi_robot_2/install/mi_robot_2/lib/python3.10/site-packages/mi_robot_2/robot_teleop.py to robot_teleop.cpython-310.pyc
[4.236s] running install_data
[4.237s] running install_egg_info
[4.247s] removing '/home/robotica/mi_robot_2/install/mi_robot_2/lib/python3.10/site-packages/mi_robot_2-0.0.0-py3.10.egg-info' (and everything under it)
[4.264s] Copying ../../build/mi_robot_2/mi_robot_2.egg-info to /home/robotica/mi_robot_2/install/mi_robot_2/lib/python3.10/site-packages/mi_robot_2-0.0.0-py3.10.egg-info
[4.264s] running install_scripts
[4.430s] Installing nodo_prueba script to /home/robotica/mi_robot_2/install/mi_robot_2/lib/mi_robot_2
[4.433s] Installing robot_teleop script to /home/robotica/mi_robot_2/install/mi_robot_2/lib/mi_robot_2
[4.438s] writing list of installed files to '/home/robotica/mi_robot_2/build/mi_robot_2/install.log'
[4.636s] Invoked command in '/home/robotica/mi_robot_2/src/mi_robot_2' returned '0': PYTHONPATH=/home/robotica/mi_robot_2/build/mi_robot_2/prefix_override:/home/robotica/mi_robot_2/install/mi_robot_2/lib/python3.10/site-packages:${PYTHONPATH} /usr/bin/python3 setup.py egg_info --egg-base ../../build/mi_robot_2 build --build-base /home/robotica/mi_robot_2/build/mi_robot_2/build install --record /home/robotica/mi_robot_2/build/mi_robot_2/install.log --single-version-externally-managed
