[2.427s] Invoking command in '/home/robotica/mi_robot_2/src/mi_robot_2': PYTHONPATH=/home/robotica/mi_robot_2/build/mi_robot_2/prefix_override:/home/robotica/mi_robot_2/install/mi_robot_2/lib/python3.10/site-packages:${PYTHONPATH} /usr/bin/python3 setup.py egg_info --egg-base ../../build/mi_robot_2 build --build-base /home/robotica/mi_robot_2/build/mi_robot_2/build install --record /home/robotica/mi_robot_2/build/mi_robot_2/install.log --single-version-externally-managed
[3.087s] running egg_info
[3.091s] creating ../../build/mi_robot_2/mi_robot_2.egg-info
[3.095s] writing ../../build/mi_robot_2/mi_robot_2.egg-info/PKG-INFO
[3.098s] writing dependency_links to ../../build/mi_robot_2/mi_robot_2.egg-info/dependency_links.txt
[3.100s] writing entry points to ../../build/mi_robot_2/mi_robot_2.egg-info/entry_points.txt
[3.101s] writing requirements to ../../build/mi_robot_2/mi_robot_2.egg-info/requires.txt
[3.101s] writing top-level names to ../../build/mi_robot_2/mi_robot_2.egg-info/top_level.txt
[3.105s] writing manifest file '../../build/mi_robot_2/mi_robot_2.egg-info/SOURCES.txt'
[3.114s] reading manifest file '../../build/mi_robot_2/mi_robot_2.egg-info/SOURCES.txt'
[3.116s] writing manifest file '../../build/mi_robot_2/mi_robot_2.egg-info/SOURCES.txt'
[3.117s] running build
[3.117s] running build_py
[3.118s] creating /home/robotica/mi_robot_2/build/mi_robot_2/build
[3.118s] creating /home/robotica/mi_robot_2/build/mi_robot_2/build/lib
[3.119s] creating /home/robotica/mi_robot_2/build/mi_robot_2/build/lib/mi_robot_2
[3.119s] copying mi_robot_2/nodo_prueba.py -> /home/robotica/mi_robot_2/build/mi_robot_2/build/lib/mi_robot_2
[3.121s] copying mi_robot_2/__init__.py -> /home/robotica/mi_robot_2/build/mi_robot_2/build/lib/mi_robot_2
[3.122s] copying mi_robot_2/robot_teleop.py -> /home/robotica/mi_robot_2/build/mi_robot_2/build/lib/mi_robot_2
[3.123s] running install
[3.126s] /usr/lib/python3/dist-packages/setuptools/command/install.py:34: SetuptoolsDeprecationWarning: setup.py install is deprecated. Use build and pip and other standards-based tools.
[3.126s]   warnings.warn(
[3.130s] running install_lib
[3.138s] creating /home/robotica/mi_robot_2/install/mi_robot_2/lib/python3.10/site-packages/mi_robot_2
[3.138s] copying /home/robotica/mi_robot_2/build/mi_robot_2/build/lib/mi_robot_2/nodo_prueba.py -> /home/robotica/mi_robot_2/install/mi_robot_2/lib/python3.10/site-packages/mi_robot_2
[3.139s] copying /home/robotica/mi_robot_2/build/mi_robot_2/build/lib/mi_robot_2/__init__.py -> /home/robotica/mi_robot_2/install/mi_robot_2/lib/python3.10/site-packages/mi_robot_2
[3.139s] copying /home/robotica/mi_robot_2/build/mi_robot_2/build/lib/mi_robot_2/robot_teleop.py -> /home/robotica/mi_robot_2/install/mi_robot_2/lib/python3.10/site-packages/mi_robot_2
[3.141s] byte-compiling /home/robotica/mi_robot_2/install/mi_robot_2/lib/python3.10/site-packages/mi_robot_2/nodo_prueba.py to nodo_prueba.cpython-310.pyc
[3.156s] byte-compiling /home/robotica/mi_robot_2/install/mi_robot_2/lib/python3.10/site-packages/mi_robot_2/__init__.py to __init__.cpython-310.pyc
[3.157s] byte-compiling /home/robotica/mi_robot_2/install/mi_robot_2/lib/python3.10/site-packages/mi_robot_2/robot_teleop.py to robot_teleop.cpython-310.pyc
[3.158s] running install_data
[3.162s] creating /home/robotica/mi_robot_2/install/mi_robot_2/share/ament_index
[3.163s] creating /home/robotica/mi_robot_2/install/mi_robot_2/share/ament_index/resource_index
[3.164s] creating /home/robotica/mi_robot_2/install/mi_robot_2/share/ament_index/resource_index/packages
[3.165s] copying resource/mi_robot_2 -> /home/robotica/mi_robot_2/install/mi_robot_2/share/ament_index/resource_index/packages
[3.170s] copying package.xml -> /home/robotica/mi_robot_2/install/mi_robot_2/share/mi_robot_2
[3.171s] running install_egg_info
[3.179s] Copying ../../build/mi_robot_2/mi_robot_2.egg-info to /home/robotica/mi_robot_2/install/mi_robot_2/lib/python3.10/site-packages/mi_robot_2-0.0.0-py3.10.egg-info
[3.181s] running install_scripts
[3.269s] Installing nodo_prueba script to /home/robotica/mi_robot_2/install/mi_robot_2/lib/mi_robot_2
[3.273s] Installing robot_teleop script to /home/robotica/mi_robot_2/install/mi_robot_2/lib/mi_robot_2
[3.276s] writing list of installed files to '/home/robotica/mi_robot_2/build/mi_robot_2/install.log'
[3.350s] Invoked command in '/home/robotica/mi_robot_2/src/mi_robot_2' returned '0': PYTHONPATH=/home/robotica/mi_robot_2/build/mi_robot_2/prefix_override:/home/robotica/mi_robot_2/install/mi_robot_2/lib/python3.10/site-packages:${PYTHONPATH} /usr/bin/python3 setup.py egg_info --egg-base ../../build/mi_robot_2 build --build-base /home/robotica/mi_robot_2/build/mi_robot_2/build install --record /home/robotica/mi_robot_2/build/mi_robot_2/install.log --single-version-externally-managed
