[0.401s] DEBUG:colcon:Command line arguments: ['/usr/bin/colcon', 'build']
[0.402s] DEBUG:colcon:Parsed command line arguments: Namespace(log_base=None, log_level=None, verb_name='build', build_base='build', install_base='install', merge_install=False, symlink_install=False, test_result_base=None, continue_on_error=False, executor='parallel', parallel_workers=1, event_handlers=None, ignore_user_meta=False, metas=['./colcon.meta'], base_paths=['.'], packages_ignore=None, packages_ignore_regex=None, paths=None, packages_up_to=None, packages_up_to_regex=None, packages_above=None, packages_above_and_dependencies=None, packages_above_depth=None, packages_select_by_dep=None, packages_skip_by_dep=None, packages_skip_up_to=None, packages_select_build_failed=False, packages_skip_build_finished=False, packages_select_test_failures=False, packages_skip_test_passed=False, packages_select=None, packages_skip=None, packages_select_regex=None, packages_skip_regex=None, packages_start=None, packages_end=None, allow_overriding=[], cmake_args=None, cmake_target=None, cmake_target_skip_unavailable=False, cmake_clean_cache=False, cmake_clean_first=False, cmake_force_configure=False, ament_cmake_args=None, catkin_cmake_args=None, catkin_skip_building_tests=False, verb_parser=<colcon_defaults.argument_parser.defaults.DefaultArgumentsDecorator object at 0x7f47044e7a90>, verb_extension=<colcon_core.verb.build.BuildVerb object at 0x7f4704e69cc0>, main=<bound method BuildVerb.main of <colcon_core.verb.build.BuildVerb object at 0x7f4704e69cc0>>)
[0.434s] Level 1:colcon.colcon_core.package_discovery:discover_packages(colcon_meta) check parameters
[0.435s] Level 1:colcon.colcon_core.package_discovery:discover_packages(recursive) check parameters
[0.435s] Level 1:colcon.colcon_core.package_discovery:discover_packages(ignore) check parameters
[0.435s] Level 1:colcon.colcon_core.package_discovery:discover_packages(path) check parameters
[0.435s] Level 1:colcon.colcon_core.package_discovery:discover_packages(colcon_meta) discover
[0.436s] Level 1:colcon.colcon_core.package_discovery:discover_packages(recursive) discover
[0.436s] INFO:colcon.colcon_core.package_discovery:Crawling recursively for packages in '/home/robotica/Desktop/Taller2/mi_robot_2/src'
[0.436s] Level 1:colcon.colcon_core.package_identification:_identify(.) by extensions ['ignore', 'ignore_ament_install']
[0.436s] Level 1:colcon.colcon_core.package_identification:_identify(.) by extension 'ignore'
[0.437s] Level 1:colcon.colcon_core.package_identification:_identify(.) by extension 'ignore_ament_install'
[0.437s] Level 1:colcon.colcon_core.package_identification:_identify(.) by extensions ['colcon_pkg']
[0.437s] Level 1:colcon.colcon_core.package_identification:_identify(.) by extension 'colcon_pkg'
[0.438s] Level 1:colcon.colcon_core.package_identification:_identify(.) by extensions ['colcon_meta']
[0.438s] Level 1:colcon.colcon_core.package_identification:_identify(.) by extension 'colcon_meta'
[0.438s] Level 1:colcon.colcon_core.package_identification:_identify(.) by extensions ['ros']
[0.438s] Level 1:colcon.colcon_core.package_identification:_identify(.) by extension 'ros'
[0.470s] Level 1:colcon.colcon_core.package_identification:_identify(.) by extensions ['cmake', 'python']
[0.470s] Level 1:colcon.colcon_core.package_identification:_identify(.) by extension 'cmake'
[0.470s] Level 1:colcon.colcon_core.package_identification:_identify(.) by extension 'python'
[0.471s] Level 1:colcon.colcon_core.package_identification:_identify(.) by extensions ['python_setup_py']
[0.471s] Level 1:colcon.colcon_core.package_identification:_identify(.) by extension 'python_setup_py'
[0.471s] Level 1:colcon.colcon_core.package_identification:_identify(build) by extensions ['ignore', 'ignore_ament_install']
[0.471s] Level 1:colcon.colcon_core.package_identification:_identify(build) by extension 'ignore'
[0.472s] Level 1:colcon.colcon_core.package_identification:_identify(build) ignored
[0.472s] Level 1:colcon.colcon_core.package_identification:_identify(install) by extensions ['ignore', 'ignore_ament_install']
[0.472s] Level 1:colcon.colcon_core.package_identification:_identify(install) by extension 'ignore'
[0.473s] Level 1:colcon.colcon_core.package_identification:_identify(install) ignored
[0.473s] Level 1:colcon.colcon_core.package_identification:_identify(log) by extensions ['ignore', 'ignore_ament_install']
[0.473s] Level 1:colcon.colcon_core.package_identification:_identify(log) by extension 'ignore'
[0.474s] Level 1:colcon.colcon_core.package_identification:_identify(log) ignored
[0.474s] Level 1:colcon.colcon_core.package_identification:_identify(mi_robot_2) by extensions ['ignore', 'ignore_ament_install']
[0.476s] Level 1:colcon.colcon_core.package_identification:_identify(mi_robot_2) by extension 'ignore'
[0.476s] Level 1:colcon.colcon_core.package_identification:_identify(mi_robot_2) by extension 'ignore_ament_install'
[0.477s] Level 1:colcon.colcon_core.package_identification:_identify(mi_robot_2) by extensions ['colcon_pkg']
[0.477s] Level 1:colcon.colcon_core.package_identification:_identify(mi_robot_2) by extension 'colcon_pkg'
[0.477s] Level 1:colcon.colcon_core.package_identification:_identify(mi_robot_2) by extensions ['colcon_meta']
[0.477s] Level 1:colcon.colcon_core.package_identification:_identify(mi_robot_2) by extension 'colcon_meta'
[0.477s] Level 1:colcon.colcon_core.package_identification:_identify(mi_robot_2) by extensions ['ros']
[0.478s] Level 1:colcon.colcon_core.package_identification:_identify(mi_robot_2) by extension 'ros'
[0.481s] DEBUG:colcon.colcon_core.package_identification:Package 'mi_robot_2' with type 'ros.ament_python' and name 'mi_robot_2'
[0.481s] Level 1:colcon.colcon_core.package_identification:_identify(robot_interfaces) by extensions ['ignore', 'ignore_ament_install']
[0.482s] Level 1:colcon.colcon_core.package_identification:_identify(robot_interfaces) by extension 'ignore'
[0.482s] Level 1:colcon.colcon_core.package_identification:_identify(robot_interfaces) by extension 'ignore_ament_install'
[0.482s] Level 1:colcon.colcon_core.package_identification:_identify(robot_interfaces) by extensions ['colcon_pkg']
[0.482s] Level 1:colcon.colcon_core.package_identification:_identify(robot_interfaces) by extension 'colcon_pkg'
[0.483s] Level 1:colcon.colcon_core.package_identification:_identify(robot_interfaces) by extensions ['colcon_meta']
[0.483s] Level 1:colcon.colcon_core.package_identification:_identify(robot_interfaces) by extension 'colcon_meta'
[0.483s] Level 1:colcon.colcon_core.package_identification:_identify(robot_interfaces) by extensions ['ros']
[0.483s] Level 1:colcon.colcon_core.package_identification:_identify(robot_interfaces) by extension 'ros'
[0.484s] DEBUG:colcon.colcon_core.package_identification:Package 'robot_interfaces' with type 'ros.ament_cmake' and name 'robot_interfaces'
[0.485s] Level 1:colcon.colcon_core.package_discovery:discover_packages(recursive) using defaults
[0.485s] Level 1:colcon.colcon_core.package_discovery:discover_packages(ignore) discover
[0.485s] Level 1:colcon.colcon_core.package_discovery:discover_packages(ignore) using defaults
[0.485s] Level 1:colcon.colcon_core.package_discovery:discover_packages(path) discover
[0.485s] Level 1:colcon.colcon_core.package_discovery:discover_packages(path) using defaults
[0.519s] Level 1:colcon.colcon_core.package_discovery:discover_packages(prefix_path) check parameters
[0.520s] Level 1:colcon.colcon_core.package_discovery:discover_packages(prefix_path) discover
[0.524s] DEBUG:colcon.colcon_installed_package_information.package_discovery:Found 2 installed packages in /home/robotica/Desktop/Taller2/mi_robot_2/src/install
[0.527s] DEBUG:colcon.colcon_installed_package_information.package_discovery:Found 284 installed packages in /opt/ros/humble
[0.530s] Level 1:colcon.colcon_core.package_discovery:discover_packages(prefix_path) using defaults
[0.613s] Level 5:colcon.colcon_core.verb:set package 'robot_interfaces' build argument 'cmake_args' from command line to 'None'
[0.613s] Level 5:colcon.colcon_core.verb:set package 'robot_interfaces' build argument 'cmake_target' from command line to 'None'
[0.614s] Level 5:colcon.colcon_core.verb:set package 'robot_interfaces' build argument 'cmake_target_skip_unavailable' from command line to 'False'
[0.614s] Level 5:colcon.colcon_core.verb:set package 'robot_interfaces' build argument 'cmake_clean_cache' from command line to 'False'
[0.614s] Level 5:colcon.colcon_core.verb:set package 'robot_interfaces' build argument 'cmake_clean_first' from command line to 'False'
[0.614s] Level 5:colcon.colcon_core.verb:set package 'robot_interfaces' build argument 'cmake_force_configure' from command line to 'False'
[0.614s] Level 5:colcon.colcon_core.verb:set package 'robot_interfaces' build argument 'ament_cmake_args' from command line to 'None'
[0.615s] Level 5:colcon.colcon_core.verb:set package 'robot_interfaces' build argument 'catkin_cmake_args' from command line to 'None'
[0.615s] Level 5:colcon.colcon_core.verb:set package 'robot_interfaces' build argument 'catkin_skip_building_tests' from command line to 'False'
[0.615s] DEBUG:colcon.colcon_core.verb:Building package 'robot_interfaces' with the following arguments: {'ament_cmake_args': None, 'build_base': '/home/robotica/Desktop/Taller2/mi_robot_2/src/build/robot_interfaces', 'catkin_cmake_args': None, 'catkin_skip_building_tests': False, 'cmake_args': None, 'cmake_clean_cache': False, 'cmake_clean_first': False, 'cmake_force_configure': False, 'cmake_target': None, 'cmake_target_skip_unavailable': False, 'install_base': '/home/robotica/Desktop/Taller2/mi_robot_2/src/install/robot_interfaces', 'merge_install': False, 'path': '/home/robotica/Desktop/Taller2/mi_robot_2/src/robot_interfaces', 'symlink_install': False, 'test_result_base': None}
[0.617s] Level 5:colcon.colcon_core.verb:set package 'mi_robot_2' build argument 'cmake_args' from command line to 'None'
[0.617s] Level 5:colcon.colcon_core.verb:set package 'mi_robot_2' build argument 'cmake_target' from command line to 'None'
[0.617s] Level 5:colcon.colcon_core.verb:set package 'mi_robot_2' build argument 'cmake_target_skip_unavailable' from command line to 'False'
[0.617s] Level 5:colcon.colcon_core.verb:set package 'mi_robot_2' build argument 'cmake_clean_cache' from command line to 'False'
[0.617s] Level 5:colcon.colcon_core.verb:set package 'mi_robot_2' build argument 'cmake_clean_first' from command line to 'False'
[0.618s] Level 5:colcon.colcon_core.verb:set package 'mi_robot_2' build argument 'cmake_force_configure' from command line to 'False'
[0.618s] Level 5:colcon.colcon_core.verb:set package 'mi_robot_2' build argument 'ament_cmake_args' from command line to 'None'
[0.618s] Level 5:colcon.colcon_core.verb:set package 'mi_robot_2' build argument 'catkin_cmake_args' from command line to 'None'
[0.618s] Level 5:colcon.colcon_core.verb:set package 'mi_robot_2' build argument 'catkin_skip_building_tests' from command line to 'False'
[0.618s] DEBUG:colcon.colcon_core.verb:Building package 'mi_robot_2' with the following arguments: {'ament_cmake_args': None, 'build_base': '/home/robotica/Desktop/Taller2/mi_robot_2/src/build/mi_robot_2', 'catkin_cmake_args': None, 'catkin_skip_building_tests': False, 'cmake_args': None, 'cmake_clean_cache': False, 'cmake_clean_first': False, 'cmake_force_configure': False, 'cmake_target': None, 'cmake_target_skip_unavailable': False, 'install_base': '/home/robotica/Desktop/Taller2/mi_robot_2/src/install/mi_robot_2', 'merge_install': False, 'path': '/home/robotica/Desktop/Taller2/mi_robot_2/src/mi_robot_2', 'symlink_install': False, 'test_result_base': None}
[0.620s] INFO:colcon.colcon_core.executor:Executing jobs using 'parallel' executor
[0.626s] DEBUG:colcon.colcon_parallel_executor.executor.parallel:run_until_complete
[0.627s] INFO:colcon.colcon_ros.task.ament_cmake.build:Building ROS package in '/home/robotica/Desktop/Taller2/mi_robot_2/src/robot_interfaces' with build type 'ament_cmake'
[0.627s] INFO:colcon.colcon_cmake.task.cmake.build:Building CMake package in '/home/robotica/Desktop/Taller2/mi_robot_2/src/robot_interfaces'
[0.635s] INFO:colcon.colcon_core.plugin_system:Skipping extension 'colcon_core.shell.bat': Not used on non-Windows systems
[0.636s] INFO:colcon.colcon_core.shell:Skip shell extension 'powershell' for command environment: Not usable outside of PowerShell
[0.636s] DEBUG:colcon.colcon_core.shell:Skip shell extension 'dsv' for command environment
[0.656s] DEBUG:colcon.colcon_core.event_handler.log_command:Invoking command in '/home/robotica/Desktop/Taller2/mi_robot_2/src/build/robot_interfaces': CMAKE_PREFIX_PATH=${CMAKE_PREFIX_PATH}:/home/robotica/Desktop/Taller2/mi_robot_2/src/install/mi_robot_2:/opt/ros/humble /usr/bin/cmake --build /home/robotica/Desktop/Taller2/mi_robot_2/src/build/robot_interfaces -- -j1 -l1
[1.821s] DEBUG:colcon.colcon_core.event_handler.log_command:Invoked command in '/home/robotica/Desktop/Taller2/mi_robot_2/src/build/robot_interfaces' returned '0': CMAKE_PREFIX_PATH=${CMAKE_PREFIX_PATH}:/home/robotica/Desktop/Taller2/mi_robot_2/src/install/mi_robot_2:/opt/ros/humble /usr/bin/cmake --build /home/robotica/Desktop/Taller2/mi_robot_2/src/build/robot_interfaces -- -j1 -l1
[1.897s] DEBUG:colcon.colcon_core.event_handler.log_command:Invoking command in '/home/robotica/Desktop/Taller2/mi_robot_2/src/build/robot_interfaces': CMAKE_PREFIX_PATH=${CMAKE_PREFIX_PATH}:/home/robotica/Desktop/Taller2/mi_robot_2/src/install/mi_robot_2:/opt/ros/humble /usr/bin/cmake --install /home/robotica/Desktop/Taller2/mi_robot_2/src/build/robot_interfaces
[2.079s] Level 1:colcon.colcon_core.environment:create_environment_scripts_only(robot_interfaces)
[2.090s] Level 1:colcon.colcon_core.environment:checking '/home/robotica/Desktop/Taller2/mi_robot_2/src/install/robot_interfaces' for CMake module files
[2.091s] DEBUG:colcon.colcon_core.event_handler.log_command:Invoked command in '/home/robotica/Desktop/Taller2/mi_robot_2/src/build/robot_interfaces' returned '0': CMAKE_PREFIX_PATH=${CMAKE_PREFIX_PATH}:/home/robotica/Desktop/Taller2/mi_robot_2/src/install/mi_robot_2:/opt/ros/humble /usr/bin/cmake --install /home/robotica/Desktop/Taller2/mi_robot_2/src/build/robot_interfaces
[2.092s] Level 1:colcon.colcon_core.environment:checking '/home/robotica/Desktop/Taller2/mi_robot_2/src/install/robot_interfaces' for CMake config files
[2.093s] Level 1:colcon.colcon_core.shell:create_environment_hook('robot_interfaces', 'cmake_prefix_path')
[2.095s] INFO:colcon.colcon_core.shell:Creating environment hook '/home/robotica/Desktop/Taller2/mi_robot_2/src/install/robot_interfaces/share/robot_interfaces/hook/cmake_prefix_path.ps1'
[2.096s] INFO:colcon.colcon_core.shell:Creating environment descriptor '/home/robotica/Desktop/Taller2/mi_robot_2/src/install/robot_interfaces/share/robot_interfaces/hook/cmake_prefix_path.dsv'
[2.102s] INFO:colcon.colcon_core.shell:Creating environment hook '/home/robotica/Desktop/Taller2/mi_robot_2/src/install/robot_interfaces/share/robot_interfaces/hook/cmake_prefix_path.sh'
[2.103s] Level 1:colcon.colcon_core.environment:checking '/home/robotica/Desktop/Taller2/mi_robot_2/src/install/robot_interfaces/lib'
[2.103s] Level 1:colcon.colcon_core.shell:create_environment_hook('robot_interfaces', 'ld_library_path_lib')
[2.109s] INFO:colcon.colcon_core.shell:Creating environment hook '/home/robotica/Desktop/Taller2/mi_robot_2/src/install/robot_interfaces/share/robot_interfaces/hook/ld_library_path_lib.ps1'
[2.110s] INFO:colcon.colcon_core.shell:Creating environment descriptor '/home/robotica/Desktop/Taller2/mi_robot_2/src/install/robot_interfaces/share/robot_interfaces/hook/ld_library_path_lib.dsv'
[2.110s] INFO:colcon.colcon_core.shell:Creating environment hook '/home/robotica/Desktop/Taller2/mi_robot_2/src/install/robot_interfaces/share/robot_interfaces/hook/ld_library_path_lib.sh'
[2.111s] Level 1:colcon.colcon_core.environment:checking '/home/robotica/Desktop/Taller2/mi_robot_2/src/install/robot_interfaces/bin'
[2.111s] Level 1:colcon.colcon_core.environment:checking '/home/robotica/Desktop/Taller2/mi_robot_2/src/install/robot_interfaces/lib/pkgconfig/robot_interfaces.pc'
[2.111s] Level 1:colcon.colcon_core.environment:checking '/home/robotica/Desktop/Taller2/mi_robot_2/src/install/robot_interfaces/lib/python3.10/site-packages'
[2.112s] Level 1:colcon.colcon_core.environment:checking '/home/robotica/Desktop/Taller2/mi_robot_2/src/install/robot_interfaces/bin'
[2.118s] INFO:colcon.colcon_core.shell:Creating package script '/home/robotica/Desktop/Taller2/mi_robot_2/src/install/robot_interfaces/share/robot_interfaces/package.ps1'
[2.119s] INFO:colcon.colcon_core.shell:Creating package descriptor '/home/robotica/Desktop/Taller2/mi_robot_2/src/install/robot_interfaces/share/robot_interfaces/package.dsv'
[2.122s] INFO:colcon.colcon_core.shell:Creating package script '/home/robotica/Desktop/Taller2/mi_robot_2/src/install/robot_interfaces/share/robot_interfaces/package.sh'
[2.125s] INFO:colcon.colcon_core.shell:Creating package script '/home/robotica/Desktop/Taller2/mi_robot_2/src/install/robot_interfaces/share/robot_interfaces/package.bash'
[2.127s] INFO:colcon.colcon_core.shell:Creating package script '/home/robotica/Desktop/Taller2/mi_robot_2/src/install/robot_interfaces/share/robot_interfaces/package.zsh'
[2.129s] Level 1:colcon.colcon_core.environment:create_file_with_runtime_dependencies(/home/robotica/Desktop/Taller2/mi_robot_2/src/install/robot_interfaces/share/colcon-core/packages/robot_interfaces)
[2.270s] Level 1:colcon.colcon_core.environment:create_environment_scripts_only(robot_interfaces)
[2.275s] Level 1:colcon.colcon_core.environment:checking '/home/robotica/Desktop/Taller2/mi_robot_2/src/install/robot_interfaces' for CMake module files
[2.277s] Level 1:colcon.colcon_core.environment:checking '/home/robotica/Desktop/Taller2/mi_robot_2/src/install/robot_interfaces' for CMake config files
[2.277s] Level 1:colcon.colcon_core.shell:create_environment_hook('robot_interfaces', 'cmake_prefix_path')
[2.280s] INFO:colcon.colcon_core.shell:Creating environment hook '/home/robotica/Desktop/Taller2/mi_robot_2/src/install/robot_interfaces/share/robot_interfaces/hook/cmake_prefix_path.ps1'
[2.282s] INFO:colcon.colcon_core.shell:Creating environment descriptor '/home/robotica/Desktop/Taller2/mi_robot_2/src/install/robot_interfaces/share/robot_interfaces/hook/cmake_prefix_path.dsv'
[2.284s] INFO:colcon.colcon_core.shell:Creating environment hook '/home/robotica/Desktop/Taller2/mi_robot_2/src/install/robot_interfaces/share/robot_interfaces/hook/cmake_prefix_path.sh'
[2.286s] Level 1:colcon.colcon_core.environment:checking '/home/robotica/Desktop/Taller2/mi_robot_2/src/install/robot_interfaces/lib'
[2.286s] Level 1:colcon.colcon_core.shell:create_environment_hook('robot_interfaces', 'ld_library_path_lib')
[2.288s] INFO:colcon.colcon_core.shell:Creating environment hook '/home/robotica/Desktop/Taller2/mi_robot_2/src/install/robot_interfaces/share/robot_interfaces/hook/ld_library_path_lib.ps1'
[2.289s] INFO:colcon.colcon_core.shell:Creating environment descriptor '/home/robotica/Desktop/Taller2/mi_robot_2/src/install/robot_interfaces/share/robot_interfaces/hook/ld_library_path_lib.dsv'
[2.291s] INFO:colcon.colcon_core.shell:Creating environment hook '/home/robotica/Desktop/Taller2/mi_robot_2/src/install/robot_interfaces/share/robot_interfaces/hook/ld_library_path_lib.sh'
[2.292s] Level 1:colcon.colcon_core.environment:checking '/home/robotica/Desktop/Taller2/mi_robot_2/src/install/robot_interfaces/bin'
[2.292s] Level 1:colcon.colcon_core.environment:checking '/home/robotica/Desktop/Taller2/mi_robot_2/src/install/robot_interfaces/lib/pkgconfig/robot_interfaces.pc'
[2.293s] Level 1:colcon.colcon_core.environment:checking '/home/robotica/Desktop/Taller2/mi_robot_2/src/install/robot_interfaces/lib/python3.10/site-packages'
[2.293s] Level 1:colcon.colcon_core.environment:checking '/home/robotica/Desktop/Taller2/mi_robot_2/src/install/robot_interfaces/bin'
[2.295s] INFO:colcon.colcon_core.shell:Creating package script '/home/robotica/Desktop/Taller2/mi_robot_2/src/install/robot_interfaces/share/robot_interfaces/package.ps1'
[2.297s] INFO:colcon.colcon_core.shell:Creating package descriptor '/home/robotica/Desktop/Taller2/mi_robot_2/src/install/robot_interfaces/share/robot_interfaces/package.dsv'
[2.298s] INFO:colcon.colcon_core.shell:Creating package script '/home/robotica/Desktop/Taller2/mi_robot_2/src/install/robot_interfaces/share/robot_interfaces/package.sh'
[2.299s] INFO:colcon.colcon_core.shell:Creating package script '/home/robotica/Desktop/Taller2/mi_robot_2/src/install/robot_interfaces/share/robot_interfaces/package.bash'
[2.300s] INFO:colcon.colcon_core.shell:Creating package script '/home/robotica/Desktop/Taller2/mi_robot_2/src/install/robot_interfaces/share/robot_interfaces/package.zsh'
[2.301s] Level 1:colcon.colcon_core.environment:create_file_with_runtime_dependencies(/home/robotica/Desktop/Taller2/mi_robot_2/src/install/robot_interfaces/share/colcon-core/packages/robot_interfaces)
[2.304s] INFO:colcon.colcon_ros.task.ament_python.build:Building ROS package in '/home/robotica/Desktop/Taller2/mi_robot_2/src/mi_robot_2' with build type 'ament_python'
[2.305s] Level 1:colcon.colcon_core.shell:create_environment_hook('mi_robot_2', 'ament_prefix_path')
[2.307s] INFO:colcon.colcon_core.shell:Creating environment hook '/home/robotica/Desktop/Taller2/mi_robot_2/src/install/mi_robot_2/share/mi_robot_2/hook/ament_prefix_path.ps1'
[2.308s] INFO:colcon.colcon_core.shell:Creating environment descriptor '/home/robotica/Desktop/Taller2/mi_robot_2/src/install/mi_robot_2/share/mi_robot_2/hook/ament_prefix_path.dsv'
[2.309s] INFO:colcon.colcon_core.shell:Creating environment hook '/home/robotica/Desktop/Taller2/mi_robot_2/src/install/mi_robot_2/share/mi_robot_2/hook/ament_prefix_path.sh'
[2.313s] INFO:colcon.colcon_core.shell:Skip shell extension 'powershell' for command environment: Not usable outside of PowerShell
[2.313s] DEBUG:colcon.colcon_core.shell:Skip shell extension 'dsv' for command environment
[2.741s] INFO:colcon.colcon_core.task.python.build:Building Python package in '/home/robotica/Desktop/Taller2/mi_robot_2/src/mi_robot_2'
[2.743s] INFO:colcon.colcon_core.shell:Skip shell extension 'powershell' for command environment: Not usable outside of PowerShell
[2.743s] DEBUG:colcon.colcon_core.shell:Skip shell extension 'dsv' for command environment
[3.283s] DEBUG:colcon.colcon_core.event_handler.log_command:Invoking command in '/home/robotica/Desktop/Taller2/mi_robot_2/src/mi_robot_2': PYTHONPATH=/home/robotica/Desktop/Taller2/mi_robot_2/src/build/mi_robot_2/prefix_override:/home/robotica/Desktop/Taller2/mi_robot_2/src/install/mi_robot_2/lib/python3.10/site-packages:${PYTHONPATH} /usr/bin/python3 setup.py egg_info --egg-base ../build/mi_robot_2 build --build-base /home/robotica/Desktop/Taller2/mi_robot_2/src/build/mi_robot_2/build install --record /home/robotica/Desktop/Taller2/mi_robot_2/src/build/mi_robot_2/install.log --single-version-externally-managed
[3.851s] Level 1:colcon.colcon_core.environment:checking '/home/robotica/Desktop/Taller2/mi_robot_2/src/install/mi_robot_2' for CMake module files
[3.852s] DEBUG:colcon.colcon_core.event_handler.log_command:Invoked command in '/home/robotica/Desktop/Taller2/mi_robot_2/src/mi_robot_2' returned '0': PYTHONPATH=/home/robotica/Desktop/Taller2/mi_robot_2/src/build/mi_robot_2/prefix_override:/home/robotica/Desktop/Taller2/mi_robot_2/src/install/mi_robot_2/lib/python3.10/site-packages:${PYTHONPATH} /usr/bin/python3 setup.py egg_info --egg-base ../build/mi_robot_2 build --build-base /home/robotica/Desktop/Taller2/mi_robot_2/src/build/mi_robot_2/build install --record /home/robotica/Desktop/Taller2/mi_robot_2/src/build/mi_robot_2/install.log --single-version-externally-managed
[3.853s] Level 1:colcon.colcon_core.environment:checking '/home/robotica/Desktop/Taller2/mi_robot_2/src/install/mi_robot_2' for CMake config files
[3.854s] Level 1:colcon.colcon_core.environment:checking '/home/robotica/Desktop/Taller2/mi_robot_2/src/install/mi_robot_2/lib'
[3.855s] Level 1:colcon.colcon_core.environment:checking '/home/robotica/Desktop/Taller2/mi_robot_2/src/install/mi_robot_2/bin'
[3.855s] Level 1:colcon.colcon_core.environment:checking '/home/robotica/Desktop/Taller2/mi_robot_2/src/install/mi_robot_2/lib/pkgconfig/mi_robot_2.pc'
[3.855s] Level 1:colcon.colcon_core.environment:checking '/home/robotica/Desktop/Taller2/mi_robot_2/src/install/mi_robot_2/lib/python3.10/site-packages'
[3.855s] Level 1:colcon.colcon_core.shell:create_environment_hook('mi_robot_2', 'pythonpath')
[3.858s] INFO:colcon.colcon_core.shell:Creating environment hook '/home/robotica/Desktop/Taller2/mi_robot_2/src/install/mi_robot_2/share/mi_robot_2/hook/pythonpath.ps1'
[3.859s] INFO:colcon.colcon_core.shell:Creating environment descriptor '/home/robotica/Desktop/Taller2/mi_robot_2/src/install/mi_robot_2/share/mi_robot_2/hook/pythonpath.dsv'
[3.860s] INFO:colcon.colcon_core.shell:Creating environment hook '/home/robotica/Desktop/Taller2/mi_robot_2/src/install/mi_robot_2/share/mi_robot_2/hook/pythonpath.sh'
[3.861s] Level 1:colcon.colcon_core.environment:checking '/home/robotica/Desktop/Taller2/mi_robot_2/src/install/mi_robot_2/bin'
[3.862s] Level 1:colcon.colcon_core.environment:create_environment_scripts_only(mi_robot_2)
[3.864s] INFO:colcon.colcon_core.shell:Creating package script '/home/robotica/Desktop/Taller2/mi_robot_2/src/install/mi_robot_2/share/mi_robot_2/package.ps1'
[3.865s] INFO:colcon.colcon_core.shell:Creating package descriptor '/home/robotica/Desktop/Taller2/mi_robot_2/src/install/mi_robot_2/share/mi_robot_2/package.dsv'
[3.866s] INFO:colcon.colcon_core.shell:Creating package script '/home/robotica/Desktop/Taller2/mi_robot_2/src/install/mi_robot_2/share/mi_robot_2/package.sh'
[3.868s] INFO:colcon.colcon_core.shell:Creating package script '/home/robotica/Desktop/Taller2/mi_robot_2/src/install/mi_robot_2/share/mi_robot_2/package.bash'
[3.869s] INFO:colcon.colcon_core.shell:Creating package script '/home/robotica/Desktop/Taller2/mi_robot_2/src/install/mi_robot_2/share/mi_robot_2/package.zsh'
[3.870s] Level 1:colcon.colcon_core.environment:create_file_with_runtime_dependencies(/home/robotica/Desktop/Taller2/mi_robot_2/src/install/mi_robot_2/share/colcon-core/packages/mi_robot_2)
[3.872s] DEBUG:colcon.colcon_parallel_executor.executor.parallel:closing loop
[3.872s] DEBUG:colcon.colcon_parallel_executor.executor.parallel:loop closed
[3.873s] DEBUG:colcon.colcon_parallel_executor.executor.parallel:run_until_complete finished with '0'
[3.881s] DEBUG:colcon.colcon_core.event_reactor:joining thread
[3.888s] INFO:colcon.colcon_core.plugin_system:Skipping extension 'colcon_notification.desktop_notification.terminal_notifier': Not used on non-Darwin systems
[3.889s] INFO:colcon.colcon_core.plugin_system:Skipping extension 'colcon_notification.desktop_notification.win32': Not used on non-Windows systems
[3.889s] INFO:colcon.colcon_notification.desktop_notification:Sending desktop notification using 'notify2'
[3.905s] DEBUG:colcon.colcon_core.event_reactor:joined thread
[3.907s] INFO:colcon.colcon_core.shell:Creating prefix script '/home/robotica/Desktop/Taller2/mi_robot_2/src/install/local_setup.ps1'
[3.923s] INFO:colcon.colcon_core.shell:Creating prefix util module '/home/robotica/Desktop/Taller2/mi_robot_2/src/install/_local_setup_util_ps1.py'
[3.929s] INFO:colcon.colcon_core.shell:Creating prefix chain script '/home/robotica/Desktop/Taller2/mi_robot_2/src/install/setup.ps1'
[3.934s] INFO:colcon.colcon_core.shell:Creating prefix script '/home/robotica/Desktop/Taller2/mi_robot_2/src/install/local_setup.sh'
[3.936s] INFO:colcon.colcon_core.shell:Creating prefix util module '/home/robotica/Desktop/Taller2/mi_robot_2/src/install/_local_setup_util_sh.py'
[3.938s] INFO:colcon.colcon_core.shell:Creating prefix chain script '/home/robotica/Desktop/Taller2/mi_robot_2/src/install/setup.sh'
[3.946s] INFO:colcon.colcon_core.shell:Creating prefix script '/home/robotica/Desktop/Taller2/mi_robot_2/src/install/local_setup.bash'
[3.947s] INFO:colcon.colcon_core.shell:Creating prefix chain script '/home/robotica/Desktop/Taller2/mi_robot_2/src/install/setup.bash'
[3.954s] INFO:colcon.colcon_core.shell:Creating prefix script '/home/robotica/Desktop/Taller2/mi_robot_2/src/install/local_setup.zsh'
[3.955s] INFO:colcon.colcon_core.shell:Creating prefix chain script '/home/robotica/Desktop/Taller2/mi_robot_2/src/install/setup.zsh'
