[2.285s] Invoking command in '/home/robotica/mi_robot_2/src/mi_robot_2': PYTHONPATH=/home/robotica/mi_robot_2/build/mi_robot_2/prefix_override:/home/robotica/mi_robot_2/install/mi_robot_2/lib/python3.10/site-packages:${PYTHONPATH} /usr/bin/python3 setup.py egg_info --egg-base ../../build/mi_robot_2 build --build-base /home/robotica/mi_robot_2/build/mi_robot_2/build install --record /home/robotica/mi_robot_2/build/mi_robot_2/install.log --single-version-externally-managed
[2.976s] running egg_info
[2.980s] writing ../../build/mi_robot_2/mi_robot_2.egg-info/PKG-INFO
[2.983s] writing dependency_links to ../../build/mi_robot_2/mi_robot_2.egg-info/dependency_links.txt
[2.986s] writing entry points to ../../build/mi_robot_2/mi_robot_2.egg-info/entry_points.txt
[2.988s] writing requirements to ../../build/mi_robot_2/mi_robot_2.egg-info/requires.txt
[2.990s] writing top-level names to ../../build/mi_robot_2/mi_robot_2.egg-info/top_level.txt
[2.997s] reading manifest file '../../build/mi_robot_2/mi_robot_2.egg-info/SOURCES.txt'
[3.001s] writing manifest file '../../build/mi_robot_2/mi_robot_2.egg-info/SOURCES.txt'
[3.005s] running build
[3.007s] running build_py
[3.009s] copying mi_robot_2/nodo_prueba.py -> /home/robotica/mi_robot_2/build/mi_robot_2/build/lib/mi_robot_2
[3.011s] copying mi_robot_2/robot_teleop.py -> /home/robotica/mi_robot_2/build/mi_robot_2/build/lib/mi_robot_2
[3.012s] running install
[3.014s] /usr/lib/python3/dist-packages/setuptools/command/install.py:34: SetuptoolsDeprecationWarning: setup.py install is deprecated. Use build and pip and other standards-based tools.
[3.014s]   warnings.warn(
[3.015s] running install_lib
[3.022s] copying /home/robotica/mi_robot_2/build/mi_robot_2/build/lib/mi_robot_2/nodo_prueba.py -> /home/robotica/mi_robot_2/install/mi_robot_2/lib/python3.10/site-packages/mi_robot_2
[3.023s] copying /home/robotica/mi_robot_2/build/mi_robot_2/build/lib/mi_robot_2/robot_teleop.py -> /home/robotica/mi_robot_2/install/mi_robot_2/lib/python3.10/site-packages/mi_robot_2
[3.025s] byte-compiling /home/robotica/mi_robot_2/install/mi_robot_2/lib/python3.10/site-packages/mi_robot_2/nodo_prueba.py to nodo_prueba.cpython-310.pyc
[3.035s] byte-compiling /home/robotica/mi_robot_2/install/mi_robot_2/lib/python3.10/site-packages/mi_robot_2/robot_teleop.py to robot_teleop.cpython-310.pyc
[3.038s] running install_data
[3.046s] running install_egg_info
[3.054s] removing '/home/robotica/mi_robot_2/install/mi_robot_2/lib/python3.10/site-packages/mi_robot_2-0.0.0-py3.10.egg-info' (and everything under it)
[3.070s] Copying ../../build/mi_robot_2/mi_robot_2.egg-info to /home/robotica/mi_robot_2/install/mi_robot_2/lib/python3.10/site-packages/mi_robot_2-0.0.0-py3.10.egg-info
[3.072s] running install_scripts
[3.152s] Installing nodo_prueba script to /home/robotica/mi_robot_2/install/mi_robot_2/lib/mi_robot_2
[3.155s] Installing robot_teleop script to /home/robotica/mi_robot_2/install/mi_robot_2/lib/mi_robot_2
[3.159s] writing list of installed files to '/home/robotica/mi_robot_2/build/mi_robot_2/install.log'
[3.258s] Invoked command in '/home/robotica/mi_robot_2/src/mi_robot_2' returned '0': PYTHONPATH=/home/robotica/mi_robot_2/build/mi_robot_2/prefix_override:/home/robotica/mi_robot_2/install/mi_robot_2/lib/python3.10/site-packages:${PYTHONPATH} /usr/bin/python3 setup.py egg_info --egg-base ../../build/mi_robot_2 build --build-base /home/robotica/mi_robot_2/build/mi_robot_2/build install --record /home/robotica/mi_robot_2/build/mi_robot_2/install.log --single-version-externally-managed
