[0.020s] Invoking command in '/home/robotica/Desktop/Taller2/mi_robot_2/src/build/robot_interfaces': CMAKE_PREFIX_PATH=${CMAKE_PREFIX_PATH}:/home/robotica/Desktop/Taller2/mi_robot_2/src/install/mi_robot_2:/opt/ros/humble /usr/bin/cmake --build /home/robotica/Desktop/Taller2/mi_robot_2/src/build/robot_interfaces -- -j1 -l1
[0.091s] [  3%] Built target robot_interfaces_srv__cpp
[0.118s] [ 12%] Built target robot_interfaces_srv__rosidl_typesupport_cpp
[0.149s] [ 22%] Built target robot_interfaces_srv__rosidl_generator_c
[0.172s] [ 32%] Built target robot_interfaces_srv__rosidl_typesupport_fastrtps_c
[0.193s] [ 41%] Built target robot_interfaces_srv__rosidl_typesupport_introspection_c
[0.214s] [ 51%] Built target robot_interfaces_srv__rosidl_typesupport_c
[0.247s] [ 61%] Built target robot_interfaces_srv__rosidl_typesupport_fastrtps_cpp
[0.273s] [ 70%] Built target robot_interfaces_srv__rosidl_typesupport_introspection_cpp
[0.298s] [ 70%] Built target robot_interfaces_srv
[0.365s] [ 70%] Built target ament_cmake_python_copy_robot_interfaces
[0.906s] running egg_info
[0.909s] writing robot_interfaces.egg-info/PKG-INFO
[0.912s] writing dependency_links to robot_interfaces.egg-info/dependency_links.txt
[0.915s] writing top-level names to robot_interfaces.egg-info/top_level.txt
[0.920s] reading manifest file 'robot_interfaces.egg-info/SOURCES.txt'
[0.923s] writing manifest file 'robot_interfaces.egg-info/SOURCES.txt'
[0.990s] [ 70%] Built target ament_cmake_python_build_robot_interfaces_egg
[1.012s] [ 74%] Built target robot_interfaces_srv__py
[1.042s] [ 80%] Built target robot_interfaces_srv__rosidl_generator_py
[1.071s] [ 87%] Built target robot_interfaces__rosidl_typesupport_fastrtps_c__pyext
[1.099s] [ 93%] Built target robot_interfaces__rosidl_typesupport_introspection_c__pyext
[1.122s] [100%] Built target robot_interfaces__rosidl_typesupport_c__pyext
[1.157s] Invoked command in '/home/robotica/Desktop/Taller2/mi_robot_2/src/build/robot_interfaces' returned '0': CMAKE_PREFIX_PATH=${CMAKE_PREFIX_PATH}:/home/robotica/Desktop/Taller2/mi_robot_2/src/install/mi_robot_2:/opt/ros/humble /usr/bin/cmake --build /home/robotica/Desktop/Taller2/mi_robot_2/src/build/robot_interfaces -- -j1 -l1
[1.220s] Invoking command in '/home/robotica/Desktop/Taller2/mi_robot_2/src/build/robot_interfaces': CMAKE_PREFIX_PATH=${CMAKE_PREFIX_PATH}:/home/robotica/Desktop/Taller2/mi_robot_2/src/install/mi_robot_2:/opt/ros/humble /usr/bin/cmake --install /home/robotica/Desktop/Taller2/mi_robot_2/src/build/robot_interfaces
[1.239s] -- Install configuration: ""
[1.242s] -- Up-to-date: /home/robotica/Desktop/Taller2/mi_robot_2/src/install/robot_interfaces/share/ament_index/resource_index/rosidl_interfaces/robot_interfaces
[1.243s] -- Up-to-date: /home/robotica/Desktop/Taller2/mi_robot_2/src/install/robot_interfaces/include/robot_interfaces/robot_interfaces
[1.246s] -- Up-to-date: /home/robotica/Desktop/Taller2/mi_robot_2/src/install/robot_interfaces/include/robot_interfaces/robot_interfaces/srv
[1.247s] -- Up-to-date: /home/robotica/Desktop/Taller2/mi_robot_2/src/install/robot_interfaces/include/robot_interfaces/robot_interfaces/srv/detail
[1.247s] -- Up-to-date: /home/robotica/Desktop/Taller2/mi_robot_2/src/install/robot_interfaces/include/robot_interfaces/robot_interfaces/srv/detail/reproducir__struct.h
[1.247s] -- Up-to-date: /home/robotica/Desktop/Taller2/mi_robot_2/src/install/robot_interfaces/include/robot_interfaces/robot_interfaces/srv/detail/reproducir__functions.h
[1.248s] -- Up-to-date: /home/robotica/Desktop/Taller2/mi_robot_2/src/install/robot_interfaces/include/robot_interfaces/robot_interfaces/srv/detail/reproducir__functions.c
[1.248s] -- Up-to-date: /home/robotica/Desktop/Taller2/mi_robot_2/src/install/robot_interfaces/include/robot_interfaces/robot_interfaces/srv/detail/reproducir__type_support.h
[1.251s] -- Up-to-date: /home/robotica/Desktop/Taller2/mi_robot_2/src/install/robot_interfaces/include/robot_interfaces/robot_interfaces/srv/reproducir.h
[1.251s] -- Up-to-date: /home/robotica/Desktop/Taller2/mi_robot_2/src/install/robot_interfaces/include/robot_interfaces/robot_interfaces/msg
[1.251s] -- Up-to-date: /home/robotica/Desktop/Taller2/mi_robot_2/src/install/robot_interfaces/include/robot_interfaces/robot_interfaces/msg/rosidl_generator_c__visibility_control.h
[1.252s] -- Up-to-date: /home/robotica/Desktop/Taller2/mi_robot_2/src/install/robot_interfaces/share/robot_interfaces/environment/library_path.sh
[1.252s] -- Up-to-date: /home/robotica/Desktop/Taller2/mi_robot_2/src/install/robot_interfaces/share/robot_interfaces/environment/library_path.dsv
[1.253s] -- Up-to-date: /home/robotica/Desktop/Taller2/mi_robot_2/src/install/robot_interfaces/lib/librobot_interfaces__rosidl_generator_c.so
[1.253s] -- Up-to-date: /home/robotica/Desktop/Taller2/mi_robot_2/src/install/robot_interfaces/include/robot_interfaces/robot_interfaces
[1.254s] -- Up-to-date: /home/robotica/Desktop/Taller2/mi_robot_2/src/install/robot_interfaces/include/robot_interfaces/robot_interfaces/srv
[1.254s] -- Up-to-date: /home/robotica/Desktop/Taller2/mi_robot_2/src/install/robot_interfaces/include/robot_interfaces/robot_interfaces/srv/detail
[1.255s] -- Up-to-date: /home/robotica/Desktop/Taller2/mi_robot_2/src/install/robot_interfaces/include/robot_interfaces/robot_interfaces/srv/detail/reproducir__rosidl_typesupport_fastrtps_c.h
[1.255s] -- Up-to-date: /home/robotica/Desktop/Taller2/mi_robot_2/src/install/robot_interfaces/include/robot_interfaces/robot_interfaces/msg
[1.255s] -- Up-to-date: /home/robotica/Desktop/Taller2/mi_robot_2/src/install/robot_interfaces/include/robot_interfaces/robot_interfaces/msg/rosidl_typesupport_fastrtps_c__visibility_control.h
[1.256s] -- Up-to-date: /home/robotica/Desktop/Taller2/mi_robot_2/src/install/robot_interfaces/lib/librobot_interfaces__rosidl_typesupport_fastrtps_c.so
[1.256s] -- Up-to-date: /home/robotica/Desktop/Taller2/mi_robot_2/src/install/robot_interfaces/include/robot_interfaces/robot_interfaces
[1.257s] -- Up-to-date: /home/robotica/Desktop/Taller2/mi_robot_2/src/install/robot_interfaces/include/robot_interfaces/robot_interfaces/srv
[1.257s] -- Up-to-date: /home/robotica/Desktop/Taller2/mi_robot_2/src/install/robot_interfaces/include/robot_interfaces/robot_interfaces/srv/detail
[1.259s] -- Up-to-date: /home/robotica/Desktop/Taller2/mi_robot_2/src/install/robot_interfaces/include/robot_interfaces/robot_interfaces/srv/detail/reproducir__rosidl_typesupport_introspection_c.h
[1.260s] -- Up-to-date: /home/robotica/Desktop/Taller2/mi_robot_2/src/install/robot_interfaces/include/robot_interfaces/robot_interfaces/srv/detail/reproducir__type_support.c
[1.260s] -- Up-to-date: /home/robotica/Desktop/Taller2/mi_robot_2/src/install/robot_interfaces/include/robot_interfaces/robot_interfaces/msg
[1.260s] -- Up-to-date: /home/robotica/Desktop/Taller2/mi_robot_2/src/install/robot_interfaces/include/robot_interfaces/robot_interfaces/msg/rosidl_typesupport_introspection_c__visibility_control.h
[1.261s] -- Up-to-date: /home/robotica/Desktop/Taller2/mi_robot_2/src/install/robot_interfaces/lib/librobot_interfaces__rosidl_typesupport_introspection_c.so
[1.261s] -- Up-to-date: /home/robotica/Desktop/Taller2/mi_robot_2/src/install/robot_interfaces/lib/librobot_interfaces__rosidl_typesupport_c.so
[1.262s] -- Up-to-date: /home/robotica/Desktop/Taller2/mi_robot_2/src/install/robot_interfaces/include/robot_interfaces/robot_interfaces
[1.262s] -- Up-to-date: /home/robotica/Desktop/Taller2/mi_robot_2/src/install/robot_interfaces/include/robot_interfaces/robot_interfaces/srv
[1.262s] -- Up-to-date: /home/robotica/Desktop/Taller2/mi_robot_2/src/install/robot_interfaces/include/robot_interfaces/robot_interfaces/srv/detail
[1.263s] -- Up-to-date: /home/robotica/Desktop/Taller2/mi_robot_2/src/install/robot_interfaces/include/robot_interfaces/robot_interfaces/srv/detail/reproducir__builder.hpp
[1.263s] -- Up-to-date: /home/robotica/Desktop/Taller2/mi_robot_2/src/install/robot_interfaces/include/robot_interfaces/robot_interfaces/srv/detail/reproducir__traits.hpp
[1.263s] -- Up-to-date: /home/robotica/Desktop/Taller2/mi_robot_2/src/install/robot_interfaces/include/robot_interfaces/robot_interfaces/srv/detail/reproducir__struct.hpp
[1.264s] -- Up-to-date: /home/robotica/Desktop/Taller2/mi_robot_2/src/install/robot_interfaces/include/robot_interfaces/robot_interfaces/srv/reproducir.hpp
[1.265s] -- Up-to-date: /home/robotica/Desktop/Taller2/mi_robot_2/src/install/robot_interfaces/include/robot_interfaces/robot_interfaces
[1.265s] -- Up-to-date: /home/robotica/Desktop/Taller2/mi_robot_2/src/install/robot_interfaces/include/robot_interfaces/robot_interfaces/srv
[1.266s] -- Up-to-date: /home/robotica/Desktop/Taller2/mi_robot_2/src/install/robot_interfaces/include/robot_interfaces/robot_interfaces/srv/detail
[1.266s] -- Up-to-date: /home/robotica/Desktop/Taller2/mi_robot_2/src/install/robot_interfaces/include/robot_interfaces/robot_interfaces/srv/detail/dds_fastrtps
[1.267s] -- Up-to-date: /home/robotica/Desktop/Taller2/mi_robot_2/src/install/robot_interfaces/include/robot_interfaces/robot_interfaces/srv/detail/reproducir__rosidl_typesupport_fastrtps_cpp.hpp
[1.267s] -- Up-to-date: /home/robotica/Desktop/Taller2/mi_robot_2/src/install/robot_interfaces/include/robot_interfaces/robot_interfaces/msg
[1.267s] -- Up-to-date: /home/robotica/Desktop/Taller2/mi_robot_2/src/install/robot_interfaces/include/robot_interfaces/robot_interfaces/msg/rosidl_typesupport_fastrtps_cpp__visibility_control.h
[1.271s] -- Up-to-date: /home/robotica/Desktop/Taller2/mi_robot_2/src/install/robot_interfaces/lib/librobot_interfaces__rosidl_typesupport_fastrtps_cpp.so
[1.272s] -- Up-to-date: /home/robotica/Desktop/Taller2/mi_robot_2/src/install/robot_interfaces/include/robot_interfaces/robot_interfaces
[1.273s] -- Up-to-date: /home/robotica/Desktop/Taller2/mi_robot_2/src/install/robot_interfaces/include/robot_interfaces/robot_interfaces/srv
[1.273s] -- Up-to-date: /home/robotica/Desktop/Taller2/mi_robot_2/src/install/robot_interfaces/include/robot_interfaces/robot_interfaces/srv/detail
[1.273s] -- Up-to-date: /home/robotica/Desktop/Taller2/mi_robot_2/src/install/robot_interfaces/include/robot_interfaces/robot_interfaces/srv/detail/reproducir__rosidl_typesupport_introspection_cpp.hpp
[1.273s] -- Up-to-date: /home/robotica/Desktop/Taller2/mi_robot_2/src/install/robot_interfaces/include/robot_interfaces/robot_interfaces/srv/detail/reproducir__type_support.cpp
[1.274s] -- Up-to-date: /home/robotica/Desktop/Taller2/mi_robot_2/src/install/robot_interfaces/lib/librobot_interfaces__rosidl_typesupport_introspection_cpp.so
[1.276s] -- Up-to-date: /home/robotica/Desktop/Taller2/mi_robot_2/src/install/robot_interfaces/lib/librobot_interfaces__rosidl_typesupport_cpp.so
[1.283s] -- Up-to-date: /home/robotica/Desktop/Taller2/mi_robot_2/src/install/robot_interfaces/share/robot_interfaces/environment/pythonpath.sh
[1.284s] -- Up-to-date: /home/robotica/Desktop/Taller2/mi_robot_2/src/install/robot_interfaces/share/robot_interfaces/environment/pythonpath.dsv
[1.285s] -- Up-to-date: /home/robotica/Desktop/Taller2/mi_robot_2/src/install/robot_interfaces/local/lib/python3.10/dist-packages/robot_interfaces-0.0.0-py3.10.egg-info
[1.285s] -- Installing: /home/robotica/Desktop/Taller2/mi_robot_2/src/install/robot_interfaces/local/lib/python3.10/dist-packages/robot_interfaces-0.0.0-py3.10.egg-info/SOURCES.txt
[1.286s] -- Installing: /home/robotica/Desktop/Taller2/mi_robot_2/src/install/robot_interfaces/local/lib/python3.10/dist-packages/robot_interfaces-0.0.0-py3.10.egg-info/PKG-INFO
[1.286s] -- Installing: /home/robotica/Desktop/Taller2/mi_robot_2/src/install/robot_interfaces/local/lib/python3.10/dist-packages/robot_interfaces-0.0.0-py3.10.egg-info/dependency_links.txt
[1.287s] -- Installing: /home/robotica/Desktop/Taller2/mi_robot_2/src/install/robot_interfaces/local/lib/python3.10/dist-packages/robot_interfaces-0.0.0-py3.10.egg-info/top_level.txt
[1.289s] -- Up-to-date: /home/robotica/Desktop/Taller2/mi_robot_2/src/install/robot_interfaces/local/lib/python3.10/dist-packages/robot_interfaces
[1.289s] -- Up-to-date: /home/robotica/Desktop/Taller2/mi_robot_2/src/install/robot_interfaces/local/lib/python3.10/dist-packages/robot_interfaces/robot_interfaces_s__rosidl_typesupport_introspection_c.cpython-310-x86_64-linux-gnu.so
[1.289s] -- Up-to-date: /home/robotica/Desktop/Taller2/mi_robot_2/src/install/robot_interfaces/local/lib/python3.10/dist-packages/robot_interfaces/_robot_interfaces_s.ep.rosidl_typesupport_fastrtps_c.c
[1.291s] -- Up-to-date: /home/robotica/Desktop/Taller2/mi_robot_2/src/install/robot_interfaces/local/lib/python3.10/dist-packages/robot_interfaces/robot_interfaces_s__rosidl_typesupport_fastrtps_c.cpython-310-x86_64-linux-gnu.so
[1.291s] -- Up-to-date: /home/robotica/Desktop/Taller2/mi_robot_2/src/install/robot_interfaces/local/lib/python3.10/dist-packages/robot_interfaces/srv
[1.291s] -- Up-to-date: /home/robotica/Desktop/Taller2/mi_robot_2/src/install/robot_interfaces/local/lib/python3.10/dist-packages/robot_interfaces/srv/_reproducir.py
[1.291s] -- Up-to-date: /home/robotica/Desktop/Taller2/mi_robot_2/src/install/robot_interfaces/local/lib/python3.10/dist-packages/robot_interfaces/srv/__init__.py
[1.291s] -- Up-to-date: /home/robotica/Desktop/Taller2/mi_robot_2/src/install/robot_interfaces/local/lib/python3.10/dist-packages/robot_interfaces/srv/_reproducir_s.c
[1.291s] -- Up-to-date: /home/robotica/Desktop/Taller2/mi_robot_2/src/install/robot_interfaces/local/lib/python3.10/dist-packages/robot_interfaces/_robot_interfaces_s.ep.rosidl_typesupport_c.c
[1.291s] -- Up-to-date: /home/robotica/Desktop/Taller2/mi_robot_2/src/install/robot_interfaces/local/lib/python3.10/dist-packages/robot_interfaces/_robot_interfaces_s.ep.rosidl_typesupport_introspection_c.c
[1.292s] -- Up-to-date: /home/robotica/Desktop/Taller2/mi_robot_2/src/install/robot_interfaces/local/lib/python3.10/dist-packages/robot_interfaces/__init__.py
[1.292s] -- Up-to-date: /home/robotica/Desktop/Taller2/mi_robot_2/src/install/robot_interfaces/local/lib/python3.10/dist-packages/robot_interfaces/robot_interfaces_s__rosidl_typesupport_c.cpython-310-x86_64-linux-gnu.so
[1.292s] -- Up-to-date: /home/robotica/Desktop/Taller2/mi_robot_2/src/install/robot_interfaces/local/lib/python3.10/dist-packages/robot_interfaces/librobot_interfaces_srv__rosidl_generator_py.so
[1.421s] Listing '/home/robotica/Desktop/Taller2/mi_robot_2/src/install/robot_interfaces/local/lib/python3.10/dist-packages/robot_interfaces'...
[1.421s] Listing '/home/robotica/Desktop/Taller2/mi_robot_2/src/install/robot_interfaces/local/lib/python3.10/dist-packages/robot_interfaces/srv'...
[1.442s] -- Up-to-date: /home/robotica/Desktop/Taller2/mi_robot_2/src/install/robot_interfaces/local/lib/python3.10/dist-packages/robot_interfaces/robot_interfaces_s__rosidl_typesupport_fastrtps_c.cpython-310-x86_64-linux-gnu.so
[1.443s] -- Up-to-date: /home/robotica/Desktop/Taller2/mi_robot_2/src/install/robot_interfaces/local/lib/python3.10/dist-packages/robot_interfaces/robot_interfaces_s__rosidl_typesupport_introspection_c.cpython-310-x86_64-linux-gnu.so
[1.443s] -- Up-to-date: /home/robotica/Desktop/Taller2/mi_robot_2/src/install/robot_interfaces/local/lib/python3.10/dist-packages/robot_interfaces/robot_interfaces_s__rosidl_typesupport_c.cpython-310-x86_64-linux-gnu.so
[1.444s] -- Up-to-date: /home/robotica/Desktop/Taller2/mi_robot_2/src/install/robot_interfaces/lib/librobot_interfaces_srv__rosidl_generator_py.so
[1.444s] -- Up-to-date: /home/robotica/Desktop/Taller2/mi_robot_2/src/install/robot_interfaces/share/robot_interfaces/srv/Reproducir.idl
[1.444s] -- Up-to-date: /home/robotica/Desktop/Taller2/mi_robot_2/src/install/robot_interfaces/share/robot_interfaces/srv/Reproducir.srv
[1.444s] -- Up-to-date: /home/robotica/Desktop/Taller2/mi_robot_2/src/install/robot_interfaces/share/robot_interfaces/srv/Reproducir_Request.msg
[1.445s] -- Up-to-date: /home/robotica/Desktop/Taller2/mi_robot_2/src/install/robot_interfaces/share/robot_interfaces/srv/Reproducir_Response.msg
[1.445s] -- Up-to-date: /home/robotica/Desktop/Taller2/mi_robot_2/src/install/robot_interfaces/share/ament_index/resource_index/package_run_dependencies/robot_interfaces
[1.445s] -- Up-to-date: /home/robotica/Desktop/Taller2/mi_robot_2/src/install/robot_interfaces/share/ament_index/resource_index/parent_prefix_path/robot_interfaces
[1.445s] -- Up-to-date: /home/robotica/Desktop/Taller2/mi_robot_2/src/install/robot_interfaces/share/robot_interfaces/environment/ament_prefix_path.sh
[1.445s] -- Up-to-date: /home/robotica/Desktop/Taller2/mi_robot_2/src/install/robot_interfaces/share/robot_interfaces/environment/ament_prefix_path.dsv
[1.445s] -- Up-to-date: /home/robotica/Desktop/Taller2/mi_robot_2/src/install/robot_interfaces/share/robot_interfaces/environment/path.sh
[1.446s] -- Up-to-date: /home/robotica/Desktop/Taller2/mi_robot_2/src/install/robot_interfaces/share/robot_interfaces/environment/path.dsv
[1.446s] -- Up-to-date: /home/robotica/Desktop/Taller2/mi_robot_2/src/install/robot_interfaces/share/robot_interfaces/local_setup.bash
[1.446s] -- Up-to-date: /home/robotica/Desktop/Taller2/mi_robot_2/src/install/robot_interfaces/share/robot_interfaces/local_setup.sh
[1.446s] -- Up-to-date: /home/robotica/Desktop/Taller2/mi_robot_2/src/install/robot_interfaces/share/robot_interfaces/local_setup.zsh
[1.446s] -- Up-to-date: /home/robotica/Desktop/Taller2/mi_robot_2/src/install/robot_interfaces/share/robot_interfaces/local_setup.dsv
[1.447s] -- Installing: /home/robotica/Desktop/Taller2/mi_robot_2/src/install/robot_interfaces/share/robot_interfaces/package.dsv
[1.447s] -- Up-to-date: /home/robotica/Desktop/Taller2/mi_robot_2/src/install/robot_interfaces/share/ament_index/resource_index/packages/robot_interfaces
[1.447s] -- Up-to-date: /home/robotica/Desktop/Taller2/mi_robot_2/src/install/robot_interfaces/share/robot_interfaces/cmake/export_robot_interfaces_srv__rosidl_generator_cExport.cmake
[1.448s] -- Up-to-date: /home/robotica/Desktop/Taller2/mi_robot_2/src/install/robot_interfaces/share/robot_interfaces/cmake/export_robot_interfaces_srv__rosidl_generator_cExport-noconfig.cmake
[1.451s] -- Up-to-date: /home/robotica/Desktop/Taller2/mi_robot_2/src/install/robot_interfaces/share/robot_interfaces/cmake/export_robot_interfaces_srv__rosidl_typesupport_fastrtps_cExport.cmake
[1.451s] -- Up-to-date: /home/robotica/Desktop/Taller2/mi_robot_2/src/install/robot_interfaces/share/robot_interfaces/cmake/export_robot_interfaces_srv__rosidl_typesupport_fastrtps_cExport-noconfig.cmake
[1.451s] -- Up-to-date: /home/robotica/Desktop/Taller2/mi_robot_2/src/install/robot_interfaces/share/robot_interfaces/cmake/robot_interfaces_srv__rosidl_typesupport_introspection_cExport.cmake
[1.452s] -- Up-to-date: /home/robotica/Desktop/Taller2/mi_robot_2/src/install/robot_interfaces/share/robot_interfaces/cmake/robot_interfaces_srv__rosidl_typesupport_introspection_cExport-noconfig.cmake
[1.452s] -- Up-to-date: /home/robotica/Desktop/Taller2/mi_robot_2/src/install/robot_interfaces/share/robot_interfaces/cmake/robot_interfaces_srv__rosidl_typesupport_cExport.cmake
[1.452s] -- Up-to-date: /home/robotica/Desktop/Taller2/mi_robot_2/src/install/robot_interfaces/share/robot_interfaces/cmake/robot_interfaces_srv__rosidl_typesupport_cExport-noconfig.cmake
[1.452s] -- Up-to-date: /home/robotica/Desktop/Taller2/mi_robot_2/src/install/robot_interfaces/share/robot_interfaces/cmake/export_robot_interfaces_srv__rosidl_generator_cppExport.cmake
[1.452s] -- Up-to-date: /home/robotica/Desktop/Taller2/mi_robot_2/src/install/robot_interfaces/share/robot_interfaces/cmake/export_robot_interfaces_srv__rosidl_typesupport_fastrtps_cppExport.cmake
[1.453s] -- Up-to-date: /home/robotica/Desktop/Taller2/mi_robot_2/src/install/robot_interfaces/share/robot_interfaces/cmake/export_robot_interfaces_srv__rosidl_typesupport_fastrtps_cppExport-noconfig.cmake
[1.453s] -- Up-to-date: /home/robotica/Desktop/Taller2/mi_robot_2/src/install/robot_interfaces/share/robot_interfaces/cmake/robot_interfaces_srv__rosidl_typesupport_introspection_cppExport.cmake
[1.453s] -- Up-to-date: /home/robotica/Desktop/Taller2/mi_robot_2/src/install/robot_interfaces/share/robot_interfaces/cmake/robot_interfaces_srv__rosidl_typesupport_introspection_cppExport-noconfig.cmake
[1.453s] -- Up-to-date: /home/robotica/Desktop/Taller2/mi_robot_2/src/install/robot_interfaces/share/robot_interfaces/cmake/robot_interfaces_srv__rosidl_typesupport_cppExport.cmake
[1.454s] -- Up-to-date: /home/robotica/Desktop/Taller2/mi_robot_2/src/install/robot_interfaces/share/robot_interfaces/cmake/robot_interfaces_srv__rosidl_typesupport_cppExport-noconfig.cmake
[1.454s] -- Up-to-date: /home/robotica/Desktop/Taller2/mi_robot_2/src/install/robot_interfaces/share/robot_interfaces/cmake/export_robot_interfaces_srv__rosidl_generator_pyExport.cmake
[1.454s] -- Up-to-date: /home/robotica/Desktop/Taller2/mi_robot_2/src/install/robot_interfaces/share/robot_interfaces/cmake/export_robot_interfaces_srv__rosidl_generator_pyExport-noconfig.cmake
[1.455s] -- Up-to-date: /home/robotica/Desktop/Taller2/mi_robot_2/src/install/robot_interfaces/share/robot_interfaces/cmake/rosidl_cmake-extras.cmake
[1.455s] -- Up-to-date: /home/robotica/Desktop/Taller2/mi_robot_2/src/install/robot_interfaces/share/robot_interfaces/cmake/ament_cmake_export_include_directories-extras.cmake
[1.455s] -- Up-to-date: /home/robotica/Desktop/Taller2/mi_robot_2/src/install/robot_interfaces/share/robot_interfaces/cmake/ament_cmake_export_libraries-extras.cmake
[1.455s] -- Up-to-date: /home/robotica/Desktop/Taller2/mi_robot_2/src/install/robot_interfaces/share/robot_interfaces/cmake/ament_cmake_export_targets-extras.cmake
[1.455s] -- Up-to-date: /home/robotica/Desktop/Taller2/mi_robot_2/src/install/robot_interfaces/share/robot_interfaces/cmake/rosidl_cmake_export_typesupport_targets-extras.cmake
[1.456s] -- Up-to-date: /home/robotica/Desktop/Taller2/mi_robot_2/src/install/robot_interfaces/share/robot_interfaces/cmake/ament_cmake_export_dependencies-extras.cmake
[1.456s] -- Up-to-date: /home/robotica/Desktop/Taller2/mi_robot_2/src/install/robot_interfaces/share/robot_interfaces/cmake/rosidl_cmake_export_typesupport_libraries-extras.cmake
[1.456s] -- Up-to-date: /home/robotica/Desktop/Taller2/mi_robot_2/src/install/robot_interfaces/share/robot_interfaces/cmake/robot_interfacesConfig.cmake
[1.456s] -- Up-to-date: /home/robotica/Desktop/Taller2/mi_robot_2/src/install/robot_interfaces/share/robot_interfaces/cmake/robot_interfacesConfig-version.cmake
[1.457s] -- Up-to-date: /home/robotica/Desktop/Taller2/mi_robot_2/src/install/robot_interfaces/share/robot_interfaces/package.xml
[1.463s] Invoked command in '/home/robotica/Desktop/Taller2/mi_robot_2/src/build/robot_interfaces' returned '0': CMAKE_PREFIX_PATH=${CMAKE_PREFIX_PATH}:/home/robotica/Desktop/Taller2/mi_robot_2/src/install/mi_robot_2:/opt/ros/humble /usr/bin/cmake --install /home/robotica/Desktop/Taller2/mi_robot_2/src/build/robot_interfaces
