[2.074s] Invoking command in '/home/robotica/mi_robot_2/src/mi_robot_2': PYTHONPATH=/home/robotica/mi_robot_2/build/mi_robot_2/prefix_override:/home/robotica/mi_robot_2/install/mi_robot_2/lib/python3.10/site-packages:${PYTHONPATH} /usr/bin/python3 setup.py egg_info --egg-base ../../build/mi_robot_2 build --build-base /home/robotica/mi_robot_2/build/mi_robot_2/build install --record /home/robotica/mi_robot_2/build/mi_robot_2/install.log --single-version-externally-managed
[2.782s] running egg_info
[2.786s] writing ../../build/mi_robot_2/mi_robot_2.egg-info/PKG-INFO
[2.789s] writing dependency_links to ../../build/mi_robot_2/mi_robot_2.egg-info/dependency_links.txt
[2.792s] writing entry points to ../../build/mi_robot_2/mi_robot_2.egg-info/entry_points.txt
[2.794s] writing requirements to ../../build/mi_robot_2/mi_robot_2.egg-info/requires.txt
[2.796s] writing top-level names to ../../build/mi_robot_2/mi_robot_2.egg-info/top_level.txt
[2.804s] reading manifest file '../../build/mi_robot_2/mi_robot_2.egg-info/SOURCES.txt'
[2.808s] writing manifest file '../../build/mi_robot_2/mi_robot_2.egg-info/SOURCES.txt'
[2.810s] running build
[2.812s] running build_py
[2.814s] copying mi_robot_2/nodo_prueba.py -> /home/robotica/mi_robot_2/build/mi_robot_2/build/lib/mi_robot_2
[2.816s] copying mi_robot_2/robot_teleop.py -> /home/robotica/mi_robot_2/build/mi_robot_2/build/lib/mi_robot_2
[2.817s] running install
[2.818s] /usr/lib/python3/dist-packages/setuptools/command/install.py:34: SetuptoolsDeprecationWarning: setup.py install is deprecated. Use build and pip and other standards-based tools.
[2.819s]   warnings.warn(
[2.820s] running install_lib
[2.827s] copying /home/robotica/mi_robot_2/build/mi_robot_2/build/lib/mi_robot_2/nodo_prueba.py -> /home/robotica/mi_robot_2/install/mi_robot_2/lib/python3.10/site-packages/mi_robot_2
[2.828s] copying /home/robotica/mi_robot_2/build/mi_robot_2/build/lib/mi_robot_2/robot_teleop.py -> /home/robotica/mi_robot_2/install/mi_robot_2/lib/python3.10/site-packages/mi_robot_2
[2.829s] byte-compiling /home/robotica/mi_robot_2/install/mi_robot_2/lib/python3.10/site-packages/mi_robot_2/nodo_prueba.py to nodo_prueba.cpython-310.pyc
[2.831s] byte-compiling /home/robotica/mi_robot_2/install/mi_robot_2/lib/python3.10/site-packages/mi_robot_2/robot_teleop.py to robot_teleop.cpython-310.pyc
[2.835s] running install_data
[2.839s] running install_egg_info
[2.846s] removing '/home/robotica/mi_robot_2/install/mi_robot_2/lib/python3.10/site-packages/mi_robot_2-0.0.0-py3.10.egg-info' (and everything under it)
[2.867s] Copying ../../build/mi_robot_2/mi_robot_2.egg-info to /home/robotica/mi_robot_2/install/mi_robot_2/lib/python3.10/site-packages/mi_robot_2-0.0.0-py3.10.egg-info
[2.874s] running install_scripts
[2.939s] Installing nodo_prueba script to /home/robotica/mi_robot_2/install/mi_robot_2/lib/mi_robot_2
[2.943s] Installing robot_teleop script to /home/robotica/mi_robot_2/install/mi_robot_2/lib/mi_robot_2
[2.960s] writing list of installed files to '/home/robotica/mi_robot_2/build/mi_robot_2/install.log'
[3.040s] Invoked command in '/home/robotica/mi_robot_2/src/mi_robot_2' returned '0': PYTHONPATH=/home/robotica/mi_robot_2/build/mi_robot_2/prefix_override:/home/robotica/mi_robot_2/install/mi_robot_2/lib/python3.10/site-packages:${PYTHONPATH} /usr/bin/python3 setup.py egg_info --egg-base ../../build/mi_robot_2 build --build-base /home/robotica/mi_robot_2/build/mi_robot_2/build install --record /home/robotica/mi_robot_2/build/mi_robot_2/install.log --single-version-externally-managed
