[1.118s] Invoking command in '/home/robotica/Desktop/Taller2/mi_robot_2/src/mi_robot_2': PYTHONPATH=/home/robotica/Desktop/Taller2/mi_robot_2/src/build/mi_robot_2/prefix_override:/home/robotica/Desktop/Taller2/mi_robot_2/src/install/mi_robot_2/lib/python3.10/site-packages:${PYTHONPATH} /usr/bin/python3 setup.py egg_info --egg-base ../build/mi_robot_2 build --build-base /home/robotica/Desktop/Taller2/mi_robot_2/src/build/mi_robot_2/build install --record /home/robotica/Desktop/Taller2/mi_robot_2/src/build/mi_robot_2/install.log --single-version-externally-managed
[1.471s] running egg_info
[1.474s] writing ../build/mi_robot_2/mi_robot_2.egg-info/PKG-INFO
[1.476s] writing dependency_links to ../build/mi_robot_2/mi_robot_2.egg-info/dependency_links.txt
[1.479s] writing entry points to ../build/mi_robot_2/mi_robot_2.egg-info/entry_points.txt
[1.481s] writing requirements to ../build/mi_robot_2/mi_robot_2.egg-info/requires.txt
[1.483s] writing top-level names to ../build/mi_robot_2/mi_robot_2.egg-info/top_level.txt
[1.492s] reading manifest file '../build/mi_robot_2/mi_robot_2.egg-info/SOURCES.txt'
[1.497s] writing manifest file '../build/mi_robot_2/mi_robot_2.egg-info/SOURCES.txt'
[1.501s] running build
[1.502s] running build_py
[1.503s] copying mi_robot_2/robot_interface.py -> /home/robotica/Desktop/Taller2/mi_robot_2/src/build/mi_robot_2/build/lib/mi_robot_2
[1.506s] running install
[1.508s] /usr/lib/python3/dist-packages/setuptools/command/install.py:34: SetuptoolsDeprecationWarning: setup.py install is deprecated. Use build and pip and other standards-based tools.
[1.508s]   warnings.warn(
[1.511s] running install_lib
[1.513s] copying /home/robotica/Desktop/Taller2/mi_robot_2/src/build/mi_robot_2/build/lib/mi_robot_2/robot_interface.py -> /home/robotica/Desktop/Taller2/mi_robot_2/src/install/mi_robot_2/lib/python3.10/site-packages/mi_robot_2
[1.516s] byte-compiling /home/robotica/Desktop/Taller2/mi_robot_2/src/install/mi_robot_2/lib/python3.10/site-packages/mi_robot_2/robot_interface.py to robot_interface.cpython-310.pyc
[1.522s] running install_data
[1.525s] running install_egg_info
[1.529s] removing '/home/robotica/Desktop/Taller2/mi_robot_2/src/install/mi_robot_2/lib/python3.10/site-packages/mi_robot_2-0.0.0-py3.10.egg-info' (and everything under it)
[1.539s] Copying ../build/mi_robot_2/mi_robot_2.egg-info to /home/robotica/Desktop/Taller2/mi_robot_2/src/install/mi_robot_2/lib/python3.10/site-packages/mi_robot_2-0.0.0-py3.10.egg-info
[1.541s] running install_scripts
[1.598s] Installing robot_interface script to /home/robotica/Desktop/Taller2/mi_robot_2/src/install/mi_robot_2/lib/mi_robot_2
[1.600s] Installing robot_player script to /home/robotica/Desktop/Taller2/mi_robot_2/src/install/mi_robot_2/lib/mi_robot_2
[1.603s] Installing robot_teleop script to /home/robotica/Desktop/Taller2/mi_robot_2/src/install/mi_robot_2/lib/mi_robot_2
[1.605s] writing list of installed files to '/home/robotica/Desktop/Taller2/mi_robot_2/src/build/mi_robot_2/install.log'
[1.669s] Invoked command in '/home/robotica/Desktop/Taller2/mi_robot_2/src/mi_robot_2' returned '0': PYTHONPATH=/home/robotica/Desktop/Taller2/mi_robot_2/src/build/mi_robot_2/prefix_override:/home/robotica/Desktop/Taller2/mi_robot_2/src/install/mi_robot_2/lib/python3.10/site-packages:${PYTHONPATH} /usr/bin/python3 setup.py egg_info --egg-base ../build/mi_robot_2 build --build-base /home/robotica/Desktop/Taller2/mi_robot_2/src/build/mi_robot_2/build install --record /home/robotica/Desktop/Taller2/mi_robot_2/src/build/mi_robot_2/install.log --single-version-externally-managed
