[8.019s] Invoking command in '/home/robotica/Desktop/Taller2/mi_robot_2/src/mi_robot_2': AMENT_PREFIX_PATH=/home/robotica/Desktop/Taller2/mi_robot_2/src/install/robot_interfaces:${AMENT_PREFIX_PATH} CMAKE_PREFIX_PATH=/home/robotica/Desktop/Taller2/mi_robot_2/src/install/robot_interfaces LD_LIBRARY_PATH=/home/robotica/Desktop/Taller2/mi_robot_2/src/install/robot_interfaces/lib:${LD_LIBRARY_PATH} PYTHONPATH=/home/robotica/Desktop/Taller2/mi_robot_2/src/build/mi_robot_2/prefix_override:/home/robotica/Desktop/Taller2/mi_robot_2/src/install/mi_robot_2/lib/python3.10/site-packages:/home/robotica/Desktop/Taller2/mi_robot_2/src/install/robot_interfaces/local/lib/python3.10/dist-packages:${PYTHONPATH} /usr/bin/python3 setup.py egg_info --egg-base ../build/mi_robot_2 build --build-base /home/robotica/Desktop/Taller2/mi_robot_2/src/build/mi_robot_2/build install --record /home/robotica/Desktop/Taller2/mi_robot_2/src/build/mi_robot_2/install.log --single-version-externally-managed
[9.834s] running egg_info
[9.840s] writing ../build/mi_robot_2/mi_robot_2.egg-info/PKG-INFO
[9.842s] writing dependency_links to ../build/mi_robot_2/mi_robot_2.egg-info/dependency_links.txt
[9.843s] writing entry points to ../build/mi_robot_2/mi_robot_2.egg-info/entry_points.txt
[9.848s] writing requirements to ../build/mi_robot_2/mi_robot_2.egg-info/requires.txt
[9.850s] writing top-level names to ../build/mi_robot_2/mi_robot_2.egg-info/top_level.txt
[9.868s] reading manifest file '../build/mi_robot_2/mi_robot_2.egg-info/SOURCES.txt'
[9.875s] writing manifest file '../build/mi_robot_2/mi_robot_2.egg-info/SOURCES.txt'
[9.875s] running build
[9.875s] running build_py
[9.876s] running install
[9.880s] /usr/lib/python3/dist-packages/setuptools/command/install.py:34: SetuptoolsDeprecationWarning: setup.py install is deprecated. Use build and pip and other standards-based tools.
[9.880s]   warnings.warn(
[9.881s] running install_lib
[9.891s] running install_data
[9.896s] running install_egg_info
[9.903s] removing '/home/robotica/Desktop/Taller2/mi_robot_2/src/install/mi_robot_2/lib/python3.10/site-packages/mi_robot_2-0.0.0-py3.10.egg-info' (and everything under it)
[9.907s] Copying ../build/mi_robot_2/mi_robot_2.egg-info to /home/robotica/Desktop/Taller2/mi_robot_2/src/install/mi_robot_2/lib/python3.10/site-packages/mi_robot_2-0.0.0-py3.10.egg-info
[9.919s] running install_scripts
[10.025s] Installing robot_interface script to /home/robotica/Desktop/Taller2/mi_robot_2/src/install/mi_robot_2/lib/mi_robot_2
[10.027s] Installing robot_player script to /home/robotica/Desktop/Taller2/mi_robot_2/src/install/mi_robot_2/lib/mi_robot_2
[10.028s] Installing robot_teleop script to /home/robotica/Desktop/Taller2/mi_robot_2/src/install/mi_robot_2/lib/mi_robot_2
[10.032s] writing list of installed files to '/home/robotica/Desktop/Taller2/mi_robot_2/src/build/mi_robot_2/install.log'
[10.277s] Invoked command in '/home/robotica/Desktop/Taller2/mi_robot_2/src/mi_robot_2' returned '0': AMENT_PREFIX_PATH=/home/robotica/Desktop/Taller2/mi_robot_2/src/install/robot_interfaces:${AMENT_PREFIX_PATH} CMAKE_PREFIX_PATH=/home/robotica/Desktop/Taller2/mi_robot_2/src/install/robot_interfaces LD_LIBRARY_PATH=/home/robotica/Desktop/Taller2/mi_robot_2/src/install/robot_interfaces/lib:${LD_LIBRARY_PATH} PYTHONPATH=/home/robotica/Desktop/Taller2/mi_robot_2/src/build/mi_robot_2/prefix_override:/home/robotica/Desktop/Taller2/mi_robot_2/src/install/mi_robot_2/lib/python3.10/site-packages:/home/robotica/Desktop/Taller2/mi_robot_2/src/install/robot_interfaces/local/lib/python3.10/dist-packages:${PYTHONPATH} /usr/bin/python3 setup.py egg_info --egg-base ../build/mi_robot_2 build --build-base /home/robotica/Desktop/Taller2/mi_robot_2/src/build/mi_robot_2/build install --record /home/robotica/Desktop/Taller2/mi_robot_2/src/build/mi_robot_2/install.log --single-version-externally-managed
