[0.989s] Invoking command in '/home/robotica/Desktop/Taller2/mi_robot_2/src/mi_robot_2': PYTHONPATH=/home/robotica/Desktop/Taller2/mi_robot_2/src/build/mi_robot_2/prefix_override:/home/robotica/Desktop/Taller2/mi_robot_2/src/install/mi_robot_2/lib/python3.10/site-packages:${PYTHONPATH} /usr/bin/python3 setup.py egg_info --egg-base ../build/mi_robot_2 build --build-base /home/robotica/Desktop/Taller2/mi_robot_2/src/build/mi_robot_2/build install --record /home/robotica/Desktop/Taller2/mi_robot_2/src/build/mi_robot_2/install.log --single-version-externally-managed
[1.368s] running egg_info
[1.371s] writing ../build/mi_robot_2/mi_robot_2.egg-info/PKG-INFO
[1.372s] writing dependency_links to ../build/mi_robot_2/mi_robot_2.egg-info/dependency_links.txt
[1.375s] writing entry points to ../build/mi_robot_2/mi_robot_2.egg-info/entry_points.txt
[1.377s] writing requirements to ../build/mi_robot_2/mi_robot_2.egg-info/requires.txt
[1.378s] writing top-level names to ../build/mi_robot_2/mi_robot_2.egg-info/top_level.txt
[1.383s] reading manifest file '../build/mi_robot_2/mi_robot_2.egg-info/SOURCES.txt'
[1.386s] writing manifest file '../build/mi_robot_2/mi_robot_2.egg-info/SOURCES.txt'
[1.388s] running build
[1.389s] running build_py
[1.390s] copying mi_robot_2/robot_interface.py -> /home/robotica/Desktop/Taller2/mi_robot_2/src/build/mi_robot_2/build/lib/mi_robot_2
[1.392s] running install
[1.394s] /usr/lib/python3/dist-packages/setuptools/command/install.py:34: SetuptoolsDeprecationWarning: setup.py install is deprecated. Use build and pip and other standards-based tools.
[1.395s]   warnings.warn(
[1.395s] running install_lib
[1.397s] copying /home/robotica/Desktop/Taller2/mi_robot_2/src/build/mi_robot_2/build/lib/mi_robot_2/robot_interface.py -> /home/robotica/Desktop/Taller2/mi_robot_2/src/install/mi_robot_2/lib/python3.10/site-packages/mi_robot_2
[1.400s] byte-compiling /home/robotica/Desktop/Taller2/mi_robot_2/src/install/mi_robot_2/lib/python3.10/site-packages/mi_robot_2/robot_interface.py to robot_interface.cpython-310.pyc
[1.405s] running install_data
[1.407s] running install_egg_info
[1.410s] removing '/home/robotica/Desktop/Taller2/mi_robot_2/src/install/mi_robot_2/lib/python3.10/site-packages/mi_robot_2-0.0.0-py3.10.egg-info' (and everything under it)
[1.418s] Copying ../build/mi_robot_2/mi_robot_2.egg-info to /home/robotica/Desktop/Taller2/mi_robot_2/src/install/mi_robot_2/lib/python3.10/site-packages/mi_robot_2-0.0.0-py3.10.egg-info
[1.421s] running install_scripts
[1.466s] Installing robot_interface script to /home/robotica/Desktop/Taller2/mi_robot_2/src/install/mi_robot_2/lib/mi_robot_2
[1.468s] Installing robot_player script to /home/robotica/Desktop/Taller2/mi_robot_2/src/install/mi_robot_2/lib/mi_robot_2
[1.470s] Installing robot_teleop script to /home/robotica/Desktop/Taller2/mi_robot_2/src/install/mi_robot_2/lib/mi_robot_2
[1.472s] writing list of installed files to '/home/robotica/Desktop/Taller2/mi_robot_2/src/build/mi_robot_2/install.log'
[1.522s] Invoked command in '/home/robotica/Desktop/Taller2/mi_robot_2/src/mi_robot_2' returned '0': PYTHONPATH=/home/robotica/Desktop/Taller2/mi_robot_2/src/build/mi_robot_2/prefix_override:/home/robotica/Desktop/Taller2/mi_robot_2/src/install/mi_robot_2/lib/python3.10/site-packages:${PYTHONPATH} /usr/bin/python3 setup.py egg_info --egg-base ../build/mi_robot_2 build --build-base /home/robotica/Desktop/Taller2/mi_robot_2/src/build/mi_robot_2/build install --record /home/robotica/Desktop/Taller2/mi_robot_2/src/build/mi_robot_2/install.log --single-version-externally-managed
