[0.865s] DEBUG:colcon:Command line arguments: ['/usr/bin/colcon', 'build']
[0.865s] DEBUG:colcon:Parsed command line arguments: Namespace(log_base=None, log_level=None, verb_name='build', build_base='build', install_base='install', merge_install=False, symlink_install=False, test_result_base=None, continue_on_error=False, executor='parallel', parallel_workers=1, event_handlers=None, ignore_user_meta=False, metas=['./colcon.meta'], base_paths=['.'], packages_ignore=None, packages_ignore_regex=None, paths=None, packages_up_to=None, packages_up_to_regex=None, packages_above=None, packages_above_and_dependencies=None, packages_above_depth=None, packages_select_by_dep=None, packages_skip_by_dep=None, packages_skip_up_to=None, packages_select_build_failed=False, packages_skip_build_finished=False, packages_select_test_failures=False, packages_skip_test_passed=False, packages_select=None, packages_skip=None, packages_select_regex=None, packages_skip_regex=None, packages_start=None, packages_end=None, allow_overriding=[], cmake_args=None, cmake_target=None, cmake_target_skip_unavailable=False, cmake_clean_cache=False, cmake_clean_first=False, cmake_force_configure=False, ament_cmake_args=None, catkin_cmake_args=None, catkin_skip_building_tests=False, verb_parser=<colcon_defaults.argument_parser.defaults.DefaultArgumentsDecorator object at 0x7f0412227880>, verb_extension=<colcon_core.verb.build.BuildVerb object at 0x7f0412becdc0>, main=<bound method BuildVerb.main of <colcon_core.verb.build.BuildVerb object at 0x7f0412becdc0>>)
[0.910s] Level 1:colcon.colcon_core.package_discovery:discover_packages(colcon_meta) check parameters
[0.911s] Level 1:colcon.colcon_core.package_discovery:discover_packages(recursive) check parameters
[0.911s] Level 1:colcon.colcon_core.package_discovery:discover_packages(ignore) check parameters
[0.911s] Level 1:colcon.colcon_core.package_discovery:discover_packages(path) check parameters
[0.912s] Level 1:colcon.colcon_core.package_discovery:discover_packages(colcon_meta) discover
[0.912s] Level 1:colcon.colcon_core.package_discovery:discover_packages(recursive) discover
[0.913s] INFO:colcon.colcon_core.package_discovery:Crawling recursively for packages in '/home/robotica/Desktop/Taller2/mi_robot_2/src'
[0.913s] Level 1:colcon.colcon_core.package_identification:_identify(.) by extensions ['ignore', 'ignore_ament_install']
[0.914s] Level 1:colcon.colcon_core.package_identification:_identify(.) by extension 'ignore'
[0.914s] Level 1:colcon.colcon_core.package_identification:_identify(.) by extension 'ignore_ament_install'
[0.915s] Level 1:colcon.colcon_core.package_identification:_identify(.) by extensions ['colcon_pkg']
[0.915s] Level 1:colcon.colcon_core.package_identification:_identify(.) by extension 'colcon_pkg'
[0.915s] Level 1:colcon.colcon_core.package_identification:_identify(.) by extensions ['colcon_meta']
[0.916s] Level 1:colcon.colcon_core.package_identification:_identify(.) by extension 'colcon_meta'
[0.916s] Level 1:colcon.colcon_core.package_identification:_identify(.) by extensions ['ros']
[0.916s] Level 1:colcon.colcon_core.package_identification:_identify(.) by extension 'ros'
[0.966s] Level 1:colcon.colcon_core.package_identification:_identify(.) by extensions ['cmake', 'python']
[0.966s] Level 1:colcon.colcon_core.package_identification:_identify(.) by extension 'cmake'
[0.967s] Level 1:colcon.colcon_core.package_identification:_identify(.) by extension 'python'
[0.967s] Level 1:colcon.colcon_core.package_identification:_identify(.) by extensions ['python_setup_py']
[0.967s] Level 1:colcon.colcon_core.package_identification:_identify(.) by extension 'python_setup_py'
[0.968s] Level 1:colcon.colcon_core.package_identification:_identify(build) by extensions ['ignore', 'ignore_ament_install']
[0.969s] Level 1:colcon.colcon_core.package_identification:_identify(build) by extension 'ignore'
[0.969s] Level 1:colcon.colcon_core.package_identification:_identify(build) ignored
[0.970s] Level 1:colcon.colcon_core.package_identification:_identify(install) by extensions ['ignore', 'ignore_ament_install']
[0.970s] Level 1:colcon.colcon_core.package_identification:_identify(install) by extension 'ignore'
[0.971s] Level 1:colcon.colcon_core.package_identification:_identify(install) ignored
[0.971s] Level 1:colcon.colcon_core.package_identification:_identify(log) by extensions ['ignore', 'ignore_ament_install']
[0.972s] Level 1:colcon.colcon_core.package_identification:_identify(log) by extension 'ignore'
[0.972s] Level 1:colcon.colcon_core.package_identification:_identify(log) ignored
[0.973s] Level 1:colcon.colcon_core.package_identification:_identify(mi_robot_2) by extensions ['ignore', 'ignore_ament_install']
[0.973s] Level 1:colcon.colcon_core.package_identification:_identify(mi_robot_2) by extension 'ignore'
[0.973s] Level 1:colcon.colcon_core.package_identification:_identify(mi_robot_2) by extension 'ignore_ament_install'
[0.974s] Level 1:colcon.colcon_core.package_identification:_identify(mi_robot_2) by extensions ['colcon_pkg']
[0.974s] Level 1:colcon.colcon_core.package_identification:_identify(mi_robot_2) by extension 'colcon_pkg'
[0.975s] Level 1:colcon.colcon_core.package_identification:_identify(mi_robot_2) by extensions ['colcon_meta']
[0.975s] Level 1:colcon.colcon_core.package_identification:_identify(mi_robot_2) by extension 'colcon_meta'
[0.975s] Level 1:colcon.colcon_core.package_identification:_identify(mi_robot_2) by extensions ['ros']
[0.975s] Level 1:colcon.colcon_core.package_identification:_identify(mi_robot_2) by extension 'ros'
[0.980s] DEBUG:colcon.colcon_core.package_identification:Package 'mi_robot_2' with type 'ros.ament_python' and name 'mi_robot_2'
[0.981s] Level 1:colcon.colcon_core.package_identification:_identify(robot_interfaces) by extensions ['ignore', 'ignore_ament_install']
[0.982s] Level 1:colcon.colcon_core.package_identification:_identify(robot_interfaces) by extension 'ignore'
[0.982s] Level 1:colcon.colcon_core.package_identification:_identify(robot_interfaces) by extension 'ignore_ament_install'
[0.983s] Level 1:colcon.colcon_core.package_identification:_identify(robot_interfaces) by extensions ['colcon_pkg']
[0.983s] Level 1:colcon.colcon_core.package_identification:_identify(robot_interfaces) by extension 'colcon_pkg'
[0.983s] Level 1:colcon.colcon_core.package_identification:_identify(robot_interfaces) by extensions ['colcon_meta']
[0.984s] Level 1:colcon.colcon_core.package_identification:_identify(robot_interfaces) by extension 'colcon_meta'
[0.984s] Level 1:colcon.colcon_core.package_identification:_identify(robot_interfaces) by extensions ['ros']
[0.985s] Level 1:colcon.colcon_core.package_identification:_identify(robot_interfaces) by extension 'ros'
[0.986s] DEBUG:colcon.colcon_core.package_identification:Package 'robot_interfaces' with type 'ros.ament_cmake' and name 'robot_interfaces'
[0.987s] Level 1:colcon.colcon_core.package_discovery:discover_packages(recursive) using defaults
[0.987s] Level 1:colcon.colcon_core.package_discovery:discover_packages(ignore) discover
[0.988s] Level 1:colcon.colcon_core.package_discovery:discover_packages(ignore) using defaults
[0.988s] Level 1:colcon.colcon_core.package_discovery:discover_packages(path) discover
[0.988s] Level 1:colcon.colcon_core.package_discovery:discover_packages(path) using defaults
[1.063s] Level 1:colcon.colcon_core.package_discovery:discover_packages(prefix_path) check parameters
[1.063s] Level 1:colcon.colcon_core.package_discovery:discover_packages(prefix_path) discover
[1.070s] DEBUG:colcon.colcon_installed_package_information.package_discovery:Found 0 installed packages in /home/robotica/Desktop/Taller2/src/mi_robot_2/mi_robot_2/install
[1.073s] DEBUG:colcon.colcon_installed_package_information.package_discovery:Found 1 installed packages in /home/robotica/Desktop/Taller2/src/mi_robot_2/install
[1.075s] DEBUG:colcon.colcon_installed_package_information.package_discovery:Found 1 installed packages in /home/robotica/Desktop/Taller2/src/install
[1.079s] DEBUG:colcon.colcon_installed_package_information.package_discovery:Found 284 installed packages in /opt/ros/humble
[1.083s] Level 1:colcon.colcon_core.package_discovery:discover_packages(prefix_path) using defaults
[1.280s] Level 5:colcon.colcon_core.verb:set package 'robot_interfaces' build argument 'cmake_args' from command line to 'None'
[1.281s] Level 5:colcon.colcon_core.verb:set package 'robot_interfaces' build argument 'cmake_target' from command line to 'None'
[1.281s] Level 5:colcon.colcon_core.verb:set package 'robot_interfaces' build argument 'cmake_target_skip_unavailable' from command line to 'False'
[1.282s] Level 5:colcon.colcon_core.verb:set package 'robot_interfaces' build argument 'cmake_clean_cache' from command line to 'False'
[1.282s] Level 5:colcon.colcon_core.verb:set package 'robot_interfaces' build argument 'cmake_clean_first' from command line to 'False'
[1.283s] Level 5:colcon.colcon_core.verb:set package 'robot_interfaces' build argument 'cmake_force_configure' from command line to 'False'
[1.283s] Level 5:colcon.colcon_core.verb:set package 'robot_interfaces' build argument 'ament_cmake_args' from command line to 'None'
[1.283s] Level 5:colcon.colcon_core.verb:set package 'robot_interfaces' build argument 'catkin_cmake_args' from command line to 'None'
[1.284s] Level 5:colcon.colcon_core.verb:set package 'robot_interfaces' build argument 'catkin_skip_building_tests' from command line to 'False'
[1.284s] DEBUG:colcon.colcon_core.verb:Building package 'robot_interfaces' with the following arguments: {'ament_cmake_args': None, 'build_base': '/home/robotica/Desktop/Taller2/mi_robot_2/src/build/robot_interfaces', 'catkin_cmake_args': None, 'catkin_skip_building_tests': False, 'cmake_args': None, 'cmake_clean_cache': False, 'cmake_clean_first': False, 'cmake_force_configure': False, 'cmake_target': None, 'cmake_target_skip_unavailable': False, 'install_base': '/home/robotica/Desktop/Taller2/mi_robot_2/src/install/robot_interfaces', 'merge_install': False, 'path': '/home/robotica/Desktop/Taller2/mi_robot_2/src/robot_interfaces', 'symlink_install': False, 'test_result_base': None}
[1.287s] Level 5:colcon.colcon_core.verb:set package 'mi_robot_2' build argument 'cmake_args' from command line to 'None'
[1.288s] Level 5:colcon.colcon_core.verb:set package 'mi_robot_2' build argument 'cmake_target' from command line to 'None'
[1.289s] Level 5:colcon.colcon_core.verb:set package 'mi_robot_2' build argument 'cmake_target_skip_unavailable' from command line to 'False'
[1.289s] Level 5:colcon.colcon_core.verb:set package 'mi_robot_2' build argument 'cmake_clean_cache' from command line to 'False'
[1.289s] Level 5:colcon.colcon_core.verb:set package 'mi_robot_2' build argument 'cmake_clean_first' from command line to 'False'
[1.290s] Level 5:colcon.colcon_core.verb:set package 'mi_robot_2' build argument 'cmake_force_configure' from command line to 'False'
[1.290s] Level 5:colcon.colcon_core.verb:set package 'mi_robot_2' build argument 'ament_cmake_args' from command line to 'None'
[1.291s] Level 5:colcon.colcon_core.verb:set package 'mi_robot_2' build argument 'catkin_cmake_args' from command line to 'None'
[1.291s] Level 5:colcon.colcon_core.verb:set package 'mi_robot_2' build argument 'catkin_skip_building_tests' from command line to 'False'
[1.292s] DEBUG:colcon.colcon_core.verb:Building package 'mi_robot_2' with the following arguments: {'ament_cmake_args': None, 'build_base': '/home/robotica/Desktop/Taller2/mi_robot_2/src/build/mi_robot_2', 'catkin_cmake_args': None, 'catkin_skip_building_tests': False, 'cmake_args': None, 'cmake_clean_cache': False, 'cmake_clean_first': False, 'cmake_force_configure': False, 'cmake_target': None, 'cmake_target_skip_unavailable': False, 'install_base': '/home/robotica/Desktop/Taller2/mi_robot_2/src/install/mi_robot_2', 'merge_install': False, 'path': '/home/robotica/Desktop/Taller2/mi_robot_2/src/mi_robot_2', 'symlink_install': False, 'test_result_base': None}
[1.294s] INFO:colcon.colcon_core.executor:Executing jobs using 'parallel' executor
[1.301s] DEBUG:colcon.colcon_parallel_executor.executor.parallel:run_until_complete
[1.302s] INFO:colcon.colcon_ros.task.ament_cmake.build:Building ROS package in '/home/robotica/Desktop/Taller2/mi_robot_2/src/robot_interfaces' with build type 'ament_cmake'
[1.302s] INFO:colcon.colcon_cmake.task.cmake.build:Building CMake package in '/home/robotica/Desktop/Taller2/mi_robot_2/src/robot_interfaces'
[1.313s] INFO:colcon.colcon_core.plugin_system:Skipping extension 'colcon_core.shell.bat': Not used on non-Windows systems
[1.314s] INFO:colcon.colcon_core.shell:Skip shell extension 'powershell' for command environment: Not usable outside of PowerShell
[1.315s] DEBUG:colcon.colcon_core.shell:Skip shell extension 'dsv' for command environment
[1.369s] DEBUG:colcon.colcon_core.event_handler.log_command:Invoking command in '/home/robotica/Desktop/Taller2/mi_robot_2/src/build/robot_interfaces': CMAKE_PREFIX_PATH=/home/robotica/Desktop/Taller2/src/mi_robot_2/install/mi_robot_2:/home/robotica/Desktop/Taller2/src/install/mi_robot_2:/opt/ros/humble /usr/bin/cmake /home/robotica/Desktop/Taller2/mi_robot_2/src/robot_interfaces -DCMAKE_INSTALL_PREFIX=/home/robotica/Desktop/Taller2/mi_robot_2/src/install/robot_interfaces
[8.894s] DEBUG:colcon.colcon_core.event_handler.log_command:Invoked command in '/home/robotica/Desktop/Taller2/mi_robot_2/src/build/robot_interfaces' returned '0': CMAKE_PREFIX_PATH=/home/robotica/Desktop/Taller2/src/mi_robot_2/install/mi_robot_2:/home/robotica/Desktop/Taller2/src/install/mi_robot_2:/opt/ros/humble /usr/bin/cmake /home/robotica/Desktop/Taller2/mi_robot_2/src/robot_interfaces -DCMAKE_INSTALL_PREFIX=/home/robotica/Desktop/Taller2/mi_robot_2/src/install/robot_interfaces
[8.895s] DEBUG:colcon.colcon_core.event_handler.log_command:Invoking command in '/home/robotica/Desktop/Taller2/mi_robot_2/src/build/robot_interfaces': CMAKE_PREFIX_PATH=/home/robotica/Desktop/Taller2/src/mi_robot_2/install/mi_robot_2:/home/robotica/Desktop/Taller2/src/install/mi_robot_2:/opt/ros/humble /usr/bin/cmake --build /home/robotica/Desktop/Taller2/mi_robot_2/src/build/robot_interfaces -- -j1 -l1
[36.137s] DEBUG:colcon.colcon_core.event_handler.log_command:Invoked command in '/home/robotica/Desktop/Taller2/mi_robot_2/src/build/robot_interfaces' returned '0': CMAKE_PREFIX_PATH=/home/robotica/Desktop/Taller2/src/mi_robot_2/install/mi_robot_2:/home/robotica/Desktop/Taller2/src/install/mi_robot_2:/opt/ros/humble /usr/bin/cmake --build /home/robotica/Desktop/Taller2/mi_robot_2/src/build/robot_interfaces -- -j1 -l1
[37.009s] DEBUG:colcon.colcon_core.event_handler.log_command:Invoking command in '/home/robotica/Desktop/Taller2/mi_robot_2/src/build/robot_interfaces': CMAKE_PREFIX_PATH=/home/robotica/Desktop/Taller2/src/mi_robot_2/install/mi_robot_2:/home/robotica/Desktop/Taller2/src/install/mi_robot_2:/opt/ros/humble /usr/bin/cmake --install /home/robotica/Desktop/Taller2/mi_robot_2/src/build/robot_interfaces
[37.843s] Level 1:colcon.colcon_core.environment:create_environment_scripts_only(robot_interfaces)
[37.845s] DEBUG:colcon.colcon_core.event_handler.log_command:Invoked command in '/home/robotica/Desktop/Taller2/mi_robot_2/src/build/robot_interfaces' returned '0': CMAKE_PREFIX_PATH=/home/robotica/Desktop/Taller2/src/mi_robot_2/install/mi_robot_2:/home/robotica/Desktop/Taller2/src/install/mi_robot_2:/opt/ros/humble /usr/bin/cmake --install /home/robotica/Desktop/Taller2/mi_robot_2/src/build/robot_interfaces
[37.858s] Level 1:colcon.colcon_core.environment:checking '/home/robotica/Desktop/Taller2/mi_robot_2/src/install/robot_interfaces' for CMake module files
[37.859s] Level 1:colcon.colcon_core.environment:checking '/home/robotica/Desktop/Taller2/mi_robot_2/src/install/robot_interfaces' for CMake config files
[37.860s] Level 1:colcon.colcon_core.shell:create_environment_hook('robot_interfaces', 'cmake_prefix_path')
[37.886s] INFO:colcon.colcon_core.shell:Creating environment hook '/home/robotica/Desktop/Taller2/mi_robot_2/src/install/robot_interfaces/share/robot_interfaces/hook/cmake_prefix_path.ps1'
[37.886s] INFO:colcon.colcon_core.shell:Creating environment descriptor '/home/robotica/Desktop/Taller2/mi_robot_2/src/install/robot_interfaces/share/robot_interfaces/hook/cmake_prefix_path.dsv'
[37.887s] INFO:colcon.colcon_core.shell:Creating environment hook '/home/robotica/Desktop/Taller2/mi_robot_2/src/install/robot_interfaces/share/robot_interfaces/hook/cmake_prefix_path.sh'
[37.888s] Level 1:colcon.colcon_core.environment:checking '/home/robotica/Desktop/Taller2/mi_robot_2/src/install/robot_interfaces/lib'
[37.888s] Level 1:colcon.colcon_core.shell:create_environment_hook('robot_interfaces', 'ld_library_path_lib')
[37.925s] INFO:colcon.colcon_core.shell:Creating environment hook '/home/robotica/Desktop/Taller2/mi_robot_2/src/install/robot_interfaces/share/robot_interfaces/hook/ld_library_path_lib.ps1'
[37.937s] INFO:colcon.colcon_core.shell:Creating environment descriptor '/home/robotica/Desktop/Taller2/mi_robot_2/src/install/robot_interfaces/share/robot_interfaces/hook/ld_library_path_lib.dsv'
[37.954s] INFO:colcon.colcon_core.shell:Creating environment hook '/home/robotica/Desktop/Taller2/mi_robot_2/src/install/robot_interfaces/share/robot_interfaces/hook/ld_library_path_lib.sh'
[37.955s] Level 1:colcon.colcon_core.environment:checking '/home/robotica/Desktop/Taller2/mi_robot_2/src/install/robot_interfaces/bin'
[37.990s] Level 1:colcon.colcon_core.environment:checking '/home/robotica/Desktop/Taller2/mi_robot_2/src/install/robot_interfaces/lib/pkgconfig/robot_interfaces.pc'
[37.991s] Level 1:colcon.colcon_core.environment:checking '/home/robotica/Desktop/Taller2/mi_robot_2/src/install/robot_interfaces/lib/python3.10/site-packages'
[37.991s] Level 1:colcon.colcon_core.environment:checking '/home/robotica/Desktop/Taller2/mi_robot_2/src/install/robot_interfaces/bin'
[38.025s] INFO:colcon.colcon_core.shell:Creating package script '/home/robotica/Desktop/Taller2/mi_robot_2/src/install/robot_interfaces/share/robot_interfaces/package.ps1'
[38.061s] INFO:colcon.colcon_core.shell:Creating package descriptor '/home/robotica/Desktop/Taller2/mi_robot_2/src/install/robot_interfaces/share/robot_interfaces/package.dsv'
[38.068s] INFO:colcon.colcon_core.shell:Creating package script '/home/robotica/Desktop/Taller2/mi_robot_2/src/install/robot_interfaces/share/robot_interfaces/package.sh'
[38.070s] INFO:colcon.colcon_core.shell:Creating package script '/home/robotica/Desktop/Taller2/mi_robot_2/src/install/robot_interfaces/share/robot_interfaces/package.bash'
[38.092s] INFO:colcon.colcon_core.shell:Creating package script '/home/robotica/Desktop/Taller2/mi_robot_2/src/install/robot_interfaces/share/robot_interfaces/package.zsh'
[38.115s] Level 1:colcon.colcon_core.environment:create_file_with_runtime_dependencies(/home/robotica/Desktop/Taller2/mi_robot_2/src/install/robot_interfaces/share/colcon-core/packages/robot_interfaces)
[38.708s] Level 1:colcon.colcon_core.environment:create_environment_scripts_only(robot_interfaces)
[38.711s] Level 1:colcon.colcon_core.environment:checking '/home/robotica/Desktop/Taller2/mi_robot_2/src/install/robot_interfaces' for CMake module files
[38.736s] Level 1:colcon.colcon_core.environment:checking '/home/robotica/Desktop/Taller2/mi_robot_2/src/install/robot_interfaces' for CMake config files
[38.738s] Level 1:colcon.colcon_core.shell:create_environment_hook('robot_interfaces', 'cmake_prefix_path')
[38.740s] INFO:colcon.colcon_core.shell:Creating environment hook '/home/robotica/Desktop/Taller2/mi_robot_2/src/install/robot_interfaces/share/robot_interfaces/hook/cmake_prefix_path.ps1'
[38.754s] INFO:colcon.colcon_core.shell:Creating environment descriptor '/home/robotica/Desktop/Taller2/mi_robot_2/src/install/robot_interfaces/share/robot_interfaces/hook/cmake_prefix_path.dsv'
[38.758s] INFO:colcon.colcon_core.shell:Creating environment hook '/home/robotica/Desktop/Taller2/mi_robot_2/src/install/robot_interfaces/share/robot_interfaces/hook/cmake_prefix_path.sh'
[38.776s] Level 1:colcon.colcon_core.environment:checking '/home/robotica/Desktop/Taller2/mi_robot_2/src/install/robot_interfaces/lib'
[38.777s] Level 1:colcon.colcon_core.shell:create_environment_hook('robot_interfaces', 'ld_library_path_lib')
[38.785s] INFO:colcon.colcon_core.shell:Creating environment hook '/home/robotica/Desktop/Taller2/mi_robot_2/src/install/robot_interfaces/share/robot_interfaces/hook/ld_library_path_lib.ps1'
[38.793s] INFO:colcon.colcon_core.shell:Creating environment descriptor '/home/robotica/Desktop/Taller2/mi_robot_2/src/install/robot_interfaces/share/robot_interfaces/hook/ld_library_path_lib.dsv'
[38.807s] INFO:colcon.colcon_core.shell:Creating environment hook '/home/robotica/Desktop/Taller2/mi_robot_2/src/install/robot_interfaces/share/robot_interfaces/hook/ld_library_path_lib.sh'
[38.808s] Level 1:colcon.colcon_core.environment:checking '/home/robotica/Desktop/Taller2/mi_robot_2/src/install/robot_interfaces/bin'
[38.809s] Level 1:colcon.colcon_core.environment:checking '/home/robotica/Desktop/Taller2/mi_robot_2/src/install/robot_interfaces/lib/pkgconfig/robot_interfaces.pc'
[38.809s] Level 1:colcon.colcon_core.environment:checking '/home/robotica/Desktop/Taller2/mi_robot_2/src/install/robot_interfaces/lib/python3.10/site-packages'
[38.813s] Level 1:colcon.colcon_core.environment:checking '/home/robotica/Desktop/Taller2/mi_robot_2/src/install/robot_interfaces/bin'
[38.819s] INFO:colcon.colcon_core.shell:Creating package script '/home/robotica/Desktop/Taller2/mi_robot_2/src/install/robot_interfaces/share/robot_interfaces/package.ps1'
[38.825s] INFO:colcon.colcon_core.shell:Creating package descriptor '/home/robotica/Desktop/Taller2/mi_robot_2/src/install/robot_interfaces/share/robot_interfaces/package.dsv'
[38.829s] INFO:colcon.colcon_core.shell:Creating package script '/home/robotica/Desktop/Taller2/mi_robot_2/src/install/robot_interfaces/share/robot_interfaces/package.sh'
[38.833s] INFO:colcon.colcon_core.shell:Creating package script '/home/robotica/Desktop/Taller2/mi_robot_2/src/install/robot_interfaces/share/robot_interfaces/package.bash'
[38.834s] INFO:colcon.colcon_core.shell:Creating package script '/home/robotica/Desktop/Taller2/mi_robot_2/src/install/robot_interfaces/share/robot_interfaces/package.zsh'
[38.839s] Level 1:colcon.colcon_core.environment:create_file_with_runtime_dependencies(/home/robotica/Desktop/Taller2/mi_robot_2/src/install/robot_interfaces/share/colcon-core/packages/robot_interfaces)
[38.841s] INFO:colcon.colcon_ros.task.ament_python.build:Building ROS package in '/home/robotica/Desktop/Taller2/mi_robot_2/src/mi_robot_2' with build type 'ament_python'
[38.842s] Level 1:colcon.colcon_core.shell:create_environment_hook('mi_robot_2', 'ament_prefix_path')
[38.844s] INFO:colcon.colcon_core.shell:Creating environment hook '/home/robotica/Desktop/Taller2/mi_robot_2/src/install/mi_robot_2/share/mi_robot_2/hook/ament_prefix_path.ps1'
[38.857s] INFO:colcon.colcon_core.shell:Creating environment descriptor '/home/robotica/Desktop/Taller2/mi_robot_2/src/install/mi_robot_2/share/mi_robot_2/hook/ament_prefix_path.dsv'
[38.859s] INFO:colcon.colcon_core.shell:Creating environment hook '/home/robotica/Desktop/Taller2/mi_robot_2/src/install/mi_robot_2/share/mi_robot_2/hook/ament_prefix_path.sh'
[38.876s] INFO:colcon.colcon_core.shell:Skip shell extension 'powershell' for command environment: Not usable outside of PowerShell
[38.876s] DEBUG:colcon.colcon_core.shell:Skip shell extension 'dsv' for command environment
[39.850s] INFO:colcon.colcon_core.task.python.build:Building Python package in '/home/robotica/Desktop/Taller2/mi_robot_2/src/mi_robot_2'
[39.852s] INFO:colcon.colcon_core.shell:Skip shell extension 'powershell' for command environment: Not usable outside of PowerShell
[39.852s] DEBUG:colcon.colcon_core.shell:Skip shell extension 'dsv' for command environment
[40.630s] DEBUG:colcon.colcon_core.event_handler.log_command:Invoking command in '/home/robotica/Desktop/Taller2/mi_robot_2/src/mi_robot_2': AMENT_PREFIX_PATH=/home/robotica/Desktop/Taller2/mi_robot_2/src/install/robot_interfaces:${AMENT_PREFIX_PATH} CMAKE_PREFIX_PATH=/home/robotica/Desktop/Taller2/mi_robot_2/src/install/robot_interfaces LD_LIBRARY_PATH=/home/robotica/Desktop/Taller2/mi_robot_2/src/install/robot_interfaces/lib:${LD_LIBRARY_PATH} PYTHONPATH=/home/robotica/Desktop/Taller2/mi_robot_2/src/build/mi_robot_2/prefix_override:/home/robotica/Desktop/Taller2/mi_robot_2/src/install/mi_robot_2/lib/python3.10/site-packages:/home/robotica/Desktop/Taller2/mi_robot_2/src/install/robot_interfaces/local/lib/python3.10/dist-packages:${PYTHONPATH} /usr/bin/python3 setup.py egg_info --egg-base ../build/mi_robot_2 build --build-base /home/robotica/Desktop/Taller2/mi_robot_2/src/build/mi_robot_2/build install --record /home/robotica/Desktop/Taller2/mi_robot_2/src/build/mi_robot_2/install.log --single-version-externally-managed
[41.220s] Level 1:colcon.colcon_core.environment:checking '/home/robotica/Desktop/Taller2/mi_robot_2/src/install/mi_robot_2' for CMake module files
[41.221s] DEBUG:colcon.colcon_core.event_handler.log_command:Invoked command in '/home/robotica/Desktop/Taller2/mi_robot_2/src/mi_robot_2' returned '0': AMENT_PREFIX_PATH=/home/robotica/Desktop/Taller2/mi_robot_2/src/install/robot_interfaces:${AMENT_PREFIX_PATH} CMAKE_PREFIX_PATH=/home/robotica/Desktop/Taller2/mi_robot_2/src/install/robot_interfaces LD_LIBRARY_PATH=/home/robotica/Desktop/Taller2/mi_robot_2/src/install/robot_interfaces/lib:${LD_LIBRARY_PATH} PYTHONPATH=/home/robotica/Desktop/Taller2/mi_robot_2/src/build/mi_robot_2/prefix_override:/home/robotica/Desktop/Taller2/mi_robot_2/src/install/mi_robot_2/lib/python3.10/site-packages:/home/robotica/Desktop/Taller2/mi_robot_2/src/install/robot_interfaces/local/lib/python3.10/dist-packages:${PYTHONPATH} /usr/bin/python3 setup.py egg_info --egg-base ../build/mi_robot_2 build --build-base /home/robotica/Desktop/Taller2/mi_robot_2/src/build/mi_robot_2/build install --record /home/robotica/Desktop/Taller2/mi_robot_2/src/build/mi_robot_2/install.log --single-version-externally-managed
[41.228s] Level 1:colcon.colcon_core.environment:checking '/home/robotica/Desktop/Taller2/mi_robot_2/src/install/mi_robot_2' for CMake config files
[41.229s] Level 1:colcon.colcon_core.environment:checking '/home/robotica/Desktop/Taller2/mi_robot_2/src/install/mi_robot_2/lib'
[41.233s] Level 1:colcon.colcon_core.environment:checking '/home/robotica/Desktop/Taller2/mi_robot_2/src/install/mi_robot_2/bin'
[41.233s] Level 1:colcon.colcon_core.environment:checking '/home/robotica/Desktop/Taller2/mi_robot_2/src/install/mi_robot_2/lib/pkgconfig/mi_robot_2.pc'
[41.233s] Level 1:colcon.colcon_core.environment:checking '/home/robotica/Desktop/Taller2/mi_robot_2/src/install/mi_robot_2/lib/python3.10/site-packages'
[41.234s] Level 1:colcon.colcon_core.shell:create_environment_hook('mi_robot_2', 'pythonpath')
[41.236s] INFO:colcon.colcon_core.shell:Creating environment hook '/home/robotica/Desktop/Taller2/mi_robot_2/src/install/mi_robot_2/share/mi_robot_2/hook/pythonpath.ps1'
[41.237s] INFO:colcon.colcon_core.shell:Creating environment descriptor '/home/robotica/Desktop/Taller2/mi_robot_2/src/install/mi_robot_2/share/mi_robot_2/hook/pythonpath.dsv'
[41.241s] INFO:colcon.colcon_core.shell:Creating environment hook '/home/robotica/Desktop/Taller2/mi_robot_2/src/install/mi_robot_2/share/mi_robot_2/hook/pythonpath.sh'
[41.244s] Level 1:colcon.colcon_core.environment:checking '/home/robotica/Desktop/Taller2/mi_robot_2/src/install/mi_robot_2/bin'
[41.245s] Level 1:colcon.colcon_core.environment:create_environment_scripts_only(mi_robot_2)
[41.247s] INFO:colcon.colcon_core.shell:Creating package script '/home/robotica/Desktop/Taller2/mi_robot_2/src/install/mi_robot_2/share/mi_robot_2/package.ps1'
[41.248s] INFO:colcon.colcon_core.shell:Creating package descriptor '/home/robotica/Desktop/Taller2/mi_robot_2/src/install/mi_robot_2/share/mi_robot_2/package.dsv'
[41.250s] INFO:colcon.colcon_core.shell:Creating package script '/home/robotica/Desktop/Taller2/mi_robot_2/src/install/mi_robot_2/share/mi_robot_2/package.sh'
[41.251s] INFO:colcon.colcon_core.shell:Creating package script '/home/robotica/Desktop/Taller2/mi_robot_2/src/install/mi_robot_2/share/mi_robot_2/package.bash'
[41.252s] INFO:colcon.colcon_core.shell:Creating package script '/home/robotica/Desktop/Taller2/mi_robot_2/src/install/mi_robot_2/share/mi_robot_2/package.zsh'
[41.253s] Level 1:colcon.colcon_core.environment:create_file_with_runtime_dependencies(/home/robotica/Desktop/Taller2/mi_robot_2/src/install/mi_robot_2/share/colcon-core/packages/mi_robot_2)
[41.255s] DEBUG:colcon.colcon_parallel_executor.executor.parallel:closing loop
[41.256s] DEBUG:colcon.colcon_parallel_executor.executor.parallel:loop closed
[41.256s] DEBUG:colcon.colcon_parallel_executor.executor.parallel:run_until_complete finished with '0'
[41.256s] DEBUG:colcon.colcon_core.event_reactor:joining thread
[41.301s] INFO:colcon.colcon_core.plugin_system:Skipping extension 'colcon_notification.desktop_notification.terminal_notifier': Not used on non-Darwin systems
[41.301s] INFO:colcon.colcon_core.plugin_system:Skipping extension 'colcon_notification.desktop_notification.win32': Not used on non-Windows systems
[41.301s] INFO:colcon.colcon_notification.desktop_notification:Sending desktop notification using 'notify2'
[41.339s] DEBUG:colcon.colcon_core.event_reactor:joined thread
[41.342s] INFO:colcon.colcon_core.shell:Creating prefix script '/home/robotica/Desktop/Taller2/mi_robot_2/src/install/local_setup.ps1'
[41.347s] INFO:colcon.colcon_core.shell:Creating prefix util module '/home/robotica/Desktop/Taller2/mi_robot_2/src/install/_local_setup_util_ps1.py'
[41.358s] INFO:colcon.colcon_core.shell:Creating prefix chain script '/home/robotica/Desktop/Taller2/mi_robot_2/src/install/setup.ps1'
[41.370s] INFO:colcon.colcon_core.shell:Creating prefix script '/home/robotica/Desktop/Taller2/mi_robot_2/src/install/local_setup.sh'
[41.373s] INFO:colcon.colcon_core.shell:Creating prefix util module '/home/robotica/Desktop/Taller2/mi_robot_2/src/install/_local_setup_util_sh.py'
[41.374s] INFO:colcon.colcon_core.shell:Creating prefix chain script '/home/robotica/Desktop/Taller2/mi_robot_2/src/install/setup.sh'
[41.381s] INFO:colcon.colcon_core.shell:Creating prefix script '/home/robotica/Desktop/Taller2/mi_robot_2/src/install/local_setup.bash'
[41.382s] INFO:colcon.colcon_core.shell:Creating prefix chain script '/home/robotica/Desktop/Taller2/mi_robot_2/src/install/setup.bash'
[41.388s] INFO:colcon.colcon_core.shell:Creating prefix script '/home/robotica/Desktop/Taller2/mi_robot_2/src/install/local_setup.zsh'
[41.392s] INFO:colcon.colcon_core.shell:Creating prefix chain script '/home/robotica/Desktop/Taller2/mi_robot_2/src/install/setup.zsh'
