[0.038s] Invoking command in '/home/robotica/Desktop/Taller2/mi_robot_2/src/build/robot_interfaces': CMAKE_PREFIX_PATH=${CMAKE_PREFIX_PATH}:/home/robotica/Desktop/Taller2/mi_robot_2/src/install/mi_robot_2:/opt/ros/humble /usr/bin/cmake --build /home/robotica/Desktop/Taller2/mi_robot_2/src/build/robot_interfaces -- -j1 -l1
[0.090s] [  3%] Built target robot_interfaces_srv__cpp
[0.118s] [ 12%] Built target robot_interfaces_srv__rosidl_typesupport_cpp
[0.149s] [ 22%] Built target robot_interfaces_srv__rosidl_generator_c
[0.172s] [ 32%] Built target robot_interfaces_srv__rosidl_typesupport_fastrtps_c
[0.193s] [ 41%] Built target robot_interfaces_srv__rosidl_typesupport_introspection_c
[0.214s] [ 51%] Built target robot_interfaces_srv__rosidl_typesupport_c
[0.257s] [ 61%] Built target robot_interfaces_srv__rosidl_typesupport_fastrtps_cpp
[0.281s] [ 70%] Built target robot_interfaces_srv__rosidl_typesupport_introspection_cpp
[0.300s] [ 70%] Built target robot_interfaces_srv
[0.439s] [ 70%] Built target ament_cmake_python_copy_robot_interfaces
[0.989s] running egg_info
[0.992s] writing robot_interfaces.egg-info/PKG-INFO
[0.995s] writing dependency_links to robot_interfaces.egg-info/dependency_links.txt
[0.998s] writing top-level names to robot_interfaces.egg-info/top_level.txt
[1.004s] reading manifest file 'robot_interfaces.egg-info/SOURCES.txt'
[1.006s] writing manifest file 'robot_interfaces.egg-info/SOURCES.txt'
[1.069s] [ 70%] Built target ament_cmake_python_build_robot_interfaces_egg
[1.089s] [ 74%] Built target robot_interfaces_srv__py
[1.111s] [ 80%] Built target robot_interfaces_srv__rosidl_generator_py
[1.145s] [ 87%] Built target robot_interfaces__rosidl_typesupport_fastrtps_c__pyext
[1.168s] [ 93%] Built target robot_interfaces__rosidl_typesupport_introspection_c__pyext
[1.190s] [100%] Built target robot_interfaces__rosidl_typesupport_c__pyext
[1.215s] Invoked command in '/home/robotica/Desktop/Taller2/mi_robot_2/src/build/robot_interfaces' returned '0': CMAKE_PREFIX_PATH=${CMAKE_PREFIX_PATH}:/home/robotica/Desktop/Taller2/mi_robot_2/src/install/mi_robot_2:/opt/ros/humble /usr/bin/cmake --build /home/robotica/Desktop/Taller2/mi_robot_2/src/build/robot_interfaces -- -j1 -l1
[1.300s] Invoking command in '/home/robotica/Desktop/Taller2/mi_robot_2/src/build/robot_interfaces': CMAKE_PREFIX_PATH=${CMAKE_PREFIX_PATH}:/home/robotica/Desktop/Taller2/mi_robot_2/src/install/mi_robot_2:/opt/ros/humble /usr/bin/cmake --install /home/robotica/Desktop/Taller2/mi_robot_2/src/build/robot_interfaces
[1.310s] -- Install configuration: ""
[1.311s] -- Up-to-date: /home/robotica/Desktop/Taller2/mi_robot_2/src/install/robot_interfaces/share/ament_index/resource_index/rosidl_interfaces/robot_interfaces
[1.312s] -- Up-to-date: /home/robotica/Desktop/Taller2/mi_robot_2/src/install/robot_interfaces/include/robot_interfaces/robot_interfaces
[1.313s] -- Up-to-date: /home/robotica/Desktop/Taller2/mi_robot_2/src/install/robot_interfaces/include/robot_interfaces/robot_interfaces/srv
[1.314s] -- Up-to-date: /home/robotica/Desktop/Taller2/mi_robot_2/src/install/robot_interfaces/include/robot_interfaces/robot_interfaces/srv/detail
[1.316s] -- Up-to-date: /home/robotica/Desktop/Taller2/mi_robot_2/src/install/robot_interfaces/include/robot_interfaces/robot_interfaces/srv/detail/reproducir__struct.h
[1.316s] -- Up-to-date: /home/robotica/Desktop/Taller2/mi_robot_2/src/install/robot_interfaces/include/robot_interfaces/robot_interfaces/srv/detail/reproducir__functions.h
[1.317s] -- Up-to-date: /home/robotica/Desktop/Taller2/mi_robot_2/src/install/robot_interfaces/include/robot_interfaces/robot_interfaces/srv/detail/reproducir__functions.c
[1.317s] -- Up-to-date: /home/robotica/Desktop/Taller2/mi_robot_2/src/install/robot_interfaces/include/robot_interfaces/robot_interfaces/srv/detail/reproducir__type_support.h
[1.317s] -- Up-to-date: /home/robotica/Desktop/Taller2/mi_robot_2/src/install/robot_interfaces/include/robot_interfaces/robot_interfaces/srv/reproducir.h
[1.317s] -- Up-to-date: /home/robotica/Desktop/Taller2/mi_robot_2/src/install/robot_interfaces/include/robot_interfaces/robot_interfaces/msg
[1.317s] -- Up-to-date: /home/robotica/Desktop/Taller2/mi_robot_2/src/install/robot_interfaces/include/robot_interfaces/robot_interfaces/msg/rosidl_generator_c__visibility_control.h
[1.318s] -- Up-to-date: /home/robotica/Desktop/Taller2/mi_robot_2/src/install/robot_interfaces/share/robot_interfaces/environment/library_path.sh
[1.318s] -- Up-to-date: /home/robotica/Desktop/Taller2/mi_robot_2/src/install/robot_interfaces/share/robot_interfaces/environment/library_path.dsv
[1.318s] -- Up-to-date: /home/robotica/Desktop/Taller2/mi_robot_2/src/install/robot_interfaces/lib/librobot_interfaces__rosidl_generator_c.so
[1.319s] -- Up-to-date: /home/robotica/Desktop/Taller2/mi_robot_2/src/install/robot_interfaces/include/robot_interfaces/robot_interfaces
[1.319s] -- Up-to-date: /home/robotica/Desktop/Taller2/mi_robot_2/src/install/robot_interfaces/include/robot_interfaces/robot_interfaces/srv
[1.319s] -- Up-to-date: /home/robotica/Desktop/Taller2/mi_robot_2/src/install/robot_interfaces/include/robot_interfaces/robot_interfaces/srv/detail
[1.319s] -- Up-to-date: /home/robotica/Desktop/Taller2/mi_robot_2/src/install/robot_interfaces/include/robot_interfaces/robot_interfaces/srv/detail/reproducir__rosidl_typesupport_fastrtps_c.h
[1.319s] -- Up-to-date: /home/robotica/Desktop/Taller2/mi_robot_2/src/install/robot_interfaces/include/robot_interfaces/robot_interfaces/msg
[1.319s] -- Up-to-date: /home/robotica/Desktop/Taller2/mi_robot_2/src/install/robot_interfaces/include/robot_interfaces/robot_interfaces/msg/rosidl_typesupport_fastrtps_c__visibility_control.h
[1.320s] -- Up-to-date: /home/robotica/Desktop/Taller2/mi_robot_2/src/install/robot_interfaces/lib/librobot_interfaces__rosidl_typesupport_fastrtps_c.so
[1.321s] -- Up-to-date: /home/robotica/Desktop/Taller2/mi_robot_2/src/install/robot_interfaces/include/robot_interfaces/robot_interfaces
[1.321s] -- Up-to-date: /home/robotica/Desktop/Taller2/mi_robot_2/src/install/robot_interfaces/include/robot_interfaces/robot_interfaces/srv
[1.321s] -- Up-to-date: /home/robotica/Desktop/Taller2/mi_robot_2/src/install/robot_interfaces/include/robot_interfaces/robot_interfaces/srv/detail
[1.321s] -- Up-to-date: /home/robotica/Desktop/Taller2/mi_robot_2/src/install/robot_interfaces/include/robot_interfaces/robot_interfaces/srv/detail/reproducir__rosidl_typesupport_introspection_c.h
[1.322s] -- Up-to-date: /home/robotica/Desktop/Taller2/mi_robot_2/src/install/robot_interfaces/include/robot_interfaces/robot_interfaces/srv/detail/reproducir__type_support.c
[1.322s] -- Up-to-date: /home/robotica/Desktop/Taller2/mi_robot_2/src/install/robot_interfaces/include/robot_interfaces/robot_interfaces/msg
[1.322s] -- Up-to-date: /home/robotica/Desktop/Taller2/mi_robot_2/src/install/robot_interfaces/include/robot_interfaces/robot_interfaces/msg/rosidl_typesupport_introspection_c__visibility_control.h
[1.322s] -- Up-to-date: /home/robotica/Desktop/Taller2/mi_robot_2/src/install/robot_interfaces/lib/librobot_interfaces__rosidl_typesupport_introspection_c.so
[1.323s] -- Up-to-date: /home/robotica/Desktop/Taller2/mi_robot_2/src/install/robot_interfaces/lib/librobot_interfaces__rosidl_typesupport_c.so
[1.323s] -- Up-to-date: /home/robotica/Desktop/Taller2/mi_robot_2/src/install/robot_interfaces/include/robot_interfaces/robot_interfaces
[1.332s] -- Up-to-date: /home/robotica/Desktop/Taller2/mi_robot_2/src/install/robot_interfaces/include/robot_interfaces/robot_interfaces/srv
[1.333s] -- Up-to-date: /home/robotica/Desktop/Taller2/mi_robot_2/src/install/robot_interfaces/include/robot_interfaces/robot_interfaces/srv/detail
[1.334s] -- Up-to-date: /home/robotica/Desktop/Taller2/mi_robot_2/src/install/robot_interfaces/include/robot_interfaces/robot_interfaces/srv/detail/reproducir__builder.hpp
[1.334s] -- Up-to-date: /home/robotica/Desktop/Taller2/mi_robot_2/src/install/robot_interfaces/include/robot_interfaces/robot_interfaces/srv/detail/reproducir__traits.hpp
[1.334s] -- Up-to-date: /home/robotica/Desktop/Taller2/mi_robot_2/src/install/robot_interfaces/include/robot_interfaces/robot_interfaces/srv/detail/reproducir__struct.hpp
[1.334s] -- Up-to-date: /home/robotica/Desktop/Taller2/mi_robot_2/src/install/robot_interfaces/include/robot_interfaces/robot_interfaces/srv/reproducir.hpp
[1.335s] -- Up-to-date: /home/robotica/Desktop/Taller2/mi_robot_2/src/install/robot_interfaces/include/robot_interfaces/robot_interfaces
[1.335s] -- Up-to-date: /home/robotica/Desktop/Taller2/mi_robot_2/src/install/robot_interfaces/include/robot_interfaces/robot_interfaces/srv
[1.335s] -- Up-to-date: /home/robotica/Desktop/Taller2/mi_robot_2/src/install/robot_interfaces/include/robot_interfaces/robot_interfaces/srv/detail
[1.335s] -- Up-to-date: /home/robotica/Desktop/Taller2/mi_robot_2/src/install/robot_interfaces/include/robot_interfaces/robot_interfaces/srv/detail/dds_fastrtps
[1.337s] -- Up-to-date: /home/robotica/Desktop/Taller2/mi_robot_2/src/install/robot_interfaces/include/robot_interfaces/robot_interfaces/srv/detail/reproducir__rosidl_typesupport_fastrtps_cpp.hpp
[1.337s] -- Up-to-date: /home/robotica/Desktop/Taller2/mi_robot_2/src/install/robot_interfaces/include/robot_interfaces/robot_interfaces/msg
[1.337s] -- Up-to-date: /home/robotica/Desktop/Taller2/mi_robot_2/src/install/robot_interfaces/include/robot_interfaces/robot_interfaces/msg/rosidl_typesupport_fastrtps_cpp__visibility_control.h
[1.338s] -- Up-to-date: /home/robotica/Desktop/Taller2/mi_robot_2/src/install/robot_interfaces/lib/librobot_interfaces__rosidl_typesupport_fastrtps_cpp.so
[1.338s] -- Up-to-date: /home/robotica/Desktop/Taller2/mi_robot_2/src/install/robot_interfaces/include/robot_interfaces/robot_interfaces
[1.339s] -- Up-to-date: /home/robotica/Desktop/Taller2/mi_robot_2/src/install/robot_interfaces/include/robot_interfaces/robot_interfaces/srv
[1.339s] -- Up-to-date: /home/robotica/Desktop/Taller2/mi_robot_2/src/install/robot_interfaces/include/robot_interfaces/robot_interfaces/srv/detail
[1.339s] -- Up-to-date: /home/robotica/Desktop/Taller2/mi_robot_2/src/install/robot_interfaces/include/robot_interfaces/robot_interfaces/srv/detail/reproducir__rosidl_typesupport_introspection_cpp.hpp
[1.339s] -- Up-to-date: /home/robotica/Desktop/Taller2/mi_robot_2/src/install/robot_interfaces/include/robot_interfaces/robot_interfaces/srv/detail/reproducir__type_support.cpp
[1.340s] -- Up-to-date: /home/robotica/Desktop/Taller2/mi_robot_2/src/install/robot_interfaces/lib/librobot_interfaces__rosidl_typesupport_introspection_cpp.so
[1.341s] -- Up-to-date: /home/robotica/Desktop/Taller2/mi_robot_2/src/install/robot_interfaces/lib/librobot_interfaces__rosidl_typesupport_cpp.so
[1.341s] -- Up-to-date: /home/robotica/Desktop/Taller2/mi_robot_2/src/install/robot_interfaces/share/robot_interfaces/environment/pythonpath.sh
[1.341s] -- Up-to-date: /home/robotica/Desktop/Taller2/mi_robot_2/src/install/robot_interfaces/share/robot_interfaces/environment/pythonpath.dsv
[1.341s] -- Up-to-date: /home/robotica/Desktop/Taller2/mi_robot_2/src/install/robot_interfaces/local/lib/python3.10/dist-packages/robot_interfaces-0.0.0-py3.10.egg-info
[1.342s] -- Installing: /home/robotica/Desktop/Taller2/mi_robot_2/src/install/robot_interfaces/local/lib/python3.10/dist-packages/robot_interfaces-0.0.0-py3.10.egg-info/SOURCES.txt
[1.342s] -- Installing: /home/robotica/Desktop/Taller2/mi_robot_2/src/install/robot_interfaces/local/lib/python3.10/dist-packages/robot_interfaces-0.0.0-py3.10.egg-info/PKG-INFO
[1.350s] -- Installing: /home/robotica/Desktop/Taller2/mi_robot_2/src/install/robot_interfaces/local/lib/python3.10/dist-packages/robot_interfaces-0.0.0-py3.10.egg-info/dependency_links.txt
[1.351s] -- Installing: /home/robotica/Desktop/Taller2/mi_robot_2/src/install/robot_interfaces/local/lib/python3.10/dist-packages/robot_interfaces-0.0.0-py3.10.egg-info/top_level.txt
[1.352s] -- Up-to-date: /home/robotica/Desktop/Taller2/mi_robot_2/src/install/robot_interfaces/local/lib/python3.10/dist-packages/robot_interfaces
[1.352s] -- Up-to-date: /home/robotica/Desktop/Taller2/mi_robot_2/src/install/robot_interfaces/local/lib/python3.10/dist-packages/robot_interfaces/robot_interfaces_s__rosidl_typesupport_introspection_c.cpython-310-x86_64-linux-gnu.so
[1.353s] -- Up-to-date: /home/robotica/Desktop/Taller2/mi_robot_2/src/install/robot_interfaces/local/lib/python3.10/dist-packages/robot_interfaces/_robot_interfaces_s.ep.rosidl_typesupport_fastrtps_c.c
[1.353s] -- Up-to-date: /home/robotica/Desktop/Taller2/mi_robot_2/src/install/robot_interfaces/local/lib/python3.10/dist-packages/robot_interfaces/robot_interfaces_s__rosidl_typesupport_fastrtps_c.cpython-310-x86_64-linux-gnu.so
[1.353s] -- Up-to-date: /home/robotica/Desktop/Taller2/mi_robot_2/src/install/robot_interfaces/local/lib/python3.10/dist-packages/robot_interfaces/srv
[1.353s] -- Up-to-date: /home/robotica/Desktop/Taller2/mi_robot_2/src/install/robot_interfaces/local/lib/python3.10/dist-packages/robot_interfaces/srv/_reproducir.py
[1.354s] -- Up-to-date: /home/robotica/Desktop/Taller2/mi_robot_2/src/install/robot_interfaces/local/lib/python3.10/dist-packages/robot_interfaces/srv/__init__.py
[1.354s] -- Up-to-date: /home/robotica/Desktop/Taller2/mi_robot_2/src/install/robot_interfaces/local/lib/python3.10/dist-packages/robot_interfaces/srv/_reproducir_s.c
[1.355s] -- Up-to-date: /home/robotica/Desktop/Taller2/mi_robot_2/src/install/robot_interfaces/local/lib/python3.10/dist-packages/robot_interfaces/_robot_interfaces_s.ep.rosidl_typesupport_c.c
[1.356s] -- Up-to-date: /home/robotica/Desktop/Taller2/mi_robot_2/src/install/robot_interfaces/local/lib/python3.10/dist-packages/robot_interfaces/_robot_interfaces_s.ep.rosidl_typesupport_introspection_c.c
[1.361s] -- Up-to-date: /home/robotica/Desktop/Taller2/mi_robot_2/src/install/robot_interfaces/local/lib/python3.10/dist-packages/robot_interfaces/__init__.py
[1.361s] -- Up-to-date: /home/robotica/Desktop/Taller2/mi_robot_2/src/install/robot_interfaces/local/lib/python3.10/dist-packages/robot_interfaces/robot_interfaces_s__rosidl_typesupport_c.cpython-310-x86_64-linux-gnu.so
[1.361s] -- Up-to-date: /home/robotica/Desktop/Taller2/mi_robot_2/src/install/robot_interfaces/local/lib/python3.10/dist-packages/robot_interfaces/librobot_interfaces_srv__rosidl_generator_py.so
[1.487s] Listing '/home/robotica/Desktop/Taller2/mi_robot_2/src/install/robot_interfaces/local/lib/python3.10/dist-packages/robot_interfaces'...
[1.487s] Listing '/home/robotica/Desktop/Taller2/mi_robot_2/src/install/robot_interfaces/local/lib/python3.10/dist-packages/robot_interfaces/srv'...
[1.505s] -- Up-to-date: /home/robotica/Desktop/Taller2/mi_robot_2/src/install/robot_interfaces/local/lib/python3.10/dist-packages/robot_interfaces/robot_interfaces_s__rosidl_typesupport_fastrtps_c.cpython-310-x86_64-linux-gnu.so
[1.506s] -- Up-to-date: /home/robotica/Desktop/Taller2/mi_robot_2/src/install/robot_interfaces/local/lib/python3.10/dist-packages/robot_interfaces/robot_interfaces_s__rosidl_typesupport_introspection_c.cpython-310-x86_64-linux-gnu.so
[1.507s] -- Up-to-date: /home/robotica/Desktop/Taller2/mi_robot_2/src/install/robot_interfaces/local/lib/python3.10/dist-packages/robot_interfaces/robot_interfaces_s__rosidl_typesupport_c.cpython-310-x86_64-linux-gnu.so
[1.508s] -- Up-to-date: /home/robotica/Desktop/Taller2/mi_robot_2/src/install/robot_interfaces/lib/librobot_interfaces_srv__rosidl_generator_py.so
[1.509s] -- Up-to-date: /home/robotica/Desktop/Taller2/mi_robot_2/src/install/robot_interfaces/share/robot_interfaces/srv/Reproducir.idl
[1.510s] -- Up-to-date: /home/robotica/Desktop/Taller2/mi_robot_2/src/install/robot_interfaces/share/robot_interfaces/srv/Reproducir.srv
[1.510s] -- Up-to-date: /home/robotica/Desktop/Taller2/mi_robot_2/src/install/robot_interfaces/share/robot_interfaces/srv/Reproducir_Request.msg
[1.510s] -- Up-to-date: /home/robotica/Desktop/Taller2/mi_robot_2/src/install/robot_interfaces/share/robot_interfaces/srv/Reproducir_Response.msg
[1.510s] -- Up-to-date: /home/robotica/Desktop/Taller2/mi_robot_2/src/install/robot_interfaces/share/ament_index/resource_index/package_run_dependencies/robot_interfaces
[1.511s] -- Up-to-date: /home/robotica/Desktop/Taller2/mi_robot_2/src/install/robot_interfaces/share/ament_index/resource_index/parent_prefix_path/robot_interfaces
[1.511s] -- Up-to-date: /home/robotica/Desktop/Taller2/mi_robot_2/src/install/robot_interfaces/share/robot_interfaces/environment/ament_prefix_path.sh
[1.511s] -- Up-to-date: /home/robotica/Desktop/Taller2/mi_robot_2/src/install/robot_interfaces/share/robot_interfaces/environment/ament_prefix_path.dsv
[1.512s] -- Up-to-date: /home/robotica/Desktop/Taller2/mi_robot_2/src/install/robot_interfaces/share/robot_interfaces/environment/path.sh
[1.512s] -- Up-to-date: /home/robotica/Desktop/Taller2/mi_robot_2/src/install/robot_interfaces/share/robot_interfaces/environment/path.dsv
[1.513s] -- Up-to-date: /home/robotica/Desktop/Taller2/mi_robot_2/src/install/robot_interfaces/share/robot_interfaces/local_setup.bash
[1.513s] -- Up-to-date: /home/robotica/Desktop/Taller2/mi_robot_2/src/install/robot_interfaces/share/robot_interfaces/local_setup.sh
[1.514s] -- Up-to-date: /home/robotica/Desktop/Taller2/mi_robot_2/src/install/robot_interfaces/share/robot_interfaces/local_setup.zsh
[1.514s] -- Up-to-date: /home/robotica/Desktop/Taller2/mi_robot_2/src/install/robot_interfaces/share/robot_interfaces/local_setup.dsv
[1.515s] -- Installing: /home/robotica/Desktop/Taller2/mi_robot_2/src/install/robot_interfaces/share/robot_interfaces/package.dsv
[1.517s] -- Up-to-date: /home/robotica/Desktop/Taller2/mi_robot_2/src/install/robot_interfaces/share/ament_index/resource_index/packages/robot_interfaces
[1.518s] -- Up-to-date: /home/robotica/Desktop/Taller2/mi_robot_2/src/install/robot_interfaces/share/robot_interfaces/cmake/export_robot_interfaces_srv__rosidl_generator_cExport.cmake
[1.518s] -- Up-to-date: /home/robotica/Desktop/Taller2/mi_robot_2/src/install/robot_interfaces/share/robot_interfaces/cmake/export_robot_interfaces_srv__rosidl_generator_cExport-noconfig.cmake
[1.518s] -- Up-to-date: /home/robotica/Desktop/Taller2/mi_robot_2/src/install/robot_interfaces/share/robot_interfaces/cmake/export_robot_interfaces_srv__rosidl_typesupport_fastrtps_cExport.cmake
[1.518s] -- Up-to-date: /home/robotica/Desktop/Taller2/mi_robot_2/src/install/robot_interfaces/share/robot_interfaces/cmake/export_robot_interfaces_srv__rosidl_typesupport_fastrtps_cExport-noconfig.cmake
[1.519s] -- Up-to-date: /home/robotica/Desktop/Taller2/mi_robot_2/src/install/robot_interfaces/share/robot_interfaces/cmake/robot_interfaces_srv__rosidl_typesupport_introspection_cExport.cmake
[1.519s] -- Up-to-date: /home/robotica/Desktop/Taller2/mi_robot_2/src/install/robot_interfaces/share/robot_interfaces/cmake/robot_interfaces_srv__rosidl_typesupport_introspection_cExport-noconfig.cmake
[1.519s] -- Up-to-date: /home/robotica/Desktop/Taller2/mi_robot_2/src/install/robot_interfaces/share/robot_interfaces/cmake/robot_interfaces_srv__rosidl_typesupport_cExport.cmake
[1.519s] -- Up-to-date: /home/robotica/Desktop/Taller2/mi_robot_2/src/install/robot_interfaces/share/robot_interfaces/cmake/robot_interfaces_srv__rosidl_typesupport_cExport-noconfig.cmake
[1.520s] -- Up-to-date: /home/robotica/Desktop/Taller2/mi_robot_2/src/install/robot_interfaces/share/robot_interfaces/cmake/export_robot_interfaces_srv__rosidl_generator_cppExport.cmake
[1.520s] -- Up-to-date: /home/robotica/Desktop/Taller2/mi_robot_2/src/install/robot_interfaces/share/robot_interfaces/cmake/export_robot_interfaces_srv__rosidl_typesupport_fastrtps_cppExport.cmake
[1.520s] -- Up-to-date: /home/robotica/Desktop/Taller2/mi_robot_2/src/install/robot_interfaces/share/robot_interfaces/cmake/export_robot_interfaces_srv__rosidl_typesupport_fastrtps_cppExport-noconfig.cmake
[1.520s] -- Up-to-date: /home/robotica/Desktop/Taller2/mi_robot_2/src/install/robot_interfaces/share/robot_interfaces/cmake/robot_interfaces_srv__rosidl_typesupport_introspection_cppExport.cmake
[1.521s] -- Up-to-date: /home/robotica/Desktop/Taller2/mi_robot_2/src/install/robot_interfaces/share/robot_interfaces/cmake/robot_interfaces_srv__rosidl_typesupport_introspection_cppExport-noconfig.cmake
[1.521s] -- Up-to-date: /home/robotica/Desktop/Taller2/mi_robot_2/src/install/robot_interfaces/share/robot_interfaces/cmake/robot_interfaces_srv__rosidl_typesupport_cppExport.cmake
[1.521s] -- Up-to-date: /home/robotica/Desktop/Taller2/mi_robot_2/src/install/robot_interfaces/share/robot_interfaces/cmake/robot_interfaces_srv__rosidl_typesupport_cppExport-noconfig.cmake
[1.521s] -- Up-to-date: /home/robotica/Desktop/Taller2/mi_robot_2/src/install/robot_interfaces/share/robot_interfaces/cmake/export_robot_interfaces_srv__rosidl_generator_pyExport.cmake
[1.521s] -- Up-to-date: /home/robotica/Desktop/Taller2/mi_robot_2/src/install/robot_interfaces/share/robot_interfaces/cmake/export_robot_interfaces_srv__rosidl_generator_pyExport-noconfig.cmake
[1.522s] -- Up-to-date: /home/robotica/Desktop/Taller2/mi_robot_2/src/install/robot_interfaces/share/robot_interfaces/cmake/rosidl_cmake-extras.cmake
[1.522s] -- Up-to-date: /home/robotica/Desktop/Taller2/mi_robot_2/src/install/robot_interfaces/share/robot_interfaces/cmake/ament_cmake_export_include_directories-extras.cmake
[1.522s] -- Up-to-date: /home/robotica/Desktop/Taller2/mi_robot_2/src/install/robot_interfaces/share/robot_interfaces/cmake/ament_cmake_export_libraries-extras.cmake
[1.542s] -- Up-to-date: /home/robotica/Desktop/Taller2/mi_robot_2/src/install/robot_interfaces/share/robot_interfaces/cmake/ament_cmake_export_targets-extras.cmake
[1.542s] -- Up-to-date: /home/robotica/Desktop/Taller2/mi_robot_2/src/install/robot_interfaces/share/robot_interfaces/cmake/rosidl_cmake_export_typesupport_targets-extras.cmake
[1.542s] -- Up-to-date: /home/robotica/Desktop/Taller2/mi_robot_2/src/install/robot_interfaces/share/robot_interfaces/cmake/ament_cmake_export_dependencies-extras.cmake
[1.542s] -- Up-to-date: /home/robotica/Desktop/Taller2/mi_robot_2/src/install/robot_interfaces/share/robot_interfaces/cmake/rosidl_cmake_export_typesupport_libraries-extras.cmake
[1.542s] -- Up-to-date: /home/robotica/Desktop/Taller2/mi_robot_2/src/install/robot_interfaces/share/robot_interfaces/cmake/robot_interfacesConfig.cmake
[1.542s] -- Up-to-date: /home/robotica/Desktop/Taller2/mi_robot_2/src/install/robot_interfaces/share/robot_interfaces/cmake/robot_interfacesConfig-version.cmake
[1.542s] -- Up-to-date: /home/robotica/Desktop/Taller2/mi_robot_2/src/install/robot_interfaces/share/robot_interfaces/package.xml
[1.542s] Invoked command in '/home/robotica/Desktop/Taller2/mi_robot_2/src/build/robot_interfaces' returned '0': CMAKE_PREFIX_PATH=${CMAKE_PREFIX_PATH}:/home/robotica/Desktop/Taller2/mi_robot_2/src/install/mi_robot_2:/opt/ros/humble /usr/bin/cmake --install /home/robotica/Desktop/Taller2/mi_robot_2/src/build/robot_interfaces
