[0.991s] Invoking command in '/home/robotica/mi_robot_2/src/mi_robot_2': PYTHONPATH=/home/robotica/mi_robot_2/build/mi_robot_2/prefix_override:/home/robotica/mi_robot_2/install/mi_robot_2/lib/python3.10/site-packages:${PYTHONPATH} /usr/bin/python3 setup.py egg_info --egg-base ../../build/mi_robot_2 build --build-base /home/robotica/mi_robot_2/build/mi_robot_2/build install --record /home/robotica/mi_robot_2/build/mi_robot_2/install.log --single-version-externally-managed
[1.357s] running egg_info
[1.360s] writing ../../build/mi_robot_2/mi_robot_2.egg-info/PKG-INFO
[1.361s] writing dependency_links to ../../build/mi_robot_2/mi_robot_2.egg-info/dependency_links.txt
[1.362s] writing entry points to ../../build/mi_robot_2/mi_robot_2.egg-info/entry_points.txt
[1.362s] writing requirements to ../../build/mi_robot_2/mi_robot_2.egg-info/requires.txt
[1.363s] writing top-level names to ../../build/mi_robot_2/mi_robot_2.egg-info/top_level.txt
[1.366s] reading manifest file '../../build/mi_robot_2/mi_robot_2.egg-info/SOURCES.txt'
[1.367s] writing manifest file '../../build/mi_robot_2/mi_robot_2.egg-info/SOURCES.txt'
[1.369s] running build
[1.369s] running build_py
[1.370s] running install
[1.370s] /usr/lib/python3/dist-packages/setuptools/command/install.py:34: SetuptoolsDeprecationWarning: setup.py install is deprecated. Use build and pip and other standards-based tools.
[1.371s]   warnings.warn(
[1.371s] running install_lib
[1.374s] running install_data
[1.376s] running install_egg_info
[1.378s] removing '/home/robotica/mi_robot_2/install/mi_robot_2/lib/python3.10/site-packages/mi_robot_2-0.0.0-py3.10.egg-info' (and everything under it)
[1.378s] Copying ../../build/mi_robot_2/mi_robot_2.egg-info to /home/robotica/mi_robot_2/install/mi_robot_2/lib/python3.10/site-packages/mi_robot_2-0.0.0-py3.10.egg-info
[1.379s] running install_scripts
[1.405s] Installing robot_teleop script to /home/robotica/mi_robot_2/install/mi_robot_2/lib/mi_robot_2
[1.406s] writing list of installed files to '/home/robotica/mi_robot_2/build/mi_robot_2/install.log'
[1.464s] Invoked command in '/home/robotica/mi_robot_2/src/mi_robot_2' returned '0': PYTHONPATH=/home/robotica/mi_robot_2/build/mi_robot_2/prefix_override:/home/robotica/mi_robot_2/install/mi_robot_2/lib/python3.10/site-packages:${PYTHONPATH} /usr/bin/python3 setup.py egg_info --egg-base ../../build/mi_robot_2 build --build-base /home/robotica/mi_robot_2/build/mi_robot_2/build install --record /home/robotica/mi_robot_2/build/mi_robot_2/install.log --single-version-externally-managed
