[0.781s] DEBUG:colcon:Command line arguments: ['/usr/bin/colcon', 'build']
[0.782s] DEBUG:colcon:Parsed command line arguments: Namespace(log_base=None, log_level=None, verb_name='build', build_base='build', install_base='install', merge_install=False, symlink_install=False, test_result_base=None, continue_on_error=False, executor='parallel', parallel_workers=1, event_handlers=None, ignore_user_meta=False, metas=['./colcon.meta'], base_paths=['.'], packages_ignore=None, packages_ignore_regex=None, paths=None, packages_up_to=None, packages_up_to_regex=None, packages_above=None, packages_above_and_dependencies=None, packages_above_depth=None, packages_select_by_dep=None, packages_skip_by_dep=None, packages_skip_up_to=None, packages_select_build_failed=False, packages_skip_build_finished=False, packages_select_test_failures=False, packages_skip_test_passed=False, packages_select=None, packages_skip=None, packages_select_regex=None, packages_skip_regex=None, packages_start=None, packages_end=None, allow_overriding=[], cmake_args=None, cmake_target=None, cmake_target_skip_unavailable=False, cmake_clean_cache=False, cmake_clean_first=False, cmake_force_configure=False, ament_cmake_args=None, catkin_cmake_args=None, catkin_skip_building_tests=False, verb_parser=<colcon_defaults.argument_parser.defaults.DefaultArgumentsDecorator object at 0x7f02c49e03d0>, verb_extension=<colcon_core.verb.build.BuildVerb object at 0x7f02c531f3a0>, main=<bound method BuildVerb.main of <colcon_core.verb.build.BuildVerb object at 0x7f02c531f3a0>>)
[0.833s] Level 1:colcon.colcon_core.package_discovery:discover_packages(colcon_meta) check parameters
[0.833s] Level 1:colcon.colcon_core.package_discovery:discover_packages(recursive) check parameters
[0.834s] Level 1:colcon.colcon_core.package_discovery:discover_packages(ignore) check parameters
[0.834s] Level 1:colcon.colcon_core.package_discovery:discover_packages(path) check parameters
[0.835s] Level 1:colcon.colcon_core.package_discovery:discover_packages(colcon_meta) discover
[0.835s] Level 1:colcon.colcon_core.package_discovery:discover_packages(recursive) discover
[0.835s] INFO:colcon.colcon_core.package_discovery:Crawling recursively for packages in '/home/robotica/mi_robot_2'
[0.836s] Level 1:colcon.colcon_core.package_identification:_identify(.) by extensions ['ignore', 'ignore_ament_install']
[0.836s] Level 1:colcon.colcon_core.package_identification:_identify(.) by extension 'ignore'
[0.837s] Level 1:colcon.colcon_core.package_identification:_identify(.) by extension 'ignore_ament_install'
[0.837s] Level 1:colcon.colcon_core.package_identification:_identify(.) by extensions ['colcon_pkg']
[0.837s] Level 1:colcon.colcon_core.package_identification:_identify(.) by extension 'colcon_pkg'
[0.838s] Level 1:colcon.colcon_core.package_identification:_identify(.) by extensions ['colcon_meta']
[0.838s] Level 1:colcon.colcon_core.package_identification:_identify(.) by extension 'colcon_meta'
[0.839s] Level 1:colcon.colcon_core.package_identification:_identify(.) by extensions ['ros']
[0.839s] Level 1:colcon.colcon_core.package_identification:_identify(.) by extension 'ros'
[0.888s] Level 1:colcon.colcon_core.package_identification:_identify(.) by extensions ['cmake', 'python']
[0.889s] Level 1:colcon.colcon_core.package_identification:_identify(.) by extension 'cmake'
[0.889s] Level 1:colcon.colcon_core.package_identification:_identify(.) by extension 'python'
[0.890s] Level 1:colcon.colcon_core.package_identification:_identify(.) by extensions ['python_setup_py']
[0.890s] Level 1:colcon.colcon_core.package_identification:_identify(.) by extension 'python_setup_py'
[0.891s] Level 1:colcon.colcon_core.package_identification:_identify(build) by extensions ['ignore', 'ignore_ament_install']
[0.891s] Level 1:colcon.colcon_core.package_identification:_identify(build) by extension 'ignore'
[0.891s] Level 1:colcon.colcon_core.package_identification:_identify(build) ignored
[0.892s] Level 1:colcon.colcon_core.package_identification:_identify(install) by extensions ['ignore', 'ignore_ament_install']
[0.892s] Level 1:colcon.colcon_core.package_identification:_identify(install) by extension 'ignore'
[0.893s] Level 1:colcon.colcon_core.package_identification:_identify(install) ignored
[0.893s] Level 1:colcon.colcon_core.package_identification:_identify(log) by extensions ['ignore', 'ignore_ament_install']
[0.894s] Level 1:colcon.colcon_core.package_identification:_identify(log) by extension 'ignore'
[0.894s] Level 1:colcon.colcon_core.package_identification:_identify(log) ignored
[0.895s] Level 1:colcon.colcon_core.package_identification:_identify(src) by extensions ['ignore', 'ignore_ament_install']
[0.895s] Level 1:colcon.colcon_core.package_identification:_identify(src) by extension 'ignore'
[0.895s] Level 1:colcon.colcon_core.package_identification:_identify(src) by extension 'ignore_ament_install'
[0.896s] Level 1:colcon.colcon_core.package_identification:_identify(src) by extensions ['colcon_pkg']
[0.896s] Level 1:colcon.colcon_core.package_identification:_identify(src) by extension 'colcon_pkg'
[0.897s] Level 1:colcon.colcon_core.package_identification:_identify(src) by extensions ['colcon_meta']
[0.897s] Level 1:colcon.colcon_core.package_identification:_identify(src) by extension 'colcon_meta'
[0.897s] Level 1:colcon.colcon_core.package_identification:_identify(src) by extensions ['ros']
[0.898s] Level 1:colcon.colcon_core.package_identification:_identify(src) by extension 'ros'
[0.898s] Level 1:colcon.colcon_core.package_identification:_identify(src) by extensions ['cmake', 'python']
[0.898s] Level 1:colcon.colcon_core.package_identification:_identify(src) by extension 'cmake'
[0.899s] Level 1:colcon.colcon_core.package_identification:_identify(src) by extension 'python'
[0.899s] Level 1:colcon.colcon_core.package_identification:_identify(src) by extensions ['python_setup_py']
[0.900s] Level 1:colcon.colcon_core.package_identification:_identify(src) by extension 'python_setup_py'
[0.900s] Level 1:colcon.colcon_core.package_identification:_identify(src/build) by extensions ['ignore', 'ignore_ament_install']
[0.900s] Level 1:colcon.colcon_core.package_identification:_identify(src/build) by extension 'ignore'
[0.900s] Level 1:colcon.colcon_core.package_identification:_identify(src/build) ignored
[0.900s] Level 1:colcon.colcon_core.package_identification:_identify(src/install) by extensions ['ignore', 'ignore_ament_install']
[0.900s] Level 1:colcon.colcon_core.package_identification:_identify(src/install) by extension 'ignore'
[0.900s] Level 1:colcon.colcon_core.package_identification:_identify(src/install) ignored
[0.901s] Level 1:colcon.colcon_core.package_identification:_identify(src/log) by extensions ['ignore', 'ignore_ament_install']
[0.901s] Level 1:colcon.colcon_core.package_identification:_identify(src/log) by extension 'ignore'
[0.901s] Level 1:colcon.colcon_core.package_identification:_identify(src/log) ignored
[0.901s] Level 1:colcon.colcon_core.package_identification:_identify(src/mi_robot_2) by extensions ['ignore', 'ignore_ament_install']
[0.901s] Level 1:colcon.colcon_core.package_identification:_identify(src/mi_robot_2) by extension 'ignore'
[0.901s] Level 1:colcon.colcon_core.package_identification:_identify(src/mi_robot_2) by extension 'ignore_ament_install'
[0.901s] Level 1:colcon.colcon_core.package_identification:_identify(src/mi_robot_2) by extensions ['colcon_pkg']
[0.901s] Level 1:colcon.colcon_core.package_identification:_identify(src/mi_robot_2) by extension 'colcon_pkg'
[0.901s] Level 1:colcon.colcon_core.package_identification:_identify(src/mi_robot_2) by extensions ['colcon_meta']
[0.902s] Level 1:colcon.colcon_core.package_identification:_identify(src/mi_robot_2) by extension 'colcon_meta'
[0.902s] Level 1:colcon.colcon_core.package_identification:_identify(src/mi_robot_2) by extensions ['ros']
[0.902s] Level 1:colcon.colcon_core.package_identification:_identify(src/mi_robot_2) by extension 'ros'
[0.908s] DEBUG:colcon.colcon_core.package_identification:Package 'src/mi_robot_2' with type 'ros.ament_python' and name 'mi_robot_2'
[0.908s] Level 1:colcon.colcon_core.package_discovery:discover_packages(recursive) using defaults
[0.909s] Level 1:colcon.colcon_core.package_discovery:discover_packages(ignore) discover
[0.909s] Level 1:colcon.colcon_core.package_discovery:discover_packages(ignore) using defaults
[0.909s] Level 1:colcon.colcon_core.package_discovery:discover_packages(path) discover
[0.909s] Level 1:colcon.colcon_core.package_discovery:discover_packages(path) using defaults
[0.982s] Level 1:colcon.colcon_core.package_discovery:discover_packages(prefix_path) check parameters
[0.982s] Level 1:colcon.colcon_core.package_discovery:discover_packages(prefix_path) discover
[0.991s] DEBUG:colcon.colcon_installed_package_information.package_discovery:Found 284 installed packages in /opt/ros/humble
[1.001s] Level 1:colcon.colcon_core.package_discovery:discover_packages(prefix_path) using defaults
[1.212s] Level 5:colcon.colcon_core.verb:set package 'mi_robot_2' build argument 'cmake_args' from command line to 'None'
[1.213s] Level 5:colcon.colcon_core.verb:set package 'mi_robot_2' build argument 'cmake_target' from command line to 'None'
[1.213s] Level 5:colcon.colcon_core.verb:set package 'mi_robot_2' build argument 'cmake_target_skip_unavailable' from command line to 'False'
[1.213s] Level 5:colcon.colcon_core.verb:set package 'mi_robot_2' build argument 'cmake_clean_cache' from command line to 'False'
[1.214s] Level 5:colcon.colcon_core.verb:set package 'mi_robot_2' build argument 'cmake_clean_first' from command line to 'False'
[1.214s] Level 5:colcon.colcon_core.verb:set package 'mi_robot_2' build argument 'cmake_force_configure' from command line to 'False'
[1.214s] Level 5:colcon.colcon_core.verb:set package 'mi_robot_2' build argument 'ament_cmake_args' from command line to 'None'
[1.215s] Level 5:colcon.colcon_core.verb:set package 'mi_robot_2' build argument 'catkin_cmake_args' from command line to 'None'
[1.215s] Level 5:colcon.colcon_core.verb:set package 'mi_robot_2' build argument 'catkin_skip_building_tests' from command line to 'False'
[1.215s] DEBUG:colcon.colcon_core.verb:Building package 'mi_robot_2' with the following arguments: {'ament_cmake_args': None, 'build_base': '/home/robotica/mi_robot_2/build/mi_robot_2', 'catkin_cmake_args': None, 'catkin_skip_building_tests': False, 'cmake_args': None, 'cmake_clean_cache': False, 'cmake_clean_first': False, 'cmake_force_configure': False, 'cmake_target': None, 'cmake_target_skip_unavailable': False, 'install_base': '/home/robotica/mi_robot_2/install/mi_robot_2', 'merge_install': False, 'path': '/home/robotica/mi_robot_2/src/mi_robot_2', 'symlink_install': False, 'test_result_base': None}
[1.217s] INFO:colcon.colcon_core.executor:Executing jobs using 'parallel' executor
[1.225s] DEBUG:colcon.colcon_parallel_executor.executor.parallel:run_until_complete
[1.225s] INFO:colcon.colcon_ros.task.ament_python.build:Building ROS package in '/home/robotica/mi_robot_2/src/mi_robot_2' with build type 'ament_python'
[1.225s] Level 1:colcon.colcon_core.shell:create_environment_hook('mi_robot_2', 'ament_prefix_path')
[1.236s] INFO:colcon.colcon_core.plugin_system:Skipping extension 'colcon_core.shell.bat': Not used on non-Windows systems
[1.237s] INFO:colcon.colcon_core.shell:Creating environment hook '/home/robotica/mi_robot_2/install/mi_robot_2/share/mi_robot_2/hook/ament_prefix_path.ps1'
[1.240s] INFO:colcon.colcon_core.shell:Creating environment descriptor '/home/robotica/mi_robot_2/install/mi_robot_2/share/mi_robot_2/hook/ament_prefix_path.dsv'
[1.251s] INFO:colcon.colcon_core.shell:Creating environment hook '/home/robotica/mi_robot_2/install/mi_robot_2/share/mi_robot_2/hook/ament_prefix_path.sh'
[1.263s] INFO:colcon.colcon_core.shell:Skip shell extension 'powershell' for command environment: Not usable outside of PowerShell
[1.264s] DEBUG:colcon.colcon_core.shell:Skip shell extension 'dsv' for command environment
[2.636s] INFO:colcon.colcon_core.task.python.build:Building Python package in '/home/robotica/mi_robot_2/src/mi_robot_2'
[2.643s] INFO:colcon.colcon_core.shell:Skip shell extension 'powershell' for command environment: Not usable outside of PowerShell
[2.644s] DEBUG:colcon.colcon_core.shell:Skip shell extension 'dsv' for command environment
[4.104s] DEBUG:colcon.colcon_core.event_handler.log_command:Invoking command in '/home/robotica/mi_robot_2/src/mi_robot_2': PYTHONPATH=/home/robotica/mi_robot_2/build/mi_robot_2/prefix_override:/home/robotica/mi_robot_2/install/mi_robot_2/lib/python3.10/site-packages:${PYTHONPATH} /usr/bin/python3 setup.py egg_info --egg-base ../../build/mi_robot_2 build --build-base /home/robotica/mi_robot_2/build/mi_robot_2/build install --record /home/robotica/mi_robot_2/build/mi_robot_2/install.log --single-version-externally-managed
[5.868s] DEBUG:colcon.colcon_core.event_handler.log_command:Invoked command in '/home/robotica/mi_robot_2/src/mi_robot_2' returned '0': PYTHONPATH=/home/robotica/mi_robot_2/build/mi_robot_2/prefix_override:/home/robotica/mi_robot_2/install/mi_robot_2/lib/python3.10/site-packages:${PYTHONPATH} /usr/bin/python3 setup.py egg_info --egg-base ../../build/mi_robot_2 build --build-base /home/robotica/mi_robot_2/build/mi_robot_2/build install --record /home/robotica/mi_robot_2/build/mi_robot_2/install.log --single-version-externally-managed
[5.885s] Level 1:colcon.colcon_core.environment:checking '/home/robotica/mi_robot_2/install/mi_robot_2' for CMake module files
[5.892s] Level 1:colcon.colcon_core.environment:checking '/home/robotica/mi_robot_2/install/mi_robot_2' for CMake config files
[5.894s] Level 1:colcon.colcon_core.environment:checking '/home/robotica/mi_robot_2/install/mi_robot_2/lib'
[5.895s] Level 1:colcon.colcon_core.environment:checking '/home/robotica/mi_robot_2/install/mi_robot_2/bin'
[5.895s] Level 1:colcon.colcon_core.environment:checking '/home/robotica/mi_robot_2/install/mi_robot_2/lib/pkgconfig/mi_robot_2.pc'
[5.896s] Level 1:colcon.colcon_core.environment:checking '/home/robotica/mi_robot_2/install/mi_robot_2/lib/python3.10/site-packages'
[5.897s] Level 1:colcon.colcon_core.shell:create_environment_hook('mi_robot_2', 'pythonpath')
[5.903s] INFO:colcon.colcon_core.shell:Creating environment hook '/home/robotica/mi_robot_2/install/mi_robot_2/share/mi_robot_2/hook/pythonpath.ps1'
[5.908s] INFO:colcon.colcon_core.shell:Creating environment descriptor '/home/robotica/mi_robot_2/install/mi_robot_2/share/mi_robot_2/hook/pythonpath.dsv'
[5.913s] INFO:colcon.colcon_core.shell:Creating environment hook '/home/robotica/mi_robot_2/install/mi_robot_2/share/mi_robot_2/hook/pythonpath.sh'
[5.920s] Level 1:colcon.colcon_core.environment:checking '/home/robotica/mi_robot_2/install/mi_robot_2/bin'
[5.921s] Level 1:colcon.colcon_core.environment:create_environment_scripts_only(mi_robot_2)
[5.930s] INFO:colcon.colcon_core.shell:Creating package script '/home/robotica/mi_robot_2/install/mi_robot_2/share/mi_robot_2/package.ps1'
[5.936s] INFO:colcon.colcon_core.shell:Creating package descriptor '/home/robotica/mi_robot_2/install/mi_robot_2/share/mi_robot_2/package.dsv'
[5.942s] INFO:colcon.colcon_core.shell:Creating package script '/home/robotica/mi_robot_2/install/mi_robot_2/share/mi_robot_2/package.sh'
[5.945s] INFO:colcon.colcon_core.shell:Creating package script '/home/robotica/mi_robot_2/install/mi_robot_2/share/mi_robot_2/package.bash'
[5.951s] INFO:colcon.colcon_core.shell:Creating package script '/home/robotica/mi_robot_2/install/mi_robot_2/share/mi_robot_2/package.zsh'
[5.955s] Level 1:colcon.colcon_core.environment:create_file_with_runtime_dependencies(/home/robotica/mi_robot_2/install/mi_robot_2/share/colcon-core/packages/mi_robot_2)
[5.963s] DEBUG:colcon.colcon_parallel_executor.executor.parallel:closing loop
[5.964s] DEBUG:colcon.colcon_parallel_executor.executor.parallel:loop closed
[5.964s] DEBUG:colcon.colcon_parallel_executor.executor.parallel:run_until_complete finished with '0'
[5.965s] DEBUG:colcon.colcon_core.event_reactor:joining thread
[5.978s] INFO:colcon.colcon_core.plugin_system:Skipping extension 'colcon_notification.desktop_notification.terminal_notifier': Not used on non-Darwin systems
[5.983s] INFO:colcon.colcon_core.plugin_system:Skipping extension 'colcon_notification.desktop_notification.win32': Not used on non-Windows systems
[5.984s] INFO:colcon.colcon_notification.desktop_notification:Sending desktop notification using 'notify2'
[6.029s] DEBUG:colcon.colcon_core.event_reactor:joined thread
[6.033s] INFO:colcon.colcon_core.shell:Creating prefix script '/home/robotica/mi_robot_2/install/local_setup.ps1'
[6.048s] INFO:colcon.colcon_core.shell:Creating prefix util module '/home/robotica/mi_robot_2/install/_local_setup_util_ps1.py'
[6.055s] INFO:colcon.colcon_core.shell:Creating prefix chain script '/home/robotica/mi_robot_2/install/setup.ps1'
[6.064s] INFO:colcon.colcon_core.shell:Creating prefix script '/home/robotica/mi_robot_2/install/local_setup.sh'
[6.068s] INFO:colcon.colcon_core.shell:Creating prefix util module '/home/robotica/mi_robot_2/install/_local_setup_util_sh.py'
[6.072s] INFO:colcon.colcon_core.shell:Creating prefix chain script '/home/robotica/mi_robot_2/install/setup.sh'
[6.081s] INFO:colcon.colcon_core.shell:Creating prefix script '/home/robotica/mi_robot_2/install/local_setup.bash'
[6.087s] INFO:colcon.colcon_core.shell:Creating prefix chain script '/home/robotica/mi_robot_2/install/setup.bash'
[6.091s] INFO:colcon.colcon_core.shell:Creating prefix script '/home/robotica/mi_robot_2/install/local_setup.zsh'
[6.096s] INFO:colcon.colcon_core.shell:Creating prefix chain script '/home/robotica/mi_robot_2/install/setup.zsh'
