[0.988s] Invoking command in '/home/robotica/Desktop/Taller2/mi_robot_2/src/mi_robot_2': PYTHONPATH=/home/robotica/Desktop/Taller2/mi_robot_2/src/build/mi_robot_2/prefix_override:/home/robotica/Desktop/Taller2/mi_robot_2/src/install/mi_robot_2/lib/python3.10/site-packages:${PYTHONPATH} /usr/bin/python3 setup.py egg_info --egg-base ../build/mi_robot_2 build --build-base /home/robotica/Desktop/Taller2/mi_robot_2/src/build/mi_robot_2/build install --record /home/robotica/Desktop/Taller2/mi_robot_2/src/build/mi_robot_2/install.log --single-version-externally-managed
[1.398s] running egg_info
[1.400s] writing ../build/mi_robot_2/mi_robot_2.egg-info/PKG-INFO
[1.402s] writing dependency_links to ../build/mi_robot_2/mi_robot_2.egg-info/dependency_links.txt
[1.404s] writing entry points to ../build/mi_robot_2/mi_robot_2.egg-info/entry_points.txt
[1.406s] writing requirements to ../build/mi_robot_2/mi_robot_2.egg-info/requires.txt
[1.407s] writing top-level names to ../build/mi_robot_2/mi_robot_2.egg-info/top_level.txt
[1.412s] reading manifest file '../build/mi_robot_2/mi_robot_2.egg-info/SOURCES.txt'
[1.415s] writing manifest file '../build/mi_robot_2/mi_robot_2.egg-info/SOURCES.txt'
[1.416s] running build
[1.417s] running build_py
[1.418s] copying mi_robot_2/robot_interface.py -> /home/robotica/Desktop/Taller2/mi_robot_2/src/build/mi_robot_2/build/lib/mi_robot_2
[1.420s] running install
[1.421s] /usr/lib/python3/dist-packages/setuptools/command/install.py:34: SetuptoolsDeprecationWarning: setup.py install is deprecated. Use build and pip and other standards-based tools.
[1.422s]   warnings.warn(
[1.424s] running install_lib
[1.426s] copying /home/robotica/Desktop/Taller2/mi_robot_2/src/build/mi_robot_2/build/lib/mi_robot_2/robot_interface.py -> /home/robotica/Desktop/Taller2/mi_robot_2/src/install/mi_robot_2/lib/python3.10/site-packages/mi_robot_2
[1.429s] byte-compiling /home/robotica/Desktop/Taller2/mi_robot_2/src/install/mi_robot_2/lib/python3.10/site-packages/mi_robot_2/robot_interface.py to robot_interface.cpython-310.pyc
[1.434s] running install_data
[1.436s] running install_egg_info
[1.439s] removing '/home/robotica/Desktop/Taller2/mi_robot_2/src/install/mi_robot_2/lib/python3.10/site-packages/mi_robot_2-0.0.0-py3.10.egg-info' (and everything under it)
[1.449s] Copying ../build/mi_robot_2/mi_robot_2.egg-info to /home/robotica/Desktop/Taller2/mi_robot_2/src/install/mi_robot_2/lib/python3.10/site-packages/mi_robot_2-0.0.0-py3.10.egg-info
[1.450s] running install_scripts
[1.503s] Installing robot_interface script to /home/robotica/Desktop/Taller2/mi_robot_2/src/install/mi_robot_2/lib/mi_robot_2
[1.506s] Installing robot_player script to /home/robotica/Desktop/Taller2/mi_robot_2/src/install/mi_robot_2/lib/mi_robot_2
[1.508s] Installing robot_teleop script to /home/robotica/Desktop/Taller2/mi_robot_2/src/install/mi_robot_2/lib/mi_robot_2
[1.511s] writing list of installed files to '/home/robotica/Desktop/Taller2/mi_robot_2/src/build/mi_robot_2/install.log'
[1.561s] Invoked command in '/home/robotica/Desktop/Taller2/mi_robot_2/src/mi_robot_2' returned '0': PYTHONPATH=/home/robotica/Desktop/Taller2/mi_robot_2/src/build/mi_robot_2/prefix_override:/home/robotica/Desktop/Taller2/mi_robot_2/src/install/mi_robot_2/lib/python3.10/site-packages:${PYTHONPATH} /usr/bin/python3 setup.py egg_info --egg-base ../build/mi_robot_2 build --build-base /home/robotica/Desktop/Taller2/mi_robot_2/src/build/mi_robot_2/build install --record /home/robotica/Desktop/Taller2/mi_robot_2/src/build/mi_robot_2/install.log --single-version-externally-managed
