[4.462s] DEBUG:colcon:Command line arguments: ['/usr/bin/colcon', 'build']
[4.462s] DEBUG:colcon:Parsed command line arguments: Namespace(log_base=None, log_level=None, verb_name='build', build_base='build', install_base='install', merge_install=False, symlink_install=False, test_result_base=None, continue_on_error=False, executor='parallel', parallel_workers=1, event_handlers=None, ignore_user_meta=False, metas=['./colcon.meta'], base_paths=['.'], packages_ignore=None, packages_ignore_regex=None, paths=None, packages_up_to=None, packages_up_to_regex=None, packages_above=None, packages_above_and_dependencies=None, packages_above_depth=None, packages_select_by_dep=None, packages_skip_by_dep=None, packages_skip_up_to=None, packages_select_build_failed=False, packages_skip_build_finished=False, packages_select_test_failures=False, packages_skip_test_passed=False, packages_select=None, packages_skip=None, packages_select_regex=None, packages_skip_regex=None, packages_start=None, packages_end=None, allow_overriding=[], cmake_args=None, cmake_target=None, cmake_target_skip_unavailable=False, cmake_clean_cache=False, cmake_clean_first=False, cmake_force_configure=False, ament_cmake_args=None, catkin_cmake_args=None, catkin_skip_building_tests=False, verb_parser=<colcon_defaults.argument_parser.defaults.DefaultArgumentsDecorator object at 0x7f5e5d627be0>, verb_extension=<colcon_core.verb.build.BuildVerb object at 0x7f5e5dfef640>, main=<bound method BuildVerb.main of <colcon_core.verb.build.BuildVerb object at 0x7f5e5dfef640>>)
[4.749s] Level 1:colcon.colcon_core.package_discovery:discover_packages(colcon_meta) check parameters
[4.765s] Level 1:colcon.colcon_core.package_discovery:discover_packages(recursive) check parameters
[4.766s] Level 1:colcon.colcon_core.package_discovery:discover_packages(ignore) check parameters
[4.766s] Level 1:colcon.colcon_core.package_discovery:discover_packages(path) check parameters
[4.766s] Level 1:colcon.colcon_core.package_discovery:discover_packages(colcon_meta) discover
[4.773s] Level 1:colcon.colcon_core.package_discovery:discover_packages(recursive) discover
[4.773s] INFO:colcon.colcon_core.package_discovery:Crawling recursively for packages in '/home/robotica/Desktop/Taller2/src/mi_robot_2/mi_robot_2'
[4.774s] Level 1:colcon.colcon_core.package_identification:_identify(.) by extensions ['ignore', 'ignore_ament_install']
[4.774s] Level 1:colcon.colcon_core.package_identification:_identify(.) by extension 'ignore'
[4.774s] Level 1:colcon.colcon_core.package_identification:_identify(.) by extension 'ignore_ament_install'
[4.775s] Level 1:colcon.colcon_core.package_identification:_identify(.) by extensions ['colcon_pkg']
[4.775s] Level 1:colcon.colcon_core.package_identification:_identify(.) by extension 'colcon_pkg'
[4.775s] Level 1:colcon.colcon_core.package_identification:_identify(.) by extensions ['colcon_meta']
[4.775s] Level 1:colcon.colcon_core.package_identification:_identify(.) by extension 'colcon_meta'
[4.775s] Level 1:colcon.colcon_core.package_identification:_identify(.) by extensions ['ros']
[4.775s] Level 1:colcon.colcon_core.package_identification:_identify(.) by extension 'ros'
[5.142s] Level 1:colcon.colcon_core.package_identification:_identify(.) by extensions ['cmake', 'python']
[5.142s] Level 1:colcon.colcon_core.package_identification:_identify(.) by extension 'cmake'
[5.142s] Level 1:colcon.colcon_core.package_identification:_identify(.) by extension 'python'
[5.142s] Level 1:colcon.colcon_core.package_identification:_identify(.) by extensions ['python_setup_py']
[5.142s] Level 1:colcon.colcon_core.package_identification:_identify(.) by extension 'python_setup_py'
[5.143s] Level 1:colcon.colcon_core.package_identification:_identify(build) by extensions ['ignore', 'ignore_ament_install']
[5.143s] Level 1:colcon.colcon_core.package_identification:_identify(build) by extension 'ignore'
[5.143s] Level 1:colcon.colcon_core.package_identification:_identify(build) ignored
[5.143s] Level 1:colcon.colcon_core.package_identification:_identify(install) by extensions ['ignore', 'ignore_ament_install']
[5.143s] Level 1:colcon.colcon_core.package_identification:_identify(install) by extension 'ignore'
[5.143s] Level 1:colcon.colcon_core.package_identification:_identify(install) ignored
[5.143s] Level 1:colcon.colcon_core.package_identification:_identify(log) by extensions ['ignore', 'ignore_ament_install']
[5.143s] Level 1:colcon.colcon_core.package_identification:_identify(log) by extension 'ignore'
[5.143s] Level 1:colcon.colcon_core.package_identification:_identify(log) ignored
[5.143s] Level 1:colcon.colcon_core.package_discovery:discover_packages(recursive) using defaults
[5.143s] Level 1:colcon.colcon_core.package_discovery:discover_packages(ignore) discover
[5.143s] Level 1:colcon.colcon_core.package_discovery:discover_packages(ignore) using defaults
[5.143s] Level 1:colcon.colcon_core.package_discovery:discover_packages(path) discover
[5.143s] Level 1:colcon.colcon_core.package_discovery:discover_packages(path) using defaults
[5.512s] Level 1:colcon.colcon_core.package_discovery:discover_packages(prefix_path) check parameters
[5.512s] Level 1:colcon.colcon_core.package_discovery:discover_packages(prefix_path) discover
[5.543s] DEBUG:colcon.colcon_installed_package_information.package_discovery:Found 0 installed packages in /home/robotica/Desktop/Taller2/src/mi_robot_2/mi_robot_2/install
[5.544s] DEBUG:colcon.colcon_installed_package_information.package_discovery:Found 1 installed packages in /home/robotica/Desktop/Taller2/src/mi_robot_2/install
[5.566s] DEBUG:colcon.colcon_installed_package_information.package_discovery:Found 1 installed packages in /home/robotica/Desktop/Taller2/src/install
[5.616s] DEBUG:colcon.colcon_installed_package_information.package_discovery:Found 284 installed packages in /opt/ros/humble
[5.638s] Level 1:colcon.colcon_core.package_discovery:discover_packages(prefix_path) using defaults
[6.724s] INFO:colcon.colcon_core.executor:Executing jobs using 'parallel' executor
[6.806s] DEBUG:colcon.colcon_parallel_executor.executor.parallel:run_until_complete
[6.806s] DEBUG:colcon.colcon_parallel_executor.executor.parallel:closing loop
[6.806s] DEBUG:colcon.colcon_parallel_executor.executor.parallel:loop closed
[6.806s] DEBUG:colcon.colcon_parallel_executor.executor.parallel:run_until_complete finished with '0'
[6.806s] DEBUG:colcon.colcon_core.event_reactor:joining thread
[6.887s] INFO:colcon.colcon_core.plugin_system:Skipping extension 'colcon_notification.desktop_notification.terminal_notifier': Not used on non-Darwin systems
[6.888s] INFO:colcon.colcon_core.plugin_system:Skipping extension 'colcon_notification.desktop_notification.win32': Not used on non-Windows systems
[6.888s] INFO:colcon.colcon_notification.desktop_notification:Sending desktop notification using 'notify2'
[7.142s] DEBUG:colcon.colcon_core.event_reactor:joined thread
[7.148s] INFO:colcon.colcon_core.plugin_system:Skipping extension 'colcon_core.shell.bat': Not used on non-Windows systems
[7.148s] INFO:colcon.colcon_core.shell:Creating prefix script '/home/robotica/Desktop/Taller2/src/mi_robot_2/mi_robot_2/install/local_setup.ps1'
[7.193s] INFO:colcon.colcon_core.shell:Creating prefix util module '/home/robotica/Desktop/Taller2/src/mi_robot_2/mi_robot_2/install/_local_setup_util_ps1.py'
[7.239s] INFO:colcon.colcon_core.shell:Creating prefix chain script '/home/robotica/Desktop/Taller2/src/mi_robot_2/mi_robot_2/install/setup.ps1'
[7.324s] INFO:colcon.colcon_core.shell:Creating prefix script '/home/robotica/Desktop/Taller2/src/mi_robot_2/mi_robot_2/install/local_setup.sh'
[7.329s] INFO:colcon.colcon_core.shell:Creating prefix util module '/home/robotica/Desktop/Taller2/src/mi_robot_2/mi_robot_2/install/_local_setup_util_sh.py'
[7.353s] INFO:colcon.colcon_core.shell:Creating prefix chain script '/home/robotica/Desktop/Taller2/src/mi_robot_2/mi_robot_2/install/setup.sh'
[7.377s] INFO:colcon.colcon_core.shell:Creating prefix script '/home/robotica/Desktop/Taller2/src/mi_robot_2/mi_robot_2/install/local_setup.bash'
[7.409s] INFO:colcon.colcon_core.shell:Creating prefix chain script '/home/robotica/Desktop/Taller2/src/mi_robot_2/mi_robot_2/install/setup.bash'
[7.449s] INFO:colcon.colcon_core.shell:Creating prefix script '/home/robotica/Desktop/Taller2/src/mi_robot_2/mi_robot_2/install/local_setup.zsh'
[7.470s] INFO:colcon.colcon_core.shell:Creating prefix chain script '/home/robotica/Desktop/Taller2/src/mi_robot_2/mi_robot_2/install/setup.zsh'
