[0.187s] Invoking command in '/home/robotica/Desktop/Taller2/mi_robot_2/src/build/robot_interfaces': CMAKE_PREFIX_PATH=/opt/ros/humble /usr/bin/cmake --build /home/robotica/Desktop/Taller2/mi_robot_2/src/build/robot_interfaces -- -j1 -l1
[0.767s] [  3%] Built target robot_interfaces_srv__cpp
[0.840s] [35m[1mConsolidate compiler generated dependencies of target robot_interfaces_srv__rosidl_typesupport_cpp[0m
[0.967s] [ 12%] Built target robot_interfaces_srv__rosidl_typesupport_cpp
[1.059s] [35m[1mConsolidate compiler generated dependencies of target robot_interfaces_srv__rosidl_generator_c[0m
[1.144s] [ 22%] Built target robot_interfaces_srv__rosidl_generator_c
[1.220s] [35m[1mConsolidate compiler generated dependencies of target robot_interfaces_srv__rosidl_typesupport_fastrtps_c[0m
[1.332s] [ 32%] Built target robot_interfaces_srv__rosidl_typesupport_fastrtps_c
[1.459s] [35m[1mConsolidate compiler generated dependencies of target robot_interfaces_srv__rosidl_typesupport_introspection_c[0m
[1.580s] [ 41%] Built target robot_interfaces_srv__rosidl_typesupport_introspection_c
[1.699s] [35m[1mConsolidate compiler generated dependencies of target robot_interfaces_srv__rosidl_typesupport_c[0m
[1.767s] [ 51%] Built target robot_interfaces_srv__rosidl_typesupport_c
[1.857s] [35m[1mConsolidate compiler generated dependencies of target robot_interfaces_srv__rosidl_typesupport_fastrtps_cpp[0m
[1.982s] [ 61%] Built target robot_interfaces_srv__rosidl_typesupport_fastrtps_cpp
[2.093s] [35m[1mConsolidate compiler generated dependencies of target robot_interfaces_srv__rosidl_typesupport_introspection_cpp[0m
[2.209s] [ 70%] Built target robot_interfaces_srv__rosidl_typesupport_introspection_cpp
[2.387s] [ 70%] Built target robot_interfaces_srv
[2.622s] [ 70%] Built target ament_cmake_python_copy_robot_interfaces
[5.279s] running egg_info
[5.284s] writing robot_interfaces.egg-info/PKG-INFO
[5.294s] writing dependency_links to robot_interfaces.egg-info/dependency_links.txt
[5.296s] writing top-level names to robot_interfaces.egg-info/top_level.txt
[5.312s] reading manifest file 'robot_interfaces.egg-info/SOURCES.txt'
[5.319s] writing manifest file 'robot_interfaces.egg-info/SOURCES.txt'
[5.644s] [ 70%] Built target ament_cmake_python_build_robot_interfaces_egg
[5.802s] [ 74%] Built target robot_interfaces_srv__py
[5.927s] [35m[1mConsolidate compiler generated dependencies of target robot_interfaces_srv__rosidl_generator_py[0m
[6.056s] [ 80%] Built target robot_interfaces_srv__rosidl_generator_py
[6.170s] [35m[1mConsolidate compiler generated dependencies of target robot_interfaces__rosidl_typesupport_fastrtps_c__pyext[0m
[6.271s] [ 87%] Built target robot_interfaces__rosidl_typesupport_fastrtps_c__pyext
[6.371s] [35m[1mConsolidate compiler generated dependencies of target robot_interfaces__rosidl_typesupport_introspection_c__pyext[0m
[6.549s] [ 93%] Built target robot_interfaces__rosidl_typesupport_introspection_c__pyext
[6.658s] [35m[1mConsolidate compiler generated dependencies of target robot_interfaces__rosidl_typesupport_c__pyext[0m
[6.798s] [100%] Built target robot_interfaces__rosidl_typesupport_c__pyext
[6.908s] Invoked command in '/home/robotica/Desktop/Taller2/mi_robot_2/src/build/robot_interfaces' returned '0': CMAKE_PREFIX_PATH=/opt/ros/humble /usr/bin/cmake --build /home/robotica/Desktop/Taller2/mi_robot_2/src/build/robot_interfaces -- -j1 -l1
[7.733s] Invoking command in '/home/robotica/Desktop/Taller2/mi_robot_2/src/build/robot_interfaces': CMAKE_PREFIX_PATH=/opt/ros/humble /usr/bin/cmake --install /home/robotica/Desktop/Taller2/mi_robot_2/src/build/robot_interfaces
[7.807s] -- Install configuration: ""
[7.811s] -- Up-to-date: /home/robotica/Desktop/Taller2/mi_robot_2/src/install/robot_interfaces/share/ament_index/resource_index/rosidl_interfaces/robot_interfaces
[7.812s] -- Up-to-date: /home/robotica/Desktop/Taller2/mi_robot_2/src/install/robot_interfaces/include/robot_interfaces/robot_interfaces
[7.815s] -- Up-to-date: /home/robotica/Desktop/Taller2/mi_robot_2/src/install/robot_interfaces/include/robot_interfaces/robot_interfaces/srv
[7.816s] -- Up-to-date: /home/robotica/Desktop/Taller2/mi_robot_2/src/install/robot_interfaces/include/robot_interfaces/robot_interfaces/srv/detail
[7.816s] -- Up-to-date: /home/robotica/Desktop/Taller2/mi_robot_2/src/install/robot_interfaces/include/robot_interfaces/robot_interfaces/srv/detail/reproducir__struct.h
[7.816s] -- Up-to-date: /home/robotica/Desktop/Taller2/mi_robot_2/src/install/robot_interfaces/include/robot_interfaces/robot_interfaces/srv/detail/reproducir__functions.h
[7.816s] -- Up-to-date: /home/robotica/Desktop/Taller2/mi_robot_2/src/install/robot_interfaces/include/robot_interfaces/robot_interfaces/srv/detail/reproducir__functions.c
[7.816s] -- Up-to-date: /home/robotica/Desktop/Taller2/mi_robot_2/src/install/robot_interfaces/include/robot_interfaces/robot_interfaces/srv/detail/reproducir__type_support.h
[7.817s] -- Up-to-date: /home/robotica/Desktop/Taller2/mi_robot_2/src/install/robot_interfaces/include/robot_interfaces/robot_interfaces/srv/reproducir.h
[7.817s] -- Up-to-date: /home/robotica/Desktop/Taller2/mi_robot_2/src/install/robot_interfaces/include/robot_interfaces/robot_interfaces/msg
[7.819s] -- Up-to-date: /home/robotica/Desktop/Taller2/mi_robot_2/src/install/robot_interfaces/include/robot_interfaces/robot_interfaces/msg/rosidl_generator_c__visibility_control.h
[7.819s] -- Up-to-date: /home/robotica/Desktop/Taller2/mi_robot_2/src/install/robot_interfaces/share/robot_interfaces/environment/library_path.sh
[7.820s] -- Up-to-date: /home/robotica/Desktop/Taller2/mi_robot_2/src/install/robot_interfaces/share/robot_interfaces/environment/library_path.dsv
[7.822s] -- Up-to-date: /home/robotica/Desktop/Taller2/mi_robot_2/src/install/robot_interfaces/lib/librobot_interfaces__rosidl_generator_c.so
[7.828s] -- Up-to-date: /home/robotica/Desktop/Taller2/mi_robot_2/src/install/robot_interfaces/include/robot_interfaces/robot_interfaces
[7.828s] -- Up-to-date: /home/robotica/Desktop/Taller2/mi_robot_2/src/install/robot_interfaces/include/robot_interfaces/robot_interfaces/srv
[7.828s] -- Up-to-date: /home/robotica/Desktop/Taller2/mi_robot_2/src/install/robot_interfaces/include/robot_interfaces/robot_interfaces/srv/detail
[7.828s] -- Up-to-date: /home/robotica/Desktop/Taller2/mi_robot_2/src/install/robot_interfaces/include/robot_interfaces/robot_interfaces/srv/detail/reproducir__rosidl_typesupport_fastrtps_c.h
[7.828s] -- Up-to-date: /home/robotica/Desktop/Taller2/mi_robot_2/src/install/robot_interfaces/include/robot_interfaces/robot_interfaces/msg
[7.830s] -- Up-to-date: /home/robotica/Desktop/Taller2/mi_robot_2/src/install/robot_interfaces/include/robot_interfaces/robot_interfaces/msg/rosidl_typesupport_fastrtps_c__visibility_control.h
[7.835s] -- Up-to-date: /home/robotica/Desktop/Taller2/mi_robot_2/src/install/robot_interfaces/lib/librobot_interfaces__rosidl_typesupport_fastrtps_c.so
[7.838s] -- Up-to-date: /home/robotica/Desktop/Taller2/mi_robot_2/src/install/robot_interfaces/include/robot_interfaces/robot_interfaces
[7.838s] -- Up-to-date: /home/robotica/Desktop/Taller2/mi_robot_2/src/install/robot_interfaces/include/robot_interfaces/robot_interfaces/srv
[7.838s] -- Up-to-date: /home/robotica/Desktop/Taller2/mi_robot_2/src/install/robot_interfaces/include/robot_interfaces/robot_interfaces/srv/detail
[7.838s] -- Up-to-date: /home/robotica/Desktop/Taller2/mi_robot_2/src/install/robot_interfaces/include/robot_interfaces/robot_interfaces/srv/detail/reproducir__rosidl_typesupport_introspection_c.h
[7.839s] -- Up-to-date: /home/robotica/Desktop/Taller2/mi_robot_2/src/install/robot_interfaces/include/robot_interfaces/robot_interfaces/srv/detail/reproducir__type_support.c
[7.839s] -- Up-to-date: /home/robotica/Desktop/Taller2/mi_robot_2/src/install/robot_interfaces/include/robot_interfaces/robot_interfaces/msg
[7.840s] -- Up-to-date: /home/robotica/Desktop/Taller2/mi_robot_2/src/install/robot_interfaces/include/robot_interfaces/robot_interfaces/msg/rosidl_typesupport_introspection_c__visibility_control.h
[7.847s] -- Up-to-date: /home/robotica/Desktop/Taller2/mi_robot_2/src/install/robot_interfaces/lib/librobot_interfaces__rosidl_typesupport_introspection_c.so
[7.848s] -- Up-to-date: /home/robotica/Desktop/Taller2/mi_robot_2/src/install/robot_interfaces/lib/librobot_interfaces__rosidl_typesupport_c.so
[7.849s] -- Up-to-date: /home/robotica/Desktop/Taller2/mi_robot_2/src/install/robot_interfaces/include/robot_interfaces/robot_interfaces
[7.849s] -- Up-to-date: /home/robotica/Desktop/Taller2/mi_robot_2/src/install/robot_interfaces/include/robot_interfaces/robot_interfaces/srv
[7.849s] -- Up-to-date: /home/robotica/Desktop/Taller2/mi_robot_2/src/install/robot_interfaces/include/robot_interfaces/robot_interfaces/srv/detail
[7.849s] -- Up-to-date: /home/robotica/Desktop/Taller2/mi_robot_2/src/install/robot_interfaces/include/robot_interfaces/robot_interfaces/srv/detail/reproducir__builder.hpp
[7.850s] -- Up-to-date: /home/robotica/Desktop/Taller2/mi_robot_2/src/install/robot_interfaces/include/robot_interfaces/robot_interfaces/srv/detail/reproducir__traits.hpp
[7.850s] -- Up-to-date: /home/robotica/Desktop/Taller2/mi_robot_2/src/install/robot_interfaces/include/robot_interfaces/robot_interfaces/srv/detail/reproducir__struct.hpp
[7.850s] -- Up-to-date: /home/robotica/Desktop/Taller2/mi_robot_2/src/install/robot_interfaces/include/robot_interfaces/robot_interfaces/srv/reproducir.hpp
[7.850s] -- Up-to-date: /home/robotica/Desktop/Taller2/mi_robot_2/src/install/robot_interfaces/include/robot_interfaces/robot_interfaces
[7.850s] -- Up-to-date: /home/robotica/Desktop/Taller2/mi_robot_2/src/install/robot_interfaces/include/robot_interfaces/robot_interfaces/srv
[7.850s] -- Up-to-date: /home/robotica/Desktop/Taller2/mi_robot_2/src/install/robot_interfaces/include/robot_interfaces/robot_interfaces/srv/detail
[7.851s] -- Up-to-date: /home/robotica/Desktop/Taller2/mi_robot_2/src/install/robot_interfaces/include/robot_interfaces/robot_interfaces/srv/detail/dds_fastrtps
[7.851s] -- Up-to-date: /home/robotica/Desktop/Taller2/mi_robot_2/src/install/robot_interfaces/include/robot_interfaces/robot_interfaces/srv/detail/reproducir__rosidl_typesupport_fastrtps_cpp.hpp
[7.851s] -- Up-to-date: /home/robotica/Desktop/Taller2/mi_robot_2/src/install/robot_interfaces/include/robot_interfaces/robot_interfaces/msg
[7.851s] -- Up-to-date: /home/robotica/Desktop/Taller2/mi_robot_2/src/install/robot_interfaces/include/robot_interfaces/robot_interfaces/msg/rosidl_typesupport_fastrtps_cpp__visibility_control.h
[7.854s] -- Up-to-date: /home/robotica/Desktop/Taller2/mi_robot_2/src/install/robot_interfaces/lib/librobot_interfaces__rosidl_typesupport_fastrtps_cpp.so
[7.855s] -- Up-to-date: /home/robotica/Desktop/Taller2/mi_robot_2/src/install/robot_interfaces/include/robot_interfaces/robot_interfaces
[7.855s] -- Up-to-date: /home/robotica/Desktop/Taller2/mi_robot_2/src/install/robot_interfaces/include/robot_interfaces/robot_interfaces/srv
[7.855s] -- Up-to-date: /home/robotica/Desktop/Taller2/mi_robot_2/src/install/robot_interfaces/include/robot_interfaces/robot_interfaces/srv/detail
[7.855s] -- Up-to-date: /home/robotica/Desktop/Taller2/mi_robot_2/src/install/robot_interfaces/include/robot_interfaces/robot_interfaces/srv/detail/reproducir__rosidl_typesupport_introspection_cpp.hpp
[7.855s] -- Up-to-date: /home/robotica/Desktop/Taller2/mi_robot_2/src/install/robot_interfaces/include/robot_interfaces/robot_interfaces/srv/detail/reproducir__type_support.cpp
[7.857s] -- Up-to-date: /home/robotica/Desktop/Taller2/mi_robot_2/src/install/robot_interfaces/lib/librobot_interfaces__rosidl_typesupport_introspection_cpp.so
[7.863s] -- Up-to-date: /home/robotica/Desktop/Taller2/mi_robot_2/src/install/robot_interfaces/lib/librobot_interfaces__rosidl_typesupport_cpp.so
[7.867s] -- Up-to-date: /home/robotica/Desktop/Taller2/mi_robot_2/src/install/robot_interfaces/share/robot_interfaces/environment/pythonpath.sh
[7.867s] -- Up-to-date: /home/robotica/Desktop/Taller2/mi_robot_2/src/install/robot_interfaces/share/robot_interfaces/environment/pythonpath.dsv
[7.867s] -- Up-to-date: /home/robotica/Desktop/Taller2/mi_robot_2/src/install/robot_interfaces/local/lib/python3.10/dist-packages/robot_interfaces-0.0.0-py3.10.egg-info
[7.868s] -- Installing: /home/robotica/Desktop/Taller2/mi_robot_2/src/install/robot_interfaces/local/lib/python3.10/dist-packages/robot_interfaces-0.0.0-py3.10.egg-info/SOURCES.txt
[7.868s] -- Installing: /home/robotica/Desktop/Taller2/mi_robot_2/src/install/robot_interfaces/local/lib/python3.10/dist-packages/robot_interfaces-0.0.0-py3.10.egg-info/PKG-INFO
[7.869s] -- Installing: /home/robotica/Desktop/Taller2/mi_robot_2/src/install/robot_interfaces/local/lib/python3.10/dist-packages/robot_interfaces-0.0.0-py3.10.egg-info/dependency_links.txt
[7.871s] -- Installing: /home/robotica/Desktop/Taller2/mi_robot_2/src/install/robot_interfaces/local/lib/python3.10/dist-packages/robot_interfaces-0.0.0-py3.10.egg-info/top_level.txt
[7.877s] -- Up-to-date: /home/robotica/Desktop/Taller2/mi_robot_2/src/install/robot_interfaces/local/lib/python3.10/dist-packages/robot_interfaces
[7.879s] -- Up-to-date: /home/robotica/Desktop/Taller2/mi_robot_2/src/install/robot_interfaces/local/lib/python3.10/dist-packages/robot_interfaces/robot_interfaces_s__rosidl_typesupport_introspection_c.cpython-310-x86_64-linux-gnu.so
[7.881s] -- Up-to-date: /home/robotica/Desktop/Taller2/mi_robot_2/src/install/robot_interfaces/local/lib/python3.10/dist-packages/robot_interfaces/_robot_interfaces_s.ep.rosidl_typesupport_fastrtps_c.c
[7.882s] -- Up-to-date: /home/robotica/Desktop/Taller2/mi_robot_2/src/install/robot_interfaces/local/lib/python3.10/dist-packages/robot_interfaces/robot_interfaces_s__rosidl_typesupport_fastrtps_c.cpython-310-x86_64-linux-gnu.so
[7.882s] -- Up-to-date: /home/robotica/Desktop/Taller2/mi_robot_2/src/install/robot_interfaces/local/lib/python3.10/dist-packages/robot_interfaces/srv
[7.882s] -- Up-to-date: /home/robotica/Desktop/Taller2/mi_robot_2/src/install/robot_interfaces/local/lib/python3.10/dist-packages/robot_interfaces/srv/_reproducir.py
[7.883s] -- Up-to-date: /home/robotica/Desktop/Taller2/mi_robot_2/src/install/robot_interfaces/local/lib/python3.10/dist-packages/robot_interfaces/srv/__init__.py
[7.887s] -- Up-to-date: /home/robotica/Desktop/Taller2/mi_robot_2/src/install/robot_interfaces/local/lib/python3.10/dist-packages/robot_interfaces/srv/_reproducir_s.c
[7.887s] -- Up-to-date: /home/robotica/Desktop/Taller2/mi_robot_2/src/install/robot_interfaces/local/lib/python3.10/dist-packages/robot_interfaces/_robot_interfaces_s.ep.rosidl_typesupport_c.c
[7.887s] -- Up-to-date: /home/robotica/Desktop/Taller2/mi_robot_2/src/install/robot_interfaces/local/lib/python3.10/dist-packages/robot_interfaces/_robot_interfaces_s.ep.rosidl_typesupport_introspection_c.c
[7.889s] -- Up-to-date: /home/robotica/Desktop/Taller2/mi_robot_2/src/install/robot_interfaces/local/lib/python3.10/dist-packages/robot_interfaces/__init__.py
[7.889s] -- Up-to-date: /home/robotica/Desktop/Taller2/mi_robot_2/src/install/robot_interfaces/local/lib/python3.10/dist-packages/robot_interfaces/robot_interfaces_s__rosidl_typesupport_c.cpython-310-x86_64-linux-gnu.so
[7.889s] -- Up-to-date: /home/robotica/Desktop/Taller2/mi_robot_2/src/install/robot_interfaces/local/lib/python3.10/dist-packages/robot_interfaces/librobot_interfaces_srv__rosidl_generator_py.so
[8.232s] Listing '/home/robotica/Desktop/Taller2/mi_robot_2/src/install/robot_interfaces/local/lib/python3.10/dist-packages/robot_interfaces'...
[8.232s] Listing '/home/robotica/Desktop/Taller2/mi_robot_2/src/install/robot_interfaces/local/lib/python3.10/dist-packages/robot_interfaces/srv'...
[8.280s] -- Up-to-date: /home/robotica/Desktop/Taller2/mi_robot_2/src/install/robot_interfaces/local/lib/python3.10/dist-packages/robot_interfaces/robot_interfaces_s__rosidl_typesupport_fastrtps_c.cpython-310-x86_64-linux-gnu.so
[8.281s] -- Up-to-date: /home/robotica/Desktop/Taller2/mi_robot_2/src/install/robot_interfaces/local/lib/python3.10/dist-packages/robot_interfaces/robot_interfaces_s__rosidl_typesupport_introspection_c.cpython-310-x86_64-linux-gnu.so
[8.282s] -- Up-to-date: /home/robotica/Desktop/Taller2/mi_robot_2/src/install/robot_interfaces/local/lib/python3.10/dist-packages/robot_interfaces/robot_interfaces_s__rosidl_typesupport_c.cpython-310-x86_64-linux-gnu.so
[8.284s] -- Up-to-date: /home/robotica/Desktop/Taller2/mi_robot_2/src/install/robot_interfaces/lib/librobot_interfaces_srv__rosidl_generator_py.so
[8.284s] -- Up-to-date: /home/robotica/Desktop/Taller2/mi_robot_2/src/install/robot_interfaces/share/robot_interfaces/srv/Reproducir.idl
[8.284s] -- Up-to-date: /home/robotica/Desktop/Taller2/mi_robot_2/src/install/robot_interfaces/share/robot_interfaces/srv/Reproducir.srv
[8.284s] -- Up-to-date: /home/robotica/Desktop/Taller2/mi_robot_2/src/install/robot_interfaces/share/robot_interfaces/srv/Reproducir_Request.msg
[8.285s] -- Up-to-date: /home/robotica/Desktop/Taller2/mi_robot_2/src/install/robot_interfaces/share/robot_interfaces/srv/Reproducir_Response.msg
[8.285s] -- Up-to-date: /home/robotica/Desktop/Taller2/mi_robot_2/src/install/robot_interfaces/share/ament_index/resource_index/package_run_dependencies/robot_interfaces
[8.285s] -- Up-to-date: /home/robotica/Desktop/Taller2/mi_robot_2/src/install/robot_interfaces/share/ament_index/resource_index/parent_prefix_path/robot_interfaces
[8.285s] -- Up-to-date: /home/robotica/Desktop/Taller2/mi_robot_2/src/install/robot_interfaces/share/robot_interfaces/environment/ament_prefix_path.sh
[8.285s] -- Up-to-date: /home/robotica/Desktop/Taller2/mi_robot_2/src/install/robot_interfaces/share/robot_interfaces/environment/ament_prefix_path.dsv
[8.286s] -- Up-to-date: /home/robotica/Desktop/Taller2/mi_robot_2/src/install/robot_interfaces/share/robot_interfaces/environment/path.sh
[8.286s] -- Up-to-date: /home/robotica/Desktop/Taller2/mi_robot_2/src/install/robot_interfaces/share/robot_interfaces/environment/path.dsv
[8.286s] -- Up-to-date: /home/robotica/Desktop/Taller2/mi_robot_2/src/install/robot_interfaces/share/robot_interfaces/local_setup.bash
[8.286s] -- Up-to-date: /home/robotica/Desktop/Taller2/mi_robot_2/src/install/robot_interfaces/share/robot_interfaces/local_setup.sh
[8.287s] -- Up-to-date: /home/robotica/Desktop/Taller2/mi_robot_2/src/install/robot_interfaces/share/robot_interfaces/local_setup.zsh
[8.287s] -- Up-to-date: /home/robotica/Desktop/Taller2/mi_robot_2/src/install/robot_interfaces/share/robot_interfaces/local_setup.dsv
[8.287s] -- Installing: /home/robotica/Desktop/Taller2/mi_robot_2/src/install/robot_interfaces/share/robot_interfaces/package.dsv
[8.289s] -- Up-to-date: /home/robotica/Desktop/Taller2/mi_robot_2/src/install/robot_interfaces/share/ament_index/resource_index/packages/robot_interfaces
[8.306s] -- Up-to-date: /home/robotica/Desktop/Taller2/mi_robot_2/src/install/robot_interfaces/share/robot_interfaces/cmake/export_robot_interfaces_srv__rosidl_generator_cExport.cmake
[8.307s] -- Up-to-date: /home/robotica/Desktop/Taller2/mi_robot_2/src/install/robot_interfaces/share/robot_interfaces/cmake/export_robot_interfaces_srv__rosidl_generator_cExport-noconfig.cmake
[8.317s] -- Up-to-date: /home/robotica/Desktop/Taller2/mi_robot_2/src/install/robot_interfaces/share/robot_interfaces/cmake/export_robot_interfaces_srv__rosidl_typesupport_fastrtps_cExport.cmake
[8.318s] -- Up-to-date: /home/robotica/Desktop/Taller2/mi_robot_2/src/install/robot_interfaces/share/robot_interfaces/cmake/export_robot_interfaces_srv__rosidl_typesupport_fastrtps_cExport-noconfig.cmake
[8.320s] -- Up-to-date: /home/robotica/Desktop/Taller2/mi_robot_2/src/install/robot_interfaces/share/robot_interfaces/cmake/robot_interfaces_srv__rosidl_typesupport_introspection_cExport.cmake
[8.320s] -- Up-to-date: /home/robotica/Desktop/Taller2/mi_robot_2/src/install/robot_interfaces/share/robot_interfaces/cmake/robot_interfaces_srv__rosidl_typesupport_introspection_cExport-noconfig.cmake
[8.324s] -- Up-to-date: /home/robotica/Desktop/Taller2/mi_robot_2/src/install/robot_interfaces/share/robot_interfaces/cmake/robot_interfaces_srv__rosidl_typesupport_cExport.cmake
[8.324s] -- Up-to-date: /home/robotica/Desktop/Taller2/mi_robot_2/src/install/robot_interfaces/share/robot_interfaces/cmake/robot_interfaces_srv__rosidl_typesupport_cExport-noconfig.cmake
[8.327s] -- Up-to-date: /home/robotica/Desktop/Taller2/mi_robot_2/src/install/robot_interfaces/share/robot_interfaces/cmake/export_robot_interfaces_srv__rosidl_generator_cppExport.cmake
[8.331s] -- Up-to-date: /home/robotica/Desktop/Taller2/mi_robot_2/src/install/robot_interfaces/share/robot_interfaces/cmake/export_robot_interfaces_srv__rosidl_typesupport_fastrtps_cppExport.cmake
[8.335s] -- Up-to-date: /home/robotica/Desktop/Taller2/mi_robot_2/src/install/robot_interfaces/share/robot_interfaces/cmake/export_robot_interfaces_srv__rosidl_typesupport_fastrtps_cppExport-noconfig.cmake
[8.348s] -- Up-to-date: /home/robotica/Desktop/Taller2/mi_robot_2/src/install/robot_interfaces/share/robot_interfaces/cmake/robot_interfaces_srv__rosidl_typesupport_introspection_cppExport.cmake
[8.349s] -- Up-to-date: /home/robotica/Desktop/Taller2/mi_robot_2/src/install/robot_interfaces/share/robot_interfaces/cmake/robot_interfaces_srv__rosidl_typesupport_introspection_cppExport-noconfig.cmake
[8.354s] -- Up-to-date: /home/robotica/Desktop/Taller2/mi_robot_2/src/install/robot_interfaces/share/robot_interfaces/cmake/robot_interfaces_srv__rosidl_typesupport_cppExport.cmake
[8.355s] -- Up-to-date: /home/robotica/Desktop/Taller2/mi_robot_2/src/install/robot_interfaces/share/robot_interfaces/cmake/robot_interfaces_srv__rosidl_typesupport_cppExport-noconfig.cmake
[8.363s] -- Up-to-date: /home/robotica/Desktop/Taller2/mi_robot_2/src/install/robot_interfaces/share/robot_interfaces/cmake/export_robot_interfaces_srv__rosidl_generator_pyExport.cmake
[8.363s] -- Up-to-date: /home/robotica/Desktop/Taller2/mi_robot_2/src/install/robot_interfaces/share/robot_interfaces/cmake/export_robot_interfaces_srv__rosidl_generator_pyExport-noconfig.cmake
[8.363s] -- Up-to-date: /home/robotica/Desktop/Taller2/mi_robot_2/src/install/robot_interfaces/share/robot_interfaces/cmake/rosidl_cmake-extras.cmake
[8.364s] -- Up-to-date: /home/robotica/Desktop/Taller2/mi_robot_2/src/install/robot_interfaces/share/robot_interfaces/cmake/ament_cmake_export_include_directories-extras.cmake
[8.364s] -- Up-to-date: /home/robotica/Desktop/Taller2/mi_robot_2/src/install/robot_interfaces/share/robot_interfaces/cmake/ament_cmake_export_libraries-extras.cmake
[8.364s] -- Up-to-date: /home/robotica/Desktop/Taller2/mi_robot_2/src/install/robot_interfaces/share/robot_interfaces/cmake/ament_cmake_export_targets-extras.cmake
[8.364s] -- Up-to-date: /home/robotica/Desktop/Taller2/mi_robot_2/src/install/robot_interfaces/share/robot_interfaces/cmake/rosidl_cmake_export_typesupport_targets-extras.cmake
[8.366s] -- Up-to-date: /home/robotica/Desktop/Taller2/mi_robot_2/src/install/robot_interfaces/share/robot_interfaces/cmake/ament_cmake_export_dependencies-extras.cmake
[8.367s] -- Up-to-date: /home/robotica/Desktop/Taller2/mi_robot_2/src/install/robot_interfaces/share/robot_interfaces/cmake/rosidl_cmake_export_typesupport_libraries-extras.cmake
[8.371s] -- Up-to-date: /home/robotica/Desktop/Taller2/mi_robot_2/src/install/robot_interfaces/share/robot_interfaces/cmake/robot_interfacesConfig.cmake
[8.371s] -- Up-to-date: /home/robotica/Desktop/Taller2/mi_robot_2/src/install/robot_interfaces/share/robot_interfaces/cmake/robot_interfacesConfig-version.cmake
[8.372s] -- Up-to-date: /home/robotica/Desktop/Taller2/mi_robot_2/src/install/robot_interfaces/share/robot_interfaces/package.xml
[8.389s] Invoked command in '/home/robotica/Desktop/Taller2/mi_robot_2/src/build/robot_interfaces' returned '0': CMAKE_PREFIX_PATH=/opt/ros/humble /usr/bin/cmake --install /home/robotica/Desktop/Taller2/mi_robot_2/src/build/robot_interfaces
