running egg_info
creating ../build/mi_robot_2/mi_robot_2.egg-info
writing ../build/mi_robot_2/mi_robot_2.egg-info/PKG-INFO
writing dependency_links to ../build/mi_robot_2/mi_robot_2.egg-info/dependency_links.txt
writing entry points to ../build/mi_robot_2/mi_robot_2.egg-info/entry_points.txt
writing requirements to ../build/mi_robot_2/mi_robot_2.egg-info/requires.txt
writing top-level names to ../build/mi_robot_2/mi_robot_2.egg-info/top_level.txt
writing manifest file '../build/mi_robot_2/mi_robot_2.egg-info/SOURCES.txt'
reading manifest file '../build/mi_robot_2/mi_robot_2.egg-info/SOURCES.txt'
writing manifest file '../build/mi_robot_2/mi_robot_2.egg-info/SOURCES.txt'
running build
running build_py
creating /home/robotica/mi_robot_2/src/build/mi_robot_2/build
creating /home/robotica/mi_robot_2/src/build/mi_robot_2/build/lib
creating /home/robotica/mi_robot_2/src/build/mi_robot_2/build/lib/mi_robot_2
copying mi_robot_2/__init__.py -> /home/robotica/mi_robot_2/src/build/mi_robot_2/build/lib/mi_robot_2
copying mi_robot_2/robot_teleop.py -> /home/robotica/mi_robot_2/src/build/mi_robot_2/build/lib/mi_robot_2
running install
running install_lib
creating /home/robotica/mi_robot_2/src/install/mi_robot_2/lib/python3.10/site-packages/mi_robot_2
copying /home/robotica/mi_robot_2/src/build/mi_robot_2/build/lib/mi_robot_2/__init__.py -> /home/robotica/mi_robot_2/src/install/mi_robot_2/lib/python3.10/site-packages/mi_robot_2
copying /home/robotica/mi_robot_2/src/build/mi_robot_2/build/lib/mi_robot_2/robot_teleop.py -> /home/robotica/mi_robot_2/src/install/mi_robot_2/lib/python3.10/site-packages/mi_robot_2
byte-compiling /home/robotica/mi_robot_2/src/install/mi_robot_2/lib/python3.10/site-packages/mi_robot_2/__init__.py to __init__.cpython-310.pyc
byte-compiling /home/robotica/mi_robot_2/src/install/mi_robot_2/lib/python3.10/site-packages/mi_robot_2/robot_teleop.py to robot_teleop.cpython-310.pyc
running install_data
creating /home/robotica/mi_robot_2/src/install/mi_robot_2/share/ament_index
creating /home/robotica/mi_robot_2/src/install/mi_robot_2/share/ament_index/resource_index
creating /home/robotica/mi_robot_2/src/install/mi_robot_2/share/ament_index/resource_index/packages
copying resource/mi_robot_2 -> /home/robotica/mi_robot_2/src/install/mi_robot_2/share/ament_index/resource_index/packages
copying package.xml -> /home/robotica/mi_robot_2/src/install/mi_robot_2/share/mi_robot_2
running install_egg_info
Copying ../build/mi_robot_2/mi_robot_2.egg-info to /home/robotica/mi_robot_2/src/install/mi_robot_2/lib/python3.10/site-packages/mi_robot_2-0.0.0-py3.10.egg-info
running install_scripts
Installing robot_teleop script to /home/robotica/mi_robot_2/src/install/mi_robot_2/lib/mi_robot_2
writing list of installed files to '/home/robotica/mi_robot_2/src/build/mi_robot_2/install.log'
